[ 2016-08-09T13:36:55+08:00 ] ::1 /yun/assets/css/amazeui.min.css
INFO: [ app_init ] --START--
INFO: Run Behavior\BuildLiteBehavior [ RunTime:0.000047s ]
INFO: [ app_init ] --END-- [ RunTime:0.000831s ]
ERR: 无法加载模块:Assets

[ 2016-08-09T13:36:55+08:00 ] ::1 /yun/assets/images/logo.png
INFO: [ app_init ] --START--
INFO: Run Behavior\BuildLiteBehavior [ RunTime:0.000095s ]
INFO: [ app_init ] --END-- [ RunTime:0.000841s ]
ERR: 无法加载模块:Assets

[ 2016-08-09T13:36:55+08:00 ] ::1 /yun/assets/images/banner_img.png
INFO: [ app_init ] --START--
INFO: Run Behavior\BuildLiteBehavior [ RunTime:0.000051s ]
INFO: [ app_init ] --END-- [ RunTime:0.000609s ]
ERR: 无法加载模块:Assets

[ 2016-08-09T13:36:55+08:00 ] ::1 /yun/assets/js/amazeui.min.js
INFO: [ app_init ] --START--
INFO: Run Behavior\BuildLiteBehavior [ RunTime:0.000044s ]
INFO: [ app_init ] --END-- [ RunTime:0.000775s ]
ERR: 无法加载模块:Assets

[ 2016-08-09T13:36:55+08:00 ] ::1 /yun/assets/js/jquery.min.js
INFO: [ app_init ] --START--
INFO: Run Behavior\BuildLiteBehavior [ RunTime:0.000081s ]
INFO: [ app_init ] --END-- [ RunTime:0.001899s ]
ERR: 无法加载模块:Assets

[ 2016-08-09T13:36:55+08:00 ] ::1 /yun/assets/js/app.js
INFO: [ app_init ] --START--
INFO: Run Behavior\BuildLiteBehavior [ RunTime:0.000057s ]
INFO: [ app_init ] --END-- [ RunTime:0.000756s ]
ERR: 无法加载模块:Assets

[ 2016-08-09T13:36:55+08:00 ] ::1 /yun/assets/css/app.css
INFO: [ app_init ] --START--
INFO: Run Behavior\BuildLiteBehavior [ RunTime:0.000045s ]
INFO: [ app_init ] --END-- [ RunTime:0.001522s ]
ERR: 无法加载模块:Assets

[ 2016-08-09T13:36:55+08:00 ] ::1 /yun/assets/images/properties-img1.jpg
INFO: [ app_init ] --START--
INFO: Run Behavior\BuildLiteBehavior [ RunTime:0.000047s ]
INFO: [ app_init ] --END-- [ RunTime:0.000726s ]
ERR: 无法加载模块:Assets

[ 2016-08-09T13:36:55+08:00 ] ::1 /yun/assets/images/properties-img2.jpg
INFO: [ app_init ] --START--
INFO: Run Behavior\BuildLiteBehavior [ RunTime:0.000051s ]
INFO: [ app_init ] --END-- [ RunTime:0.000715s ]
ERR: 无法加载模块:Assets

[ 2016-08-09T13:36:55+08:00 ] ::1 /yun/assets/images/intro-img2.png
INFO: [ app_init ] --START--
INFO: Run Behavior\BuildLiteBehavior [ RunTime:0.000041s ]
INFO: [ app_init ] --END-- [ RunTime:0.000591s ]
ERR: 无法加载模块:Assets

[ 2016-08-09T13:36:56+08:00 ] ::1 /yun/assets/images/logo-colorful.png
INFO: [ app_init ] --START--
INFO: Run Behavior\BuildLiteBehavior [ RunTime:0.000043s ]
INFO: [ app_init ] --END-- [ RunTime:0.000703s ]
ERR: 无法加载模块:Assets

[ 2016-08-09T13:36:56+08:00 ] ::1 /yun/assets/images/properties-img3.jpg
INFO: [ app_init ] --START--
INFO: Run Behavior\BuildLiteBehavior [ RunTime:0.000046s ]
INFO: [ app_init ] --END-- [ RunTime:0.000770s ]
ERR: 无法加载模块:Assets

[ 2016-08-09T13:36:56+08:00 ] ::1 /yun/assets/images/properties-img4.jpg
INFO: [ app_init ] --START--
INFO: Run Behavior\BuildLiteBehavior [ RunTime:0.000046s ]
INFO: [ app_init ] --END-- [ RunTime:0.000782s ]
ERR: 无法加载模块:Assets

[ 2016-08-09T13:36:56+08:00 ] ::1 /yun/assets/images/qrcode-weixin.jpg
INFO: [ app_init ] --START--
INFO: Run Behavior\BuildLiteBehavior [ RunTime:0.000040s ]
INFO: [ app_init ] --END-- [ RunTime:0.000617s ]
ERR: 无法加载模块:Assets

[ 2016-08-09T13:36:56+08:00 ] ::1 /yun/assets/images/intro-img1.png
INFO: [ app_init ] --START--
INFO: Run Behavior\BuildLiteBehavior [ RunTime:0.000041s ]
INFO: [ app_init ] --END-- [ RunTime:0.000592s ]
ERR: 无法加载模块:Assets

[ 2016-08-09T13:36:56+08:00 ] ::1 /yun/assets/images/intro-img3.png
INFO: [ app_init ] --START--
INFO: Run Behavior\BuildLiteBehavior [ RunTime:0.000059s ]
INFO: [ app_init ] --END-- [ RunTime:0.001041s ]
ERR: 无法加载模块:Assets

[ 2016-08-09T13:36:56+08:00 ] ::1 /yun/assets/i/favicon.png
INFO: [ app_init ] --START--
INFO: Run Behavior\BuildLiteBehavior [ RunTime:0.000043s ]
INFO: [ app_init ] --END-- [ RunTime:0.000750s ]
ERR: 无法加载模块:Assets

[ 2016-08-09T13:38:43+08:00 ] ::1 /yun/__public__/Home/css/amazeui.min.css
INFO: [ app_init ] --START--
INFO: Run Behavior\BuildLiteBehavior [ RunTime:0.000043s ]
INFO: [ app_init ] --END-- [ RunTime:0.000587s ]
ERR: 无法加载模块:__public__

[ 2016-08-09T13:38:43+08:00 ] ::1 /yun/__public__/Home/images/logo.png
INFO: [ app_init ] --START--
INFO: Run Behavior\BuildLiteBehavior [ RunTime:0.000044s ]
INFO: [ app_init ] --END-- [ RunTime:0.000827s ]
ERR: 无法加载模块:__public__

[ 2016-08-09T13:38:43+08:00 ] ::1 /yun/__public__/Home/css/app.css
INFO: [ app_init ] --START--
INFO: Run Behavior\BuildLiteBehavior [ RunTime:0.000047s ]
INFO: [ app_init ] --END-- [ RunTime:0.000896s ]
ERR: 无法加载模块:__public__

[ 2016-08-09T13:38:43+08:00 ] ::1 /yun/__public__/Home/images/properties-img2.jpg
INFO: [ app_init ] --START--
INFO: Run Behavior\BuildLiteBehavior [ RunTime:0.000043s ]
INFO: [ app_init ] --END-- [ RunTime:0.000907s ]
ERR: 无法加载模块:__public__

[ 2016-08-09T13:38:43+08:00 ] ::1 /yun/__public__/Home/images/banner_img.png
INFO: [ app_init ] --START--
INFO: Run Behavior\BuildLiteBehavior [ RunTime:0.000034s ]
INFO: [ app_init ] --END-- [ RunTime:0.000586s ]
ERR: 无法加载模块:__public__

[ 2016-08-09T13:38:43+08:00 ] ::1 /yun/__public__/Home/images/properties-img1.jpg
INFO: [ app_init ] --START--
INFO: Run Behavior\BuildLiteBehavior [ RunTime:0.000044s ]
INFO: [ app_init ] --END-- [ RunTime:0.000618s ]
ERR: 无法加载模块:__public__

[ 2016-08-09T13:38:43+08:00 ] ::1 /yun/__public__/Home/images/properties-img4.jpg
INFO: [ app_init ] --START--
INFO: Run Behavior\BuildLiteBehavior [ RunTime:0.000047s ]
INFO: [ app_init ] --END-- [ RunTime:0.000651s ]
ERR: 无法加载模块:__public__

[ 2016-08-09T13:38:43+08:00 ] ::1 /yun/__public__/Home/images/intro-img2.png
INFO: [ app_init ] --START--
INFO: Run Behavior\BuildLiteBehavior [ RunTime:0.000041s ]
INFO: [ app_init ] --END-- [ RunTime:0.000531s ]
ERR: 无法加载模块:__public__

[ 2016-08-09T13:38:43+08:00 ] ::1 /yun/__public__/Home/images/intro-img3.png
INFO: [ app_init ] --START--
INFO: Run Behavior\BuildLiteBehavior [ RunTime:0.000039s ]
INFO: [ app_init ] --END-- [ RunTime:0.000590s ]
ERR: 无法加载模块:__public__

[ 2016-08-09T13:38:43+08:00 ] ::1 /yun/__public__/Home/images/intro-img1.png
INFO: [ app_init ] --START--
INFO: Run Behavior\BuildLiteBehavior [ RunTime:0.000054s ]
INFO: [ app_init ] --END-- [ RunTime:0.001274s ]
ERR: 无法加载模块:__public__

[ 2016-08-09T13:38:43+08:00 ] ::1 /yun/__public__/Home/images/properties-img3.jpg
INFO: [ app_init ] --START--
INFO: Run Behavior\BuildLiteBehavior [ RunTime:0.000037s ]
INFO: [ app_init ] --END-- [ RunTime:0.000526s ]
ERR: 无法加载模块:__public__

[ 2016-08-09T13:38:43+08:00 ] ::1 /yun/__public__/Home/js/jquery.min.js
INFO: [ app_init ] --START--
INFO: Run Behavior\BuildLiteBehavior [ RunTime:0.000086s ]
INFO: [ app_init ] --END-- [ RunTime:0.000694s ]
ERR: 无法加载模块:__public__

[ 2016-08-09T13:38:43+08:00 ] ::1 /yun/__public__/Home/images/logo-colorful.png
INFO: [ app_init ] --START--
INFO: Run Behavior\BuildLiteBehavior [ RunTime:0.000039s ]
INFO: [ app_init ] --END-- [ RunTime:0.000765s ]
ERR: 无法加载模块:__public__

[ 2016-08-09T13:38:43+08:00 ] ::1 /yun/__public__/Home/images/qrcode-weixin.jpg
INFO: [ app_init ] --START--
INFO: Run Behavior\BuildLiteBehavior [ RunTime:0.000041s ]
INFO: [ app_init ] --END-- [ RunTime:0.000715s ]
ERR: 无法加载模块:__public__

[ 2016-08-09T13:38:43+08:00 ] ::1 /yun/__public__/Home/js/amazeui.min.js
INFO: [ app_init ] --START--
INFO: Run Behavior\BuildLiteBehavior [ RunTime:0.000049s ]
INFO: [ app_init ] --END-- [ RunTime:0.000927s ]
ERR: 无法加载模块:__public__

[ 2016-08-09T13:38:43+08:00 ] ::1 /yun/__public__/Home/js/app.js
INFO: [ app_init ] --START--
INFO: Run Behavior\BuildLiteBehavior [ RunTime:0.000058s ]
INFO: [ app_init ] --END-- [ RunTime:0.001081s ]
ERR: 无法加载模块:__public__

[ 2016-08-09T13:38:43+08:00 ] ::1 /yun/__public__/Home/images/intro-img2.png
INFO: [ app_init ] --START--
INFO: Run Behavior\BuildLiteBehavior [ RunTime:0.000041s ]
INFO: [ app_init ] --END-- [ RunTime:0.000585s ]
ERR: 无法加载模块:__public__

[ 2016-08-09T13:38:43+08:00 ] ::1 /yun/__public__/Home/images/properties-img4.jpg
INFO: [ app_init ] --START--
INFO: Run Behavior\BuildLiteBehavior [ RunTime:0.000040s ]
INFO: [ app_init ] --END-- [ RunTime:0.001085s ]
ERR: 无法加载模块:__public__

[ 2016-08-09T13:38:43+08:00 ] ::1 /yun/__public__/Home/images/intro-img1.png
INFO: [ app_init ] --START--
INFO: Run Behavior\BuildLiteBehavior [ RunTime:0.000040s ]
INFO: [ app_init ] --END-- [ RunTime:0.000590s ]
ERR: 无法加载模块:__public__

[ 2016-08-09T13:38:43+08:00 ] ::1 /yun/__public__/Home/images/intro-img3.png
INFO: [ app_init ] --START--
INFO: Run Behavior\BuildLiteBehavior [ RunTime:0.000040s ]
INFO: [ app_init ] --END-- [ RunTime:0.000604s ]
ERR: 无法加载模块:__public__

[ 2016-08-09T13:38:43+08:00 ] ::1 /yun/__public__/Home/images/properties-img2.jpg
INFO: [ app_init ] --START--
INFO: Run Behavior\BuildLiteBehavior [ RunTime:0.000037s ]
INFO: [ app_init ] --END-- [ RunTime:0.000496s ]
ERR: 无法加载模块:__public__

[ 2016-08-09T13:38:43+08:00 ] ::1 /yun/__public__/Home/images/properties-img1.jpg
INFO: [ app_init ] --START--
INFO: Run Behavior\BuildLiteBehavior [ RunTime:0.000614s ]
INFO: [ app_init ] --END-- [ RunTime:0.007358s ]
ERR: 无法加载模块:__public__

[ 2016-08-09T13:38:44+08:00 ] ::1 /yun/__public__/Home/i/favicon.png
INFO: [ app_init ] --START--
INFO: Run Behavior\BuildLiteBehavior [ RunTime:0.000051s ]
INFO: [ app_init ] --END-- [ RunTime:0.000865s ]
ERR: 无法加载模块:__public__

[ 2016-08-09T13:38:45+08:00 ] ::1 /yun/__public__/Home/js/app.js
INFO: [ app_init ] --START--
INFO: Run Behavior\BuildLiteBehavior [ RunTime:0.000047s ]
INFO: [ app_init ] --END-- [ RunTime:0.000657s ]
ERR: 无法加载模块:__public__

[ 2016-08-09T13:38:45+08:00 ] ::1 /yun/__public__/Home/images/logo.png
INFO: [ app_init ] --START--
INFO: Run Behavior\BuildLiteBehavior [ RunTime:0.000046s ]
INFO: [ app_init ] --END-- [ RunTime:0.000675s ]
ERR: 无法加载模块:__public__

[ 2016-08-09T13:38:45+08:00 ] ::1 /yun/__public__/Home/js/jquery.min.js
INFO: [ app_init ] --START--
INFO: Run Behavior\BuildLiteBehavior [ RunTime:0.000044s ]
INFO: [ app_init ] --END-- [ RunTime:0.000710s ]
ERR: 无法加载模块:__public__

[ 2016-08-09T13:38:45+08:00 ] ::1 /yun/__public__/Home/images/banner_img.png
INFO: [ app_init ] --START--
INFO: Run Behavior\BuildLiteBehavior [ RunTime:0.000037s ]
INFO: [ app_init ] --END-- [ RunTime:0.000529s ]
ERR: 无法加载模块:__public__

[ 2016-08-09T13:38:45+08:00 ] ::1 /yun/__public__/Home/images/properties-img1.jpg
INFO: [ app_init ] --START--
INFO: Run Behavior\BuildLiteBehavior [ RunTime:0.000052s ]
INFO: [ app_init ] --END-- [ RunTime:0.000705s ]
ERR: 无法加载模块:__public__

[ 2016-08-09T13:38:45+08:00 ] ::1 /yun/__public__/Home/css/app.css
INFO: [ app_init ] --START--
INFO: Run Behavior\BuildLiteBehavior [ RunTime:0.000057s ]
INFO: [ app_init ] --END-- [ RunTime:0.003182s ]
ERR: 无法加载模块:__public__

[ 2016-08-09T13:38:45+08:00 ] ::1 /yun/__public__/Home/css/amazeui.min.css
INFO: [ app_init ] --START--
INFO: Run Behavior\BuildLiteBehavior [ RunTime:0.000045s ]
INFO: [ app_init ] --END-- [ RunTime:0.000793s ]
ERR: 无法加载模块:__public__

[ 2016-08-09T13:38:45+08:00 ] ::1 /yun/__public__/Home/images/properties-img2.jpg
INFO: [ app_init ] --START--
INFO: Run Behavior\BuildLiteBehavior [ RunTime:0.000047s ]
INFO: [ app_init ] --END-- [ RunTime:0.001760s ]
ERR: 无法加载模块:__public__

[ 2016-08-09T13:38:45+08:00 ] ::1 /yun/__public__/Home/images/intro-img1.png
INFO: [ app_init ] --START--
INFO: Run Behavior\BuildLiteBehavior [ RunTime:0.000039s ]
INFO: [ app_init ] --END-- [ RunTime:0.000604s ]
ERR: 无法加载模块:__public__

[ 2016-08-09T13:38:45+08:00 ] ::1 /yun/__public__/Home/images/intro-img3.png
INFO: [ app_init ] --START--
INFO: Run Behavior\BuildLiteBehavior [ RunTime:0.000041s ]
INFO: [ app_init ] --END-- [ RunTime:0.000547s ]
ERR: 无法加载模块:__public__

[ 2016-08-09T13:38:45+08:00 ] ::1 /yun/__public__/Home/images/intro-img2.png
INFO: [ app_init ] --START--
INFO: Run Behavior\BuildLiteBehavior [ RunTime:0.000042s ]
INFO: [ app_init ] --END-- [ RunTime:0.000495s ]
ERR: 无法加载模块:__public__

[ 2016-08-09T13:38:45+08:00 ] ::1 /yun/__public__/Home/images/properties-img4.jpg
INFO: [ app_init ] --START--
INFO: Run Behavior\BuildLiteBehavior [ RunTime:0.000045s ]
INFO: [ app_init ] --END-- [ RunTime:0.004597s ]
ERR: 无法加载模块:__public__

[ 2016-08-09T13:38:45+08:00 ] ::1 /yun/__public__/Home/images/properties-img3.jpg
INFO: [ app_init ] --START--
INFO: Run Behavior\BuildLiteBehavior [ RunTime:0.000045s ]
INFO: [ app_init ] --END-- [ RunTime:0.000714s ]
ERR: 无法加载模块:__public__

[ 2016-08-09T13:38:45+08:00 ] ::1 /yun/__public__/Home/images/qrcode-weixin.jpg
INFO: [ app_init ] --START--
INFO: Run Behavior\BuildLiteBehavior [ RunTime:0.000053s ]
INFO: [ app_init ] --END-- [ RunTime:0.000755s ]
ERR: 无法加载模块:__public__

[ 2016-08-09T13:38:45+08:00 ] ::1 /yun/__public__/Home/images/logo-colorful.png
INFO: [ app_init ] --START--
INFO: Run Behavior\BuildLiteBehavior [ RunTime:0.000095s ]
INFO: [ app_init ] --END-- [ RunTime:0.001355s ]
ERR: 无法加载模块:__public__

[ 2016-08-09T13:38:45+08:00 ] ::1 /yun/__public__/Home/js/amazeui.min.js
INFO: [ app_init ] --START--
INFO: Run Behavior\BuildLiteBehavior [ RunTime:0.000045s ]
INFO: [ app_init ] --END-- [ RunTime:0.003960s ]
ERR: 无法加载模块:__public__

[ 2016-08-09T13:38:46+08:00 ] ::1 /yun/__public__/Home/images/logo.png
INFO: [ app_init ] --START--
INFO: Run Behavior\BuildLiteBehavior [ RunTime:0.000048s ]
INFO: [ app_init ] --END-- [ RunTime:0.000623s ]
ERR: 无法加载模块:__public__

[ 2016-08-09T13:38:46+08:00 ] ::1 /yun/__public__/Home/css/app.css
INFO: [ app_init ] --START--
INFO: Run Behavior\BuildLiteBehavior [ RunTime:0.000045s ]
INFO: [ app_init ] --END-- [ RunTime:0.000898s ]
ERR: 无法加载模块:__public__

[ 2016-08-09T13:38:46+08:00 ] ::1 /yun/__public__/Home/js/app.js
INFO: [ app_init ] --START--
INFO: Run Behavior\BuildLiteBehavior [ RunTime:0.000145s ]
INFO: [ app_init ] --END-- [ RunTime:0.001688s ]
ERR: 无法加载模块:__public__

[ 2016-08-09T13:38:46+08:00 ] ::1 /yun/__public__/Home/js/amazeui.min.js
INFO: [ app_init ] --START--
INFO: Run Behavior\BuildLiteBehavior [ RunTime:0.000058s ]
INFO: [ app_init ] --END-- [ RunTime:0.000960s ]
ERR: 无法加载模块:__public__

[ 2016-08-09T13:38:46+08:00 ] ::1 /yun/__public__/Home/js/jquery.min.js
INFO: [ app_init ] --START--
INFO: Run Behavior\BuildLiteBehavior [ RunTime:0.000044s ]
INFO: [ app_init ] --END-- [ RunTime:0.000687s ]
ERR: 无法加载模块:__public__

[ 2016-08-09T13:38:46+08:00 ] ::1 /yun/__public__/Home/images/banner_img.png
INFO: [ app_init ] --START--
INFO: Run Behavior\BuildLiteBehavior [ RunTime:0.000049s ]
INFO: [ app_init ] --END-- [ RunTime:0.000800s ]
ERR: 无法加载模块:__public__

[ 2016-08-09T13:38:46+08:00 ] ::1 /yun/__public__/Home/css/amazeui.min.css
INFO: [ app_init ] --START--
INFO: Run Behavior\BuildLiteBehavior [ RunTime:0.000040s ]
INFO: [ app_init ] --END-- [ RunTime:0.000854s ]
ERR: 无法加载模块:__public__

[ 2016-08-09T13:38:46+08:00 ] ::1 /yun/__public__/Home/images/properties-img1.jpg
INFO: [ app_init ] --START--
INFO: Run Behavior\BuildLiteBehavior [ RunTime:0.000042s ]
INFO: [ app_init ] --END-- [ RunTime:0.000746s ]
ERR: 无法加载模块:__public__

[ 2016-08-09T13:38:46+08:00 ] ::1 /yun/__public__/Home/images/intro-img1.png
INFO: [ app_init ] --START--
INFO: Run Behavior\BuildLiteBehavior [ RunTime:0.000041s ]
INFO: [ app_init ] --END-- [ RunTime:0.000516s ]
ERR: 无法加载模块:__public__

[ 2016-08-09T13:38:46+08:00 ] ::1 /yun/__public__/Home/images/properties-img4.jpg
INFO: [ app_init ] --START--
INFO: Run Behavior\BuildLiteBehavior [ RunTime:0.000040s ]
INFO: [ app_init ] --END-- [ RunTime:0.000671s ]
ERR: 无法加载模块:__public__

[ 2016-08-09T13:38:46+08:00 ] ::1 /yun/__public__/Home/images/properties-img3.jpg
INFO: [ app_init ] --START--
INFO: Run Behavior\BuildLiteBehavior [ RunTime:0.000052s ]
INFO: [ app_init ] --END-- [ RunTime:0.001108s ]
ERR: 无法加载模块:__public__

[ 2016-08-09T13:38:46+08:00 ] ::1 /yun/__public__/Home/images/intro-img2.png
INFO: [ app_init ] --START--
INFO: Run Behavior\BuildLiteBehavior [ RunTime:0.000045s ]
INFO: [ app_init ] --END-- [ RunTime:0.003482s ]
ERR: 无法加载模块:__public__

[ 2016-08-09T13:38:46+08:00 ] ::1 /yun/__public__/Home/images/logo-colorful.png
INFO: [ app_init ] --START--
INFO: Run Behavior\BuildLiteBehavior [ RunTime:0.000041s ]
INFO: [ app_init ] --END-- [ RunTime:0.000677s ]
ERR: 无法加载模块:__public__

[ 2016-08-09T13:38:46+08:00 ] ::1 /yun/__public__/Home/images/qrcode-weixin.jpg
INFO: [ app_init ] --START--
INFO: Run Behavior\BuildLiteBehavior [ RunTime:0.000039s ]
INFO: [ app_init ] --END-- [ RunTime:0.000504s ]
ERR: 无法加载模块:__public__

[ 2016-08-09T13:38:46+08:00 ] ::1 /yun/__public__/Home/images/intro-img3.png
INFO: [ app_init ] --START--
INFO: Run Behavior\BuildLiteBehavior [ RunTime:0.000043s ]
INFO: [ app_init ] --END-- [ RunTime:0.000791s ]
ERR: 无法加载模块:__public__

[ 2016-08-09T13:38:46+08:00 ] ::1 /yun/__public__/Home/images/properties-img2.jpg
INFO: [ app_init ] --START--
INFO: Run Behavior\BuildLiteBehavior [ RunTime:0.000044s ]
INFO: [ app_init ] --END-- [ RunTime:0.000712s ]
ERR: 无法加载模块:__public__

[ 2016-08-09T13:38:46+08:00 ] ::1 /yun/__public__/Home/css/app.css
INFO: [ app_init ] --START--
INFO: Run Behavior\BuildLiteBehavior [ RunTime:0.000083s ]
INFO: [ app_init ] --END-- [ RunTime:0.000619s ]
ERR: 无法加载模块:__public__

[ 2016-08-09T13:38:46+08:00 ] ::1 /yun/__public__/Home/images/logo.png
INFO: [ app_init ] --START--
INFO: Run Behavior\BuildLiteBehavior [ RunTime:0.000046s ]
INFO: [ app_init ] --END-- [ RunTime:0.000736s ]
ERR: 无法加载模块:__public__

[ 2016-08-09T13:38:46+08:00 ] ::1 /yun/__public__/Home/css/amazeui.min.css
INFO: [ app_init ] --START--
INFO: Run Behavior\BuildLiteBehavior [ RunTime:0.000037s ]
INFO: [ app_init ] --END-- [ RunTime:0.000636s ]
ERR: 无法加载模块:__public__

[ 2016-08-09T13:38:46+08:00 ] ::1 /yun/__public__/Home/images/properties-img1.jpg
INFO: [ app_init ] --START--
INFO: Run Behavior\BuildLiteBehavior [ RunTime:0.000046s ]
INFO: [ app_init ] --END-- [ RunTime:0.004115s ]
ERR: 无法加载模块:__public__

[ 2016-08-09T13:38:46+08:00 ] ::1 /yun/__public__/Home/images/properties-img3.jpg
INFO: [ app_init ] --START--
INFO: Run Behavior\BuildLiteBehavior [ RunTime:0.000038s ]
INFO: [ app_init ] --END-- [ RunTime:0.000547s ]
ERR: 无法加载模块:__public__

[ 2016-08-09T13:38:46+08:00 ] ::1 /yun/__public__/Home/images/properties-img4.jpg
INFO: [ app_init ] --START--
INFO: Run Behavior\BuildLiteBehavior [ RunTime:0.000041s ]
INFO: [ app_init ] --END-- [ RunTime:0.000619s ]
ERR: 无法加载模块:__public__

[ 2016-08-09T13:38:46+08:00 ] ::1 /yun/__public__/Home/images/banner_img.png
INFO: [ app_init ] --START--
INFO: Run Behavior\BuildLiteBehavior [ RunTime:0.000043s ]
INFO: [ app_init ] --END-- [ RunTime:0.000675s ]
ERR: 无法加载模块:__public__

[ 2016-08-09T13:38:46+08:00 ] ::1 /yun/__public__/Home/images/properties-img2.jpg
INFO: [ app_init ] --START--
INFO: Run Behavior\BuildLiteBehavior [ RunTime:0.000048s ]
INFO: [ app_init ] --END-- [ RunTime:0.012139s ]
ERR: 无法加载模块:__public__

[ 2016-08-09T13:38:46+08:00 ] ::1 /yun/__public__/Home/images/intro-img2.png
INFO: [ app_init ] --START--
INFO: Run Behavior\BuildLiteBehavior [ RunTime:0.000056s ]
INFO: [ app_init ] --END-- [ RunTime:0.000886s ]
ERR: 无法加载模块:__public__

[ 2016-08-09T13:38:46+08:00 ] ::1 /yun/__public__/Home/images/qrcode-weixin.jpg
INFO: [ app_init ] --START--
INFO: Run Behavior\BuildLiteBehavior [ RunTime:0.000042s ]
INFO: [ app_init ] --END-- [ RunTime:0.000621s ]
ERR: 无法加载模块:__public__

[ 2016-08-09T13:38:46+08:00 ] ::1 /yun/__public__/Home/js/app.js
INFO: [ app_init ] --START--
INFO: Run Behavior\BuildLiteBehavior [ RunTime:0.000040s ]
INFO: [ app_init ] --END-- [ RunTime:0.000590s ]
ERR: 无法加载模块:__public__

[ 2016-08-09T13:38:46+08:00 ] ::1 /yun/__public__/Home/images/intro-img3.png
INFO: [ app_init ] --START--
INFO: Run Behavior\BuildLiteBehavior [ RunTime:0.000042s ]
INFO: [ app_init ] --END-- [ RunTime:0.000587s ]
ERR: 无法加载模块:__public__

[ 2016-08-09T13:38:46+08:00 ] ::1 /yun/__public__/Home/images/intro-img1.png
INFO: [ app_init ] --START--
INFO: Run Behavior\BuildLiteBehavior [ RunTime:0.000052s ]
INFO: [ app_init ] --END-- [ RunTime:0.001070s ]
ERR: 无法加载模块:__public__

[ 2016-08-09T13:38:46+08:00 ] ::1 /yun/__public__/Home/images/logo-colorful.png
INFO: [ app_init ] --START--
INFO: Run Behavior\BuildLiteBehavior [ RunTime:0.000130s ]
INFO: [ app_init ] --END-- [ RunTime:0.002196s ]
ERR: 无法加载模块:__public__

[ 2016-08-09T13:38:46+08:00 ] ::1 /yun/__public__/Home/images/properties-img4.jpg
INFO: [ app_init ] --START--
INFO: Run Behavior\BuildLiteBehavior [ RunTime:0.000048s ]
INFO: [ app_init ] --END-- [ RunTime:0.000706s ]
ERR: 无法加载模块:__public__

[ 2016-08-09T13:38:46+08:00 ] ::1 /yun/__public__/Home/images/properties-img3.jpg
INFO: [ app_init ] --START--
INFO: Run Behavior\BuildLiteBehavior [ RunTime:0.000046s ]
INFO: [ app_init ] --END-- [ RunTime:0.000760s ]
ERR: 无法加载模块:__public__

[ 2016-08-09T13:38:46+08:00 ] ::1 /yun/__public__/Home/images/intro-img2.png
INFO: [ app_init ] --START--
INFO: Run Behavior\BuildLiteBehavior [ RunTime:0.000044s ]
INFO: [ app_init ] --END-- [ RunTime:0.000798s ]
ERR: 无法加载模块:__public__

[ 2016-08-09T13:38:46+08:00 ] ::1 /yun/__public__/Home/js/jquery.min.js
INFO: [ app_init ] --START--
INFO: Run Behavior\BuildLiteBehavior [ RunTime:0.000046s ]
INFO: [ app_init ] --END-- [ RunTime:0.000758s ]
ERR: 无法加载模块:__public__

[ 2016-08-09T13:38:46+08:00 ] ::1 /yun/__public__/Home/images/properties-img1.jpg
INFO: [ app_init ] --START--
INFO: Run Behavior\BuildLiteBehavior [ RunTime:0.000051s ]
INFO: [ app_init ] --END-- [ RunTime:0.000972s ]
ERR: 无法加载模块:__public__

[ 2016-08-09T13:38:46+08:00 ] ::1 /yun/__public__/Home/js/amazeui.min.js
INFO: [ app_init ] --START--
INFO: Run Behavior\BuildLiteBehavior [ RunTime:0.000046s ]
INFO: [ app_init ] --END-- [ RunTime:0.000758s ]
ERR: 无法加载模块:__public__

[ 2016-08-09T13:40:23+08:00 ] ::1 /yun/__Public__/Home/css/amazeui.min.css
INFO: [ app_init ] --START--
INFO: Run Behavior\BuildLiteBehavior [ RunTime:0.000041s ]
INFO: [ app_init ] --END-- [ RunTime:0.000565s ]
ERR: 无法加载模块:__Public__

[ 2016-08-09T13:40:23+08:00 ] ::1 /yun/__Public__/Home/css/app.css
INFO: [ app_init ] --START--
INFO: Run Behavior\BuildLiteBehavior [ RunTime:0.000046s ]
INFO: [ app_init ] --END-- [ RunTime:0.000795s ]
ERR: 无法加载模块:__Public__

[ 2016-08-09T13:40:23+08:00 ] ::1 /yun/__Public__/Home/js/amazeui.min.js
INFO: [ app_init ] --START--
INFO: Run Behavior\BuildLiteBehavior [ RunTime:0.000040s ]
INFO: [ app_init ] --END-- [ RunTime:0.000503s ]
ERR: 无法加载模块:__Public__

[ 2016-08-09T13:40:23+08:00 ] ::1 /yun/__Public__/Home/images/banner_img.png
INFO: [ app_init ] --START--
INFO: Run Behavior\BuildLiteBehavior [ RunTime:0.000040s ]
INFO: [ app_init ] --END-- [ RunTime:0.000579s ]
ERR: 无法加载模块:__Public__

[ 2016-08-09T13:40:23+08:00 ] ::1 /yun/__Public__/Home/js/app.js
INFO: [ app_init ] --START--
INFO: Run Behavior\BuildLiteBehavior [ RunTime:0.000037s ]
INFO: [ app_init ] --END-- [ RunTime:0.000641s ]
ERR: 无法加载模块:__Public__

[ 2016-08-09T13:40:23+08:00 ] ::1 /yun/__Public__/Home/js/jquery.min.js
INFO: [ app_init ] --START--
INFO: Run Behavior\BuildLiteBehavior [ RunTime:0.000037s ]
INFO: [ app_init ] --END-- [ RunTime:0.000585s ]
ERR: 无法加载模块:__Public__

[ 2016-08-09T13:40:23+08:00 ] ::1 /yun/__Public__/Home/images/logo.png
INFO: [ app_init ] --START--
INFO: Run Behavior\BuildLiteBehavior [ RunTime:0.000193s ]
INFO: [ app_init ] --END-- [ RunTime:0.000975s ]
ERR: 无法加载模块:__Public__

[ 2016-08-09T13:40:23+08:00 ] ::1 /yun/__Public__/Home/images/properties-img4.jpg
INFO: [ app_init ] --START--
INFO: Run Behavior\BuildLiteBehavior [ RunTime:0.000040s ]
INFO: [ app_init ] --END-- [ RunTime:0.000560s ]
ERR: 无法加载模块:__Public__

[ 2016-08-09T13:40:23+08:00 ] ::1 /yun/__Public__/Home/images/properties-img3.jpg
INFO: [ app_init ] --START--
INFO: Run Behavior\BuildLiteBehavior [ RunTime:0.000045s ]
INFO: [ app_init ] --END-- [ RunTime:0.000743s ]
ERR: 无法加载模块:__Public__

[ 2016-08-09T13:40:23+08:00 ] ::1 /yun/__Public__/Home/images/intro-img1.png
INFO: [ app_init ] --START--
INFO: Run Behavior\BuildLiteBehavior [ RunTime:0.000040s ]
INFO: [ app_init ] --END-- [ RunTime:0.000672s ]
ERR: 无法加载模块:__Public__

[ 2016-08-09T13:40:23+08:00 ] ::1 /yun/__Public__/Home/images/intro-img2.png
INFO: [ app_init ] --START--
INFO: Run Behavior\BuildLiteBehavior [ RunTime:0.000041s ]
INFO: [ app_init ] --END-- [ RunTime:0.000645s ]
ERR: 无法加载模块:__Public__

[ 2016-08-09T13:40:23+08:00 ] ::1 /yun/__Public__/Home/images/properties-img1.jpg
INFO: [ app_init ] --START--
INFO: Run Behavior\BuildLiteBehavior [ RunTime:0.000036s ]
INFO: [ app_init ] --END-- [ RunTime:0.000717s ]
ERR: 无法加载模块:__Public__

[ 2016-08-09T13:40:23+08:00 ] ::1 /yun/__Public__/Home/images/intro-img3.png
INFO: [ app_init ] --START--
INFO: Run Behavior\BuildLiteBehavior [ RunTime:0.000048s ]
INFO: [ app_init ] --END-- [ RunTime:0.000790s ]
ERR: 无法加载模块:__Public__

[ 2016-08-09T13:40:23+08:00 ] ::1 /yun/__Public__/Home/images/properties-img2.jpg
INFO: [ app_init ] --START--
INFO: Run Behavior\BuildLiteBehavior [ RunTime:0.000039s ]
INFO: [ app_init ] --END-- [ RunTime:0.000612s ]
ERR: 无法加载模块:__Public__

[ 2016-08-09T13:40:23+08:00 ] ::1 /yun/__Public__/Home/images/logo-colorful.png
INFO: [ app_init ] --START--
INFO: Run Behavior\BuildLiteBehavior [ RunTime:0.000044s ]
INFO: [ app_init ] --END-- [ RunTime:0.000690s ]
ERR: 无法加载模块:__Public__

[ 2016-08-09T13:40:23+08:00 ] ::1 /yun/__Public__/Home/images/qrcode-weixin.jpg
INFO: [ app_init ] --START--
INFO: Run Behavior\BuildLiteBehavior [ RunTime:0.000037s ]
INFO: [ app_init ] --END-- [ RunTime:0.000556s ]
ERR: 无法加载模块:__Public__

[ 2016-08-09T13:40:23+08:00 ] ::1 /yun/__Public__/Home/i/favicon.png
INFO: [ app_init ] --START--
INFO: Run Behavior\BuildLiteBehavior [ RunTime:0.000033s ]
INFO: [ app_init ] --END-- [ RunTime:0.000443s ]
ERR: 无法加载模块:__Public__

[ 2016-08-09T13:40:25+08:00 ] ::1 /yun/__Public__/Home/css/amazeui.min.css
INFO: [ app_init ] --START--
INFO: Run Behavior\BuildLiteBehavior [ RunTime:0.000038s ]
INFO: [ app_init ] --END-- [ RunTime:0.000509s ]
ERR: 无法加载模块:__Public__

[ 2016-08-09T13:40:25+08:00 ] ::1 /yun/__Public__/Home/images/logo.png
INFO: [ app_init ] --START--
INFO: Run Behavior\BuildLiteBehavior [ RunTime:0.000044s ]
INFO: [ app_init ] --END-- [ RunTime:0.000618s ]
ERR: 无法加载模块:__Public__

[ 2016-08-09T13:40:25+08:00 ] ::1 /yun/__Public__/Home/css/app.css
INFO: [ app_init ] --START--
INFO: Run Behavior\BuildLiteBehavior [ RunTime:0.000040s ]
INFO: [ app_init ] --END-- [ RunTime:0.000782s ]
ERR: 无法加载模块:__Public__

[ 2016-08-09T13:40:25+08:00 ] ::1 /yun/__Public__/Home/images/properties-img2.jpg
INFO: [ app_init ] --START--
INFO: Run Behavior\BuildLiteBehavior [ RunTime:0.000043s ]
INFO: [ app_init ] --END-- [ RunTime:0.000599s ]
ERR: 无法加载模块:__Public__

[ 2016-08-09T13:40:25+08:00 ] ::1 /yun/__Public__/Home/images/properties-img3.jpg
INFO: [ app_init ] --START--
INFO: Run Behavior\BuildLiteBehavior [ RunTime:0.000038s ]
INFO: [ app_init ] --END-- [ RunTime:0.000519s ]
ERR: 无法加载模块:__Public__

[ 2016-08-09T13:40:25+08:00 ] ::1 /yun/__Public__/Home/images/properties-img1.jpg
INFO: [ app_init ] --START--
INFO: Run Behavior\BuildLiteBehavior [ RunTime:0.000041s ]
INFO: [ app_init ] --END-- [ RunTime:0.000668s ]
ERR: 无法加载模块:__Public__

[ 2016-08-09T13:40:25+08:00 ] ::1 /yun/__Public__/Home/js/amazeui.min.js
INFO: [ app_init ] --START--
INFO: Run Behavior\BuildLiteBehavior [ RunTime:0.000043s ]
INFO: [ app_init ] --END-- [ RunTime:0.000695s ]
ERR: 无法加载模块:__Public__

[ 2016-08-09T13:40:25+08:00 ] ::1 /yun/__Public__/Home/js/jquery.min.js
INFO: [ app_init ] --START--
INFO: Run Behavior\BuildLiteBehavior [ RunTime:0.000103s ]
INFO: [ app_init ] --END-- [ RunTime:0.001420s ]
ERR: 无法加载模块:__Public__

[ 2016-08-09T13:40:25+08:00 ] ::1 /yun/__Public__/Home/images/properties-img4.jpg
INFO: [ app_init ] --START--
INFO: Run Behavior\BuildLiteBehavior [ RunTime:0.000038s ]
INFO: [ app_init ] --END-- [ RunTime:0.000520s ]
ERR: 无法加载模块:__Public__

[ 2016-08-09T13:40:25+08:00 ] ::1 /yun/__Public__/Home/images/intro-img1.png
INFO: [ app_init ] --START--
INFO: Run Behavior\BuildLiteBehavior [ RunTime:0.000042s ]
INFO: [ app_init ] --END-- [ RunTime:0.001265s ]
ERR: 无法加载模块:__Public__

[ 2016-08-09T13:40:25+08:00 ] ::1 /yun/__Public__/Home/images/intro-img2.png
INFO: [ app_init ] --START--
INFO: Run Behavior\BuildLiteBehavior [ RunTime:0.000047s ]
INFO: [ app_init ] --END-- [ RunTime:0.001231s ]
ERR: 无法加载模块:__Public__

[ 2016-08-09T13:40:25+08:00 ] ::1 /yun/__Public__/Home/images/logo-colorful.png
INFO: [ app_init ] --START--
INFO: Run Behavior\BuildLiteBehavior [ RunTime:0.000038s ]
INFO: [ app_init ] --END-- [ RunTime:0.000518s ]
ERR: 无法加载模块:__Public__

[ 2016-08-09T13:40:25+08:00 ] ::1 /yun/__Public__/Home/js/app.js
INFO: [ app_init ] --START--
INFO: Run Behavior\BuildLiteBehavior [ RunTime:0.000048s ]
INFO: [ app_init ] --END-- [ RunTime:0.000961s ]
ERR: 无法加载模块:__Public__

[ 2016-08-09T13:40:25+08:00 ] ::1 /yun/__Public__/Home/images/qrcode-weixin.jpg
INFO: [ app_init ] --START--
INFO: Run Behavior\BuildLiteBehavior [ RunTime:0.000073s ]
INFO: [ app_init ] --END-- [ RunTime:0.000838s ]
ERR: 无法加载模块:__Public__

[ 2016-08-09T13:40:25+08:00 ] ::1 /yun/__Public__/Home/images/banner_img.png
INFO: [ app_init ] --START--
INFO: Run Behavior\BuildLiteBehavior [ RunTime:0.000043s ]
INFO: [ app_init ] --END-- [ RunTime:0.000765s ]
ERR: 无法加载模块:__Public__

[ 2016-08-09T13:40:25+08:00 ] ::1 /yun/__Public__/Home/images/intro-img3.png
INFO: [ app_init ] --START--
INFO: Run Behavior\BuildLiteBehavior [ RunTime:0.000075s ]
INFO: [ app_init ] --END-- [ RunTime:0.000904s ]
ERR: 无法加载模块:__Public__

[ 2016-08-09T13:40:25+08:00 ] ::1 /yun/__Public__/Home/images/logo.png
INFO: [ app_init ] --START--
INFO: Run Behavior\BuildLiteBehavior [ RunTime:0.000043s ]
INFO: [ app_init ] --END-- [ RunTime:0.000662s ]
ERR: 无法加载模块:__Public__

[ 2016-08-09T13:40:25+08:00 ] ::1 /yun/__Public__/Home/css/amazeui.min.css
INFO: [ app_init ] --START--
INFO: Run Behavior\BuildLiteBehavior [ RunTime:0.000041s ]
INFO: [ app_init ] --END-- [ RunTime:0.000644s ]
ERR: 无法加载模块:__Public__

[ 2016-08-09T13:40:25+08:00 ] ::1 /yun/__Public__/Home/css/app.css
INFO: [ app_init ] --START--
INFO: Run Behavior\BuildLiteBehavior [ RunTime:0.000055s ]
INFO: [ app_init ] --END-- [ RunTime:0.000624s ]
ERR: 无法加载模块:__Public__

[ 2016-08-09T13:40:25+08:00 ] ::1 /yun/__Public__/Home/images/properties-img3.jpg
INFO: [ app_init ] --START--
INFO: Run Behavior\BuildLiteBehavior [ RunTime:0.000044s ]
INFO: [ app_init ] --END-- [ RunTime:0.001094s ]
ERR: 无法加载模块:__Public__

[ 2016-08-09T13:40:25+08:00 ] ::1 /yun/__Public__/Home/images/properties-img4.jpg
INFO: [ app_init ] --START--
INFO: Run Behavior\BuildLiteBehavior [ RunTime:0.000037s ]
INFO: [ app_init ] --END-- [ RunTime:0.000501s ]
ERR: 无法加载模块:__Public__

[ 2016-08-09T13:40:25+08:00 ] ::1 /yun/__Public__/Home/images/properties-img2.jpg
INFO: [ app_init ] --START--
INFO: Run Behavior\BuildLiteBehavior [ RunTime:0.000041s ]
INFO: [ app_init ] --END-- [ RunTime:0.000583s ]
ERR: 无法加载模块:__Public__

[ 2016-08-09T13:40:25+08:00 ] ::1 /yun/__Public__/Home/images/properties-img1.jpg
INFO: [ app_init ] --START--
INFO: Run Behavior\BuildLiteBehavior [ RunTime:0.000122s ]
INFO: [ app_init ] --END-- [ RunTime:0.001267s ]
ERR: 无法加载模块:__Public__

[ 2016-08-09T13:40:25+08:00 ] ::1 /yun/__Public__/Home/images/intro-img2.png
INFO: [ app_init ] --START--
INFO: Run Behavior\BuildLiteBehavior [ RunTime:0.000041s ]
INFO: [ app_init ] --END-- [ RunTime:0.000605s ]
ERR: 无法加载模块:__Public__

[ 2016-08-09T13:40:25+08:00 ] ::1 /yun/__Public__/Home/images/intro-img1.png
INFO: [ app_init ] --START--
INFO: Run Behavior\BuildLiteBehavior [ RunTime:0.000040s ]
INFO: [ app_init ] --END-- [ RunTime:0.000663s ]
ERR: 无法加载模块:__Public__

[ 2016-08-09T13:40:25+08:00 ] ::1 /yun/__Public__/Home/images/logo-colorful.png
INFO: [ app_init ] --START--
INFO: Run Behavior\BuildLiteBehavior [ RunTime:0.000039s ]
INFO: [ app_init ] --END-- [ RunTime:0.000640s ]
ERR: 无法加载模块:__Public__

[ 2016-08-09T13:40:25+08:00 ] ::1 /yun/__Public__/Home/js/amazeui.min.js
INFO: [ app_init ] --START--
INFO: Run Behavior\BuildLiteBehavior [ RunTime:0.000041s ]
INFO: [ app_init ] --END-- [ RunTime:0.000714s ]
ERR: 无法加载模块:__Public__

[ 2016-08-09T13:40:25+08:00 ] ::1 /yun/__Public__/Home/images/banner_img.png
INFO: [ app_init ] --START--
INFO: Run Behavior\BuildLiteBehavior [ RunTime:0.000047s ]
INFO: [ app_init ] --END-- [ RunTime:0.000969s ]
ERR: 无法加载模块:__Public__

[ 2016-08-09T13:40:25+08:00 ] ::1 /yun/__Public__/Home/js/app.js
INFO: [ app_init ] --START--
INFO: Run Behavior\BuildLiteBehavior [ RunTime:0.000043s ]
INFO: [ app_init ] --END-- [ RunTime:0.000659s ]
ERR: 无法加载模块:__Public__

[ 2016-08-09T13:40:25+08:00 ] ::1 /yun/__Public__/Home/images/qrcode-weixin.jpg
INFO: [ app_init ] --START--
INFO: Run Behavior\BuildLiteBehavior [ RunTime:0.000034s ]
INFO: [ app_init ] --END-- [ RunTime:0.000535s ]
ERR: 无法加载模块:__Public__

[ 2016-08-09T13:40:25+08:00 ] ::1 /yun/__Public__/Home/images/properties-img1.jpg
INFO: [ app_init ] --START--
INFO: Run Behavior\BuildLiteBehavior [ RunTime:0.000058s ]
INFO: [ app_init ] --END-- [ RunTime:0.000932s ]
ERR: 无法加载模块:__Public__

[ 2016-08-09T13:40:25+08:00 ] ::1 /yun/__Public__/Home/images/intro-img3.png
INFO: [ app_init ] --START--
INFO: Run Behavior\BuildLiteBehavior [ RunTime:0.000047s ]
INFO: [ app_init ] --END-- [ RunTime:0.035189s ]
ERR: 无法加载模块:__Public__

[ 2016-08-09T13:40:25+08:00 ] ::1 /yun/__Public__/Home/images/properties-img4.jpg
INFO: [ app_init ] --START--
INFO: Run Behavior\BuildLiteBehavior [ RunTime:0.000045s ]
INFO: [ app_init ] --END-- [ RunTime:0.000749s ]
ERR: 无法加载模块:__Public__

[ 2016-08-09T13:40:25+08:00 ] ::1 /yun/__Public__/Home/images/properties-img3.jpg
INFO: [ app_init ] --START--
INFO: Run Behavior\BuildLiteBehavior [ RunTime:0.000042s ]
INFO: [ app_init ] --END-- [ RunTime:0.000651s ]
ERR: 无法加载模块:__Public__

[ 2016-08-09T13:40:25+08:00 ] ::1 /yun/__Public__/Home/images/intro-img2.png
INFO: [ app_init ] --START--
INFO: Run Behavior\BuildLiteBehavior [ RunTime:0.000043s ]
INFO: [ app_init ] --END-- [ RunTime:0.000773s ]
ERR: 无法加载模块:__Public__

[ 2016-08-09T13:40:25+08:00 ] ::1 /yun/__Public__/Home/images/properties-img2.jpg
INFO: [ app_init ] --START--
INFO: Run Behavior\BuildLiteBehavior [ RunTime:0.000037s ]
INFO: [ app_init ] --END-- [ RunTime:0.000609s ]
ERR: 无法加载模块:__Public__

[ 2016-08-09T13:40:25+08:00 ] ::1 /yun/__Public__/Home/js/jquery.min.js
INFO: [ app_init ] --START--
INFO: Run Behavior\BuildLiteBehavior [ RunTime:0.000090s ]
INFO: [ app_init ] --END-- [ RunTime:0.001253s ]
ERR: 无法加载模块:__Public__

[ 2016-08-09T13:40:25+08:00 ] ::1 /yun/__Public__/Home/images/intro-img1.png
INFO: [ app_init ] --START--
INFO: Run Behavior\BuildLiteBehavior [ RunTime:0.000040s ]
INFO: [ app_init ] --END-- [ RunTime:0.000627s ]
ERR: 无法加载模块:__Public__

[ 2016-08-09T13:40:26+08:00 ] ::1 /yun/__Public__/Home/css/amazeui.min.css
INFO: [ app_init ] --START--
INFO: Run Behavior\BuildLiteBehavior [ RunTime:0.000041s ]
INFO: [ app_init ] --END-- [ RunTime:0.000504s ]
ERR: 无法加载模块:__Public__

[ 2016-08-09T13:40:26+08:00 ] ::1 /yun/__Public__/Home/js/amazeui.min.js
INFO: [ app_init ] --START--
INFO: Run Behavior\BuildLiteBehavior [ RunTime:0.000042s ]
INFO: [ app_init ] --END-- [ RunTime:0.000498s ]
ERR: 无法加载模块:__Public__

[ 2016-08-09T13:40:26+08:00 ] ::1 /yun/__Public__/Home/js/jquery.min.js
INFO: [ app_init ] --START--
INFO: Run Behavior\BuildLiteBehavior [ RunTime:0.000041s ]
INFO: [ app_init ] --END-- [ RunTime:0.000573s ]
ERR: 无法加载模块:__Public__

[ 2016-08-09T13:40:26+08:00 ] ::1 /yun/__Public__/Home/js/app.js
INFO: [ app_init ] --START--
INFO: Run Behavior\BuildLiteBehavior [ RunTime:0.000038s ]
INFO: [ app_init ] --END-- [ RunTime:0.000505s ]
ERR: 无法加载模块:__Public__

[ 2016-08-09T13:40:26+08:00 ] ::1 /yun/__Public__/Home/css/app.css
INFO: [ app_init ] --START--
INFO: Run Behavior\BuildLiteBehavior [ RunTime:0.000083s ]
INFO: [ app_init ] --END-- [ RunTime:0.000982s ]
ERR: 无法加载模块:__Public__

[ 2016-08-09T13:40:26+08:00 ] ::1 /yun/__Public__/Home/images/banner_img.png
INFO: [ app_init ] --START--
INFO: Run Behavior\BuildLiteBehavior [ RunTime:0.000040s ]
INFO: [ app_init ] --END-- [ RunTime:0.000511s ]
ERR: 无法加载模块:__Public__

[ 2016-08-09T13:40:26+08:00 ] ::1 /yun/__Public__/Home/images/properties-img1.jpg
INFO: [ app_init ] --START--
INFO: Run Behavior\BuildLiteBehavior [ RunTime:0.000043s ]
INFO: [ app_init ] --END-- [ RunTime:0.000627s ]
ERR: 无法加载模块:__Public__

[ 2016-08-09T13:40:26+08:00 ] ::1 /yun/__Public__/Home/images/properties-img3.jpg
INFO: [ app_init ] --START--
INFO: Run Behavior\BuildLiteBehavior [ RunTime:0.000036s ]
INFO: [ app_init ] --END-- [ RunTime:0.000701s ]
ERR: 无法加载模块:__Public__

[ 2016-08-09T13:40:26+08:00 ] ::1 /yun/__Public__/Home/images/logo.png
INFO: [ app_init ] --START--
INFO: Run Behavior\BuildLiteBehavior [ RunTime:0.000051s ]
INFO: [ app_init ] --END-- [ RunTime:0.001422s ]
ERR: 无法加载模块:__Public__

[ 2016-08-09T13:40:26+08:00 ] ::1 /yun/__Public__/Home/images/properties-img4.jpg
INFO: [ app_init ] --START--
INFO: Run Behavior\BuildLiteBehavior [ RunTime:0.000039s ]
INFO: [ app_init ] --END-- [ RunTime:0.000499s ]
ERR: 无法加载模块:__Public__

[ 2016-08-09T13:40:26+08:00 ] ::1 /yun/__Public__/Home/images/intro-img2.png
INFO: [ app_init ] --START--
INFO: Run Behavior\BuildLiteBehavior [ RunTime:0.000042s ]
INFO: [ app_init ] --END-- [ RunTime:0.000581s ]
ERR: 无法加载模块:__Public__

[ 2016-08-09T13:40:26+08:00 ] ::1 /yun/__Public__/Home/images/intro-img3.png
INFO: [ app_init ] --START--
INFO: Run Behavior\BuildLiteBehavior [ RunTime:0.000175s ]
INFO: [ app_init ] --END-- [ RunTime:0.001591s ]
ERR: 无法加载模块:__Public__

[ 2016-08-09T13:40:26+08:00 ] ::1 /yun/__Public__/Home/images/intro-img1.png
INFO: [ app_init ] --START--
INFO: Run Behavior\BuildLiteBehavior [ RunTime:0.000048s ]
INFO: [ app_init ] --END-- [ RunTime:0.001965s ]
ERR: 无法加载模块:__Public__

[ 2016-08-09T13:40:26+08:00 ] ::1 /yun/__Public__/Home/images/properties-img2.jpg
INFO: [ app_init ] --START--
INFO: Run Behavior\BuildLiteBehavior [ RunTime:0.000042s ]
INFO: [ app_init ] --END-- [ RunTime:0.000715s ]
ERR: 无法加载模块:__Public__

[ 2016-08-09T13:40:26+08:00 ] ::1 /yun/__Public__/Home/images/logo-colorful.png
INFO: [ app_init ] --START--
INFO: Run Behavior\BuildLiteBehavior [ RunTime:0.000050s ]
INFO: [ app_init ] --END-- [ RunTime:0.000759s ]
ERR: 无法加载模块:__Public__

[ 2016-08-09T13:40:26+08:00 ] ::1 /yun/__Public__/Home/images/qrcode-weixin.jpg
INFO: [ app_init ] --START--
INFO: Run Behavior\BuildLiteBehavior [ RunTime:0.000045s ]
INFO: [ app_init ] --END-- [ RunTime:0.000678s ]
ERR: 无法加载模块:__Public__

[ 2016-08-09T13:40:26+08:00 ] ::1 /yun/__Public__/Home/css/amazeui.min.css
INFO: [ app_init ] --START--
INFO: Run Behavior\BuildLiteBehavior [ RunTime:0.000043s ]
INFO: [ app_init ] --END-- [ RunTime:0.000645s ]
ERR: 无法加载模块:__Public__

[ 2016-08-09T13:40:26+08:00 ] ::1 /yun/__Public__/Home/images/logo.png
INFO: [ app_init ] --START--
INFO: Run Behavior\BuildLiteBehavior [ RunTime:0.000041s ]
INFO: [ app_init ] --END-- [ RunTime:0.000696s ]
ERR: 无法加载模块:__Public__

[ 2016-08-09T13:40:26+08:00 ] ::1 /yun/__Public__/Home/js/jquery.min.js
INFO: [ app_init ] --START--
INFO: Run Behavior\BuildLiteBehavior [ RunTime:0.000043s ]
INFO: [ app_init ] --END-- [ RunTime:0.000720s ]
ERR: 无法加载模块:__Public__

[ 2016-08-09T13:40:26+08:00 ] ::1 /yun/__Public__/Home/js/app.js
INFO: [ app_init ] --START--
INFO: Run Behavior\BuildLiteBehavior [ RunTime:0.000044s ]
INFO: [ app_init ] --END-- [ RunTime:0.000813s ]
ERR: 无法加载模块:__Public__

[ 2016-08-09T13:40:26+08:00 ] ::1 /yun/__Public__/Home/css/app.css
INFO: [ app_init ] --START--
INFO: Run Behavior\BuildLiteBehavior [ RunTime:0.000038s ]
INFO: [ app_init ] --END-- [ RunTime:0.000506s ]
ERR: 无法加载模块:__Public__

[ 2016-08-09T13:40:26+08:00 ] ::1 /yun/__Public__/Home/images/banner_img.png
INFO: [ app_init ] --START--
INFO: Run Behavior\BuildLiteBehavior [ RunTime:0.000040s ]
INFO: [ app_init ] --END-- [ RunTime:0.000654s ]
ERR: 无法加载模块:__Public__

[ 2016-08-09T13:40:26+08:00 ] ::1 /yun/__Public__/Home/images/properties-img1.jpg
INFO: [ app_init ] --START--
INFO: Run Behavior\BuildLiteBehavior [ RunTime:0.000040s ]
INFO: [ app_init ] --END-- [ RunTime:0.000519s ]
ERR: 无法加载模块:__Public__

[ 2016-08-09T13:40:26+08:00 ] ::1 /yun/__Public__/Home/images/properties-img3.jpg
INFO: [ app_init ] --START--
INFO: Run Behavior\BuildLiteBehavior [ RunTime:0.000046s ]
INFO: [ app_init ] --END-- [ RunTime:0.001098s ]
ERR: 无法加载模块:__Public__

[ 2016-08-09T13:40:26+08:00 ] ::1 /yun/__Public__/Home/images/intro-img1.png
INFO: [ app_init ] --START--
INFO: Run Behavior\BuildLiteBehavior [ RunTime:0.000036s ]
INFO: [ app_init ] --END-- [ RunTime:0.000590s ]
ERR: 无法加载模块:__Public__

[ 2016-08-09T13:40:26+08:00 ] ::1 /yun/__Public__/Home/images/properties-img4.jpg
INFO: [ app_init ] --START--
INFO: Run Behavior\BuildLiteBehavior [ RunTime:0.000040s ]
INFO: [ app_init ] --END-- [ RunTime:0.000579s ]
ERR: 无法加载模块:__Public__

[ 2016-08-09T13:40:26+08:00 ] ::1 /yun/__Public__/Home/images/logo-colorful.png
INFO: [ app_init ] --START--
INFO: Run Behavior\BuildLiteBehavior [ RunTime:0.000039s ]
INFO: [ app_init ] --END-- [ RunTime:0.000526s ]
ERR: 无法加载模块:__Public__

[ 2016-08-09T13:40:26+08:00 ] ::1 /yun/__Public__/Home/images/intro-img3.png
INFO: [ app_init ] --START--
INFO: Run Behavior\BuildLiteBehavior [ RunTime:0.000042s ]
INFO: [ app_init ] --END-- [ RunTime:0.000591s ]
ERR: 无法加载模块:__Public__

[ 2016-08-09T13:40:26+08:00 ] ::1 /yun/__Public__/Home/js/amazeui.min.js
INFO: [ app_init ] --START--
INFO: Run Behavior\BuildLiteBehavior [ RunTime:0.000038s ]
INFO: [ app_init ] --END-- [ RunTime:0.000548s ]
ERR: 无法加载模块:__Public__

[ 2016-08-09T13:40:26+08:00 ] ::1 /yun/__Public__/Home/images/intro-img2.png
INFO: [ app_init ] --START--
INFO: Run Behavior\BuildLiteBehavior [ RunTime:0.000046s ]
INFO: [ app_init ] --END-- [ RunTime:0.000890s ]
ERR: 无法加载模块:__Public__

[ 2016-08-09T13:40:26+08:00 ] ::1 /yun/__Public__/Home/images/qrcode-weixin.jpg
INFO: [ app_init ] --START--
INFO: Run Behavior\BuildLiteBehavior [ RunTime:0.000040s ]
INFO: [ app_init ] --END-- [ RunTime:0.000635s ]
ERR: 无法加载模块:__Public__

[ 2016-08-09T13:40:26+08:00 ] ::1 /yun/__Public__/Home/images/properties-img2.jpg
INFO: [ app_init ] --START--
INFO: Run Behavior\BuildLiteBehavior [ RunTime:0.000039s ]
INFO: [ app_init ] --END-- [ RunTime:0.000575s ]
ERR: 无法加载模块:__Public__

[ 2016-08-09T13:40:27+08:00 ] ::1 /yun/__Public__/Home/css/amazeui.min.css
INFO: [ app_init ] --START--
INFO: Run Behavior\BuildLiteBehavior [ RunTime:0.000040s ]
INFO: [ app_init ] --END-- [ RunTime:0.000597s ]
ERR: 无法加载模块:__Public__

[ 2016-08-09T13:40:27+08:00 ] ::1 /yun/__Public__/Home/images/logo.png
INFO: [ app_init ] --START--
INFO: Run Behavior\BuildLiteBehavior [ RunTime:0.000042s ]
INFO: [ app_init ] --END-- [ RunTime:0.000555s ]
ERR: 无法加载模块:__Public__

[ 2016-08-09T13:40:27+08:00 ] ::1 /yun/__Public__/Home/js/jquery.min.js
INFO: [ app_init ] --START--
INFO: Run Behavior\BuildLiteBehavior [ RunTime:0.000041s ]
INFO: [ app_init ] --END-- [ RunTime:0.000515s ]
ERR: 无法加载模块:__Public__

[ 2016-08-09T13:40:27+08:00 ] ::1 /yun/__Public__/Home/js/amazeui.min.js
INFO: [ app_init ] --START--
INFO: Run Behavior\BuildLiteBehavior [ RunTime:0.000048s ]
INFO: [ app_init ] --END-- [ RunTime:0.002784s ]
ERR: 无法加载模块:__Public__

[ 2016-08-09T13:40:27+08:00 ] ::1 /yun/__Public__/Home/images/banner_img.png
INFO: [ app_init ] --START--
INFO: Run Behavior\BuildLiteBehavior [ RunTime:0.000045s ]
INFO: [ app_init ] --END-- [ RunTime:0.000710s ]
ERR: 无法加载模块:__Public__

[ 2016-08-09T13:40:27+08:00 ] ::1 /yun/__Public__/Home/js/app.js
INFO: [ app_init ] --START--
INFO: Run Behavior\BuildLiteBehavior [ RunTime:0.000046s ]
INFO: [ app_init ] --END-- [ RunTime:0.000793s ]
ERR: 无法加载模块:__Public__

[ 2016-08-09T13:40:27+08:00 ] ::1 /yun/__Public__/Home/css/app.css
INFO: [ app_init ] --START--
INFO: Run Behavior\BuildLiteBehavior [ RunTime:0.000107s ]
INFO: [ app_init ] --END-- [ RunTime:0.001410s ]
ERR: 无法加载模块:__Public__

[ 2016-08-09T13:40:27+08:00 ] ::1 /yun/__Public__/Home/images/properties-img1.jpg
INFO: [ app_init ] --START--
INFO: Run Behavior\BuildLiteBehavior [ RunTime:0.000048s ]
INFO: [ app_init ] --END-- [ RunTime:0.000788s ]
ERR: 无法加载模块:__Public__

[ 2016-08-09T13:40:27+08:00 ] ::1 /yun/__Public__/Home/images/properties-img3.jpg
INFO: [ app_init ] --START--
INFO: Run Behavior\BuildLiteBehavior [ RunTime:0.000039s ]
INFO: [ app_init ] --END-- [ RunTime:0.000511s ]
ERR: 无法加载模块:__Public__

[ 2016-08-09T13:40:27+08:00 ] ::1 /yun/__Public__/Home/images/intro-img1.png
INFO: [ app_init ] --START--
INFO: Run Behavior\BuildLiteBehavior [ RunTime:0.000039s ]
INFO: [ app_init ] --END-- [ RunTime:0.000532s ]
ERR: 无法加载模块:__Public__

[ 2016-08-09T13:40:27+08:00 ] ::1 /yun/__Public__/Home/images/intro-img2.png
INFO: [ app_init ] --START--
INFO: Run Behavior\BuildLiteBehavior [ RunTime:0.000044s ]
INFO: [ app_init ] --END-- [ RunTime:0.001080s ]
ERR: 无法加载模块:__Public__

[ 2016-08-09T13:40:27+08:00 ] ::1 /yun/__Public__/Home/images/intro-img3.png
INFO: [ app_init ] --START--
INFO: Run Behavior\BuildLiteBehavior [ RunTime:0.000039s ]
INFO: [ app_init ] --END-- [ RunTime:0.000503s ]
ERR: 无法加载模块:__Public__

[ 2016-08-09T13:40:27+08:00 ] ::1 /yun/__Public__/Home/images/properties-img4.jpg
INFO: [ app_init ] --START--
INFO: Run Behavior\BuildLiteBehavior [ RunTime:0.000040s ]
INFO: [ app_init ] --END-- [ RunTime:0.000577s ]
ERR: 无法加载模块:__Public__

[ 2016-08-09T13:40:27+08:00 ] ::1 /yun/__Public__/Home/images/logo-colorful.png
INFO: [ app_init ] --START--
INFO: Run Behavior\BuildLiteBehavior [ RunTime:0.000055s ]
INFO: [ app_init ] --END-- [ RunTime:0.001382s ]
ERR: 无法加载模块:__Public__

[ 2016-08-09T13:40:27+08:00 ] ::1 /yun/__Public__/Home/images/qrcode-weixin.jpg
INFO: [ app_init ] --START--
INFO: Run Behavior\BuildLiteBehavior [ RunTime:0.000045s ]
INFO: [ app_init ] --END-- [ RunTime:0.000891s ]
ERR: 无法加载模块:__Public__

[ 2016-08-09T13:40:27+08:00 ] ::1 /yun/__Public__/Home/images/properties-img2.jpg
INFO: [ app_init ] --START--
INFO: Run Behavior\BuildLiteBehavior [ RunTime:0.000046s ]
INFO: [ app_init ] --END-- [ RunTime:0.000951s ]
ERR: 无法加载模块:__Public__

[ 2016-08-09T13:40:27+08:00 ] ::1 /yun/__Public__/Home/css/app.css
INFO: [ app_init ] --START--
INFO: Run Behavior\BuildLiteBehavior [ RunTime:0.000039s ]
INFO: [ app_init ] --END-- [ RunTime:0.000542s ]
ERR: 无法加载模块:__Public__

[ 2016-08-09T13:40:27+08:00 ] ::1 /yun/__Public__/Home/images/logo.png
INFO: [ app_init ] --START--
INFO: Run Behavior\BuildLiteBehavior [ RunTime:0.000044s ]
INFO: [ app_init ] --END-- [ RunTime:0.001023s ]
ERR: 无法加载模块:__Public__

[ 2016-08-09T13:40:27+08:00 ] ::1 /yun/__Public__/Home/js/jquery.min.js
INFO: [ app_init ] --START--
INFO: Run Behavior\BuildLiteBehavior [ RunTime:0.000042s ]
INFO: [ app_init ] --END-- [ RunTime:0.000589s ]
ERR: 无法加载模块:__Public__

[ 2016-08-09T13:40:27+08:00 ] ::1 /yun/__Public__/Home/js/amazeui.min.js
INFO: [ app_init ] --START--
INFO: Run Behavior\BuildLiteBehavior [ RunTime:0.000039s ]
INFO: [ app_init ] --END-- [ RunTime:0.000516s ]
ERR: 无法加载模块:__Public__

[ 2016-08-09T13:40:27+08:00 ] ::1 /yun/__Public__/Home/images/banner_img.png
INFO: [ app_init ] --START--
INFO: Run Behavior\BuildLiteBehavior [ RunTime:0.000048s ]
INFO: [ app_init ] --END-- [ RunTime:0.000842s ]
ERR: 无法加载模块:__Public__

[ 2016-08-09T13:40:27+08:00 ] ::1 /yun/__Public__/Home/js/app.js
INFO: [ app_init ] --START--
INFO: Run Behavior\BuildLiteBehavior [ RunTime:0.000039s ]
INFO: [ app_init ] --END-- [ RunTime:0.000727s ]
ERR: 无法加载模块:__Public__

[ 2016-08-09T13:40:27+08:00 ] ::1 /yun/__Public__/Home/css/amazeui.min.css
INFO: [ app_init ] --START--
INFO: Run Behavior\BuildLiteBehavior [ RunTime:0.000116s ]
INFO: [ app_init ] --END-- [ RunTime:0.000850s ]
ERR: 无法加载模块:__Public__

[ 2016-08-09T13:40:27+08:00 ] ::1 /yun/__Public__/Home/images/properties-img1.jpg
INFO: [ app_init ] --START--
INFO: Run Behavior\BuildLiteBehavior [ RunTime:0.000041s ]
INFO: [ app_init ] --END-- [ RunTime:0.000580s ]
ERR: 无法加载模块:__Public__

[ 2016-08-09T13:40:27+08:00 ] ::1 /yun/__Public__/Home/images/properties-img4.jpg
INFO: [ app_init ] --START--
INFO: Run Behavior\BuildLiteBehavior [ RunTime:0.000046s ]
INFO: [ app_init ] --END-- [ RunTime:0.000890s ]
ERR: 无法加载模块:__Public__

[ 2016-08-09T13:40:27+08:00 ] ::1 /yun/__Public__/Home/images/intro-img1.png
INFO: [ app_init ] --START--
INFO: Run Behavior\BuildLiteBehavior [ RunTime:0.000043s ]
INFO: [ app_init ] --END-- [ RunTime:0.000608s ]
ERR: 无法加载模块:__Public__

[ 2016-08-09T13:40:27+08:00 ] ::1 /yun/__Public__/Home/images/intro-img2.png
INFO: [ app_init ] --START--
INFO: Run Behavior\BuildLiteBehavior [ RunTime:0.000041s ]
INFO: [ app_init ] --END-- [ RunTime:0.000590s ]
ERR: 无法加载模块:__Public__

[ 2016-08-09T13:40:27+08:00 ] ::1 /yun/__Public__/Home/images/properties-img3.jpg
INFO: [ app_init ] --START--
INFO: Run Behavior\BuildLiteBehavior [ RunTime:0.000049s ]
INFO: [ app_init ] --END-- [ RunTime:0.001691s ]
ERR: 无法加载模块:__Public__

[ 2016-08-09T13:40:27+08:00 ] ::1 /yun/__Public__/Home/images/intro-img3.png
INFO: [ app_init ] --START--
INFO: Run Behavior\BuildLiteBehavior [ RunTime:0.000040s ]
INFO: [ app_init ] --END-- [ RunTime:0.000510s ]
ERR: 无法加载模块:__Public__

[ 2016-08-09T13:40:27+08:00 ] ::1 /yun/__Public__/Home/images/qrcode-weixin.jpg
INFO: [ app_init ] --START--
INFO: Run Behavior\BuildLiteBehavior [ RunTime:0.000036s ]
INFO: [ app_init ] --END-- [ RunTime:0.000473s ]
ERR: 无法加载模块:__Public__

[ 2016-08-09T13:40:27+08:00 ] ::1 /yun/__Public__/Home/images/logo-colorful.png
INFO: [ app_init ] --START--
INFO: Run Behavior\BuildLiteBehavior [ RunTime:0.000039s ]
INFO: [ app_init ] --END-- [ RunTime:0.000499s ]
ERR: 无法加载模块:__Public__

[ 2016-08-09T13:40:27+08:00 ] ::1 /yun/__Public__/Home/images/properties-img2.jpg
INFO: [ app_init ] --START--
INFO: Run Behavior\BuildLiteBehavior [ RunTime:0.000045s ]
INFO: [ app_init ] --END-- [ RunTime:0.000972s ]
ERR: 无法加载模块:__Public__

[ 2016-08-09T13:40:45+08:00 ] ::1 /yun/__Public__/Home/css/app.css
INFO: [ app_init ] --START--
INFO: Run Behavior\BuildLiteBehavior [ RunTime:0.000036s ]
INFO: [ app_init ] --END-- [ RunTime:0.000557s ]
ERR: 无法加载模块:__Public__

[ 2016-08-09T13:40:45+08:00 ] ::1 /yun/__Public__/Home/css/amazeui.min.css
INFO: [ app_init ] --START--
INFO: Run Behavior\BuildLiteBehavior [ RunTime:0.000036s ]
INFO: [ app_init ] --END-- [ RunTime:0.000588s ]
ERR: 无法加载模块:__Public__

[ 2016-08-09T13:46:36+08:00 ] ::1 /yun/__Public__/Home/css/amazeui.min.css
INFO: [ app_init ] --START--
INFO: Run Behavior\BuildLiteBehavior [ RunTime:0.000046s ]
INFO: [ app_init ] --END-- [ RunTime:0.000820s ]
ERR: 无法加载模块:__Public__

[ 2016-08-09T13:46:36+08:00 ] ::1 /yun/__Public__/Home/js/jquery.min.js
INFO: [ app_init ] --START--
INFO: Run Behavior\BuildLiteBehavior [ RunTime:0.000047s ]
INFO: [ app_init ] --END-- [ RunTime:0.000851s ]
ERR: 无法加载模块:__Public__

[ 2016-08-09T13:46:36+08:00 ] ::1 /yun/__Public__/Home/images/logo.png
INFO: [ app_init ] --START--
INFO: Run Behavior\BuildLiteBehavior [ RunTime:0.000043s ]
INFO: [ app_init ] --END-- [ RunTime:0.000623s ]
ERR: 无法加载模块:__Public__

[ 2016-08-09T13:46:36+08:00 ] ::1 /yun/__Public__/Home/css/app.css
INFO: [ app_init ] --START--
INFO: Run Behavior\BuildLiteBehavior [ RunTime:0.000042s ]
INFO: [ app_init ] --END-- [ RunTime:0.001124s ]
ERR: 无法加载模块:__Public__

[ 2016-08-09T13:46:36+08:00 ] ::1 /yun/__Public__/Home/js/amazeui.min.js
INFO: [ app_init ] --START--
INFO: Run Behavior\BuildLiteBehavior [ RunTime:0.000050s ]
INFO: [ app_init ] --END-- [ RunTime:0.000767s ]
ERR: 无法加载模块:__Public__

[ 2016-08-09T13:46:36+08:00 ] ::1 /yun/__Public__/Home/images/properties-img1.jpg
INFO: [ app_init ] --START--
INFO: Run Behavior\BuildLiteBehavior [ RunTime:0.000039s ]
INFO: [ app_init ] --END-- [ RunTime:0.000536s ]
ERR: 无法加载模块:__Public__

[ 2016-08-09T13:46:36+08:00 ] ::1 /yun/__Public__/Home/images/properties-img2.jpg
INFO: [ app_init ] --START--
INFO: Run Behavior\BuildLiteBehavior [ RunTime:0.000042s ]
INFO: [ app_init ] --END-- [ RunTime:0.000608s ]
ERR: 无法加载模块:__Public__

[ 2016-08-09T13:46:36+08:00 ] ::1 /yun/__Public__/Home/images/banner_img.png
INFO: [ app_init ] --START--
INFO: Run Behavior\BuildLiteBehavior [ RunTime:0.000052s ]
INFO: [ app_init ] --END-- [ RunTime:0.003827s ]
ERR: 无法加载模块:__Public__

[ 2016-08-09T13:46:36+08:00 ] ::1 /yun/__Public__/Home/images/properties-img3.jpg
INFO: [ app_init ] --START--
INFO: Run Behavior\BuildLiteBehavior [ RunTime:0.000055s ]
INFO: [ app_init ] --END-- [ RunTime:0.000632s ]
ERR: 无法加载模块:__Public__

[ 2016-08-09T13:46:36+08:00 ] ::1 /yun/__Public__/Home/images/intro-img1.png
INFO: [ app_init ] --START--
INFO: Run Behavior\BuildLiteBehavior [ RunTime:0.000042s ]
INFO: [ app_init ] --END-- [ RunTime:0.000699s ]
ERR: 无法加载模块:__Public__

[ 2016-08-09T13:46:36+08:00 ] ::1 /yun/__Public__/Home/images/properties-img4.jpg
INFO: [ app_init ] --START--
INFO: Run Behavior\BuildLiteBehavior [ RunTime:0.000049s ]
INFO: [ app_init ] --END-- [ RunTime:0.001053s ]
ERR: 无法加载模块:__Public__

[ 2016-08-09T13:46:36+08:00 ] ::1 /yun/__Public__/Home/images/logo-colorful.png
INFO: [ app_init ] --START--
INFO: Run Behavior\BuildLiteBehavior [ RunTime:0.000043s ]
INFO: [ app_init ] --END-- [ RunTime:0.000595s ]
ERR: 无法加载模块:__Public__

[ 2016-08-09T13:46:36+08:00 ] ::1 /yun/__Public__/Home/images/qrcode-weixin.jpg
INFO: [ app_init ] --START--
INFO: Run Behavior\BuildLiteBehavior [ RunTime:0.000041s ]
INFO: [ app_init ] --END-- [ RunTime:0.000589s ]
ERR: 无法加载模块:__Public__

[ 2016-08-09T13:46:36+08:00 ] ::1 /yun/__Public__/Home/images/intro-img2.png
INFO: [ app_init ] --START--
INFO: Run Behavior\BuildLiteBehavior [ RunTime:0.000047s ]
INFO: [ app_init ] --END-- [ RunTime:0.000708s ]
ERR: 无法加载模块:__Public__

[ 2016-08-09T13:46:36+08:00 ] ::1 /yun/__Public__/Home/images/intro-img3.png
INFO: [ app_init ] --START--
INFO: Run Behavior\BuildLiteBehavior [ RunTime:0.000038s ]
INFO: [ app_init ] --END-- [ RunTime:0.000535s ]
ERR: 无法加载模块:__Public__

[ 2016-08-09T13:46:36+08:00 ] ::1 /yun/__Public__/Home/js/app.js
INFO: [ app_init ] --START--
INFO: Run Behavior\BuildLiteBehavior [ RunTime:0.000048s ]
INFO: [ app_init ] --END-- [ RunTime:0.000971s ]
ERR: 无法加载模块:__Public__

[ 2016-08-09T13:46:42+08:00 ] ::1 /yun/__Public__/Home/css/amazeui.min.css
INFO: [ app_init ] --START--
INFO: Run Behavior\BuildLiteBehavior [ RunTime:0.000044s ]
INFO: [ app_init ] --END-- [ RunTime:0.000863s ]
ERR: 无法加载模块:__Public__

[ 2016-08-09T13:46:42+08:00 ] ::1 /yun/__Public__/Home/js/jquery.min.js
INFO: [ app_init ] --START--
INFO: Run Behavior\BuildLiteBehavior [ RunTime:0.000050s ]
INFO: [ app_init ] --END-- [ RunTime:0.000712s ]
ERR: 无法加载模块:__Public__

[ 2016-08-09T13:46:42+08:00 ] ::1 /yun/__Public__/Home/js/amazeui.min.js
INFO: [ app_init ] --START--
INFO: Run Behavior\BuildLiteBehavior [ RunTime:0.000050s ]
INFO: [ app_init ] --END-- [ RunTime:0.000982s ]
ERR: 无法加载模块:__Public__

[ 2016-08-09T13:46:42+08:00 ] ::1 /yun/__Public__/Home/js/app.js
INFO: [ app_init ] --START--
INFO: Run Behavior\BuildLiteBehavior [ RunTime:0.000063s ]
INFO: [ app_init ] --END-- [ RunTime:0.000964s ]
ERR: 无法加载模块:__Public__

[ 2016-08-09T13:46:42+08:00 ] ::1 /yun/__Public__/Home/css/app.css
INFO: [ app_init ] --START--
INFO: Run Behavior\BuildLiteBehavior [ RunTime:0.000043s ]
INFO: [ app_init ] --END-- [ RunTime:0.000663s ]
ERR: 无法加载模块:__Public__

[ 2016-08-09T13:46:42+08:00 ] ::1 /yun/__Public__/Home/images/logo.png
INFO: [ app_init ] --START--
INFO: Run Behavior\BuildLiteBehavior [ RunTime:0.000040s ]
INFO: [ app_init ] --END-- [ RunTime:0.000592s ]
ERR: 无法加载模块:__Public__

[ 2016-08-09T13:46:42+08:00 ] ::1 /yun/__Public__/Home/images/properties-img2.jpg
INFO: [ app_init ] --START--
INFO: Run Behavior\BuildLiteBehavior [ RunTime:0.000042s ]
INFO: [ app_init ] --END-- [ RunTime:0.000668s ]
ERR: 无法加载模块:__Public__

[ 2016-08-09T13:46:42+08:00 ] ::1 /yun/__Public__/Home/images/properties-img4.jpg
INFO: [ app_init ] --START--
INFO: Run Behavior\BuildLiteBehavior [ RunTime:0.000040s ]
INFO: [ app_init ] --END-- [ RunTime:0.000573s ]
ERR: 无法加载模块:__Public__

[ 2016-08-09T13:46:42+08:00 ] ::1 /yun/__Public__/Home/images/banner_img.png
INFO: [ app_init ] --START--
INFO: Run Behavior\BuildLiteBehavior [ RunTime:0.000045s ]
INFO: [ app_init ] --END-- [ RunTime:0.002099s ]
ERR: 无法加载模块:__Public__

[ 2016-08-09T13:46:42+08:00 ] ::1 /yun/__Public__/Home/images/properties-img3.jpg
INFO: [ app_init ] --START--
INFO: Run Behavior\BuildLiteBehavior [ RunTime:0.000041s ]
INFO: [ app_init ] --END-- [ RunTime:0.000800s ]
ERR: 无法加载模块:__Public__

[ 2016-08-09T13:46:42+08:00 ] ::1 /yun/__Public__/Home/images/properties-img1.jpg
INFO: [ app_init ] --START--
INFO: Run Behavior\BuildLiteBehavior [ RunTime:0.000039s ]
INFO: [ app_init ] --END-- [ RunTime:0.000610s ]
ERR: 无法加载模块:__Public__

[ 2016-08-09T13:46:42+08:00 ] ::1 /yun/__Public__/Home/images/intro-img1.png
INFO: [ app_init ] --START--
INFO: Run Behavior\BuildLiteBehavior [ RunTime:0.000062s ]
INFO: [ app_init ] --END-- [ RunTime:0.006865s ]
ERR: 无法加载模块:__Public__

[ 2016-08-09T13:46:42+08:00 ] ::1 /yun/__Public__/Home/images/intro-img2.png
INFO: [ app_init ] --START--
INFO: Run Behavior\BuildLiteBehavior [ RunTime:0.000047s ]
INFO: [ app_init ] --END-- [ RunTime:0.003725s ]
ERR: 无法加载模块:__Public__

[ 2016-08-09T13:46:42+08:00 ] ::1 /yun/__Public__/Home/images/qrcode-weixin.jpg
INFO: [ app_init ] --START--
INFO: Run Behavior\BuildLiteBehavior [ RunTime:0.000047s ]
INFO: [ app_init ] --END-- [ RunTime:0.000600s ]
ERR: 无法加载模块:__Public__

[ 2016-08-09T13:46:42+08:00 ] ::1 /yun/__Public__/Home/images/intro-img3.png
INFO: [ app_init ] --START--
INFO: Run Behavior\BuildLiteBehavior [ RunTime:0.000042s ]
INFO: [ app_init ] --END-- [ RunTime:0.004693s ]
ERR: 无法加载模块:__Public__

[ 2016-08-09T13:46:42+08:00 ] ::1 /yun/__Public__/Home/images/logo-colorful.png
INFO: [ app_init ] --START--
INFO: Run Behavior\BuildLiteBehavior [ RunTime:0.000044s ]
INFO: [ app_init ] --END-- [ RunTime:0.000945s ]
ERR: 无法加载模块:__Public__

[ 2016-08-09T13:46:43+08:00 ] ::1 /yun/__Public__/Home/images/logo.png
INFO: [ app_init ] --START--
INFO: Run Behavior\BuildLiteBehavior [ RunTime:0.000041s ]
INFO: [ app_init ] --END-- [ RunTime:0.000545s ]
ERR: 无法加载模块:__Public__

[ 2016-08-09T13:46:43+08:00 ] ::1 /yun/__Public__/Home/css/amazeui.min.css
INFO: [ app_init ] --START--
INFO: Run Behavior\BuildLiteBehavior [ RunTime:0.000036s ]
INFO: [ app_init ] --END-- [ RunTime:0.000573s ]
ERR: 无法加载模块:__Public__

[ 2016-08-09T13:46:43+08:00 ] ::1 /yun/__Public__/Home/css/app.css
INFO: [ app_init ] --START--
INFO: Run Behavior\BuildLiteBehavior [ RunTime:0.000045s ]
INFO: [ app_init ] --END-- [ RunTime:0.000801s ]
ERR: 无法加载模块:__Public__

[ 2016-08-09T13:46:43+08:00 ] ::1 /yun/__Public__/Home/images/properties-img2.jpg
INFO: [ app_init ] --START--
INFO: Run Behavior\BuildLiteBehavior [ RunTime:0.000046s ]
INFO: [ app_init ] --END-- [ RunTime:0.000678s ]
ERR: 无法加载模块:__Public__

[ 2016-08-09T13:46:43+08:00 ] ::1 /yun/__Public__/Home/images/properties-img1.jpg
INFO: [ app_init ] --START--
INFO: Run Behavior\BuildLiteBehavior [ RunTime:0.000120s ]
INFO: [ app_init ] --END-- [ RunTime:0.001834s ]
ERR: 无法加载模块:__Public__

[ 2016-08-09T13:46:43+08:00 ] ::1 /yun/__Public__/Home/images/intro-img1.png
INFO: [ app_init ] --START--
INFO: Run Behavior\BuildLiteBehavior [ RunTime:0.000047s ]
INFO: [ app_init ] --END-- [ RunTime:0.000621s ]
ERR: 无法加载模块:__Public__

[ 2016-08-09T13:46:43+08:00 ] ::1 /yun/__Public__/Home/images/banner_img.png
INFO: [ app_init ] --START--
INFO: Run Behavior\BuildLiteBehavior [ RunTime:0.000036s ]
INFO: [ app_init ] --END-- [ RunTime:0.000696s ]
ERR: 无法加载模块:__Public__

[ 2016-08-09T13:46:43+08:00 ] ::1 /yun/__Public__/Home/images/logo-colorful.png
INFO: [ app_init ] --START--
INFO: Run Behavior\BuildLiteBehavior [ RunTime:0.000041s ]
INFO: [ app_init ] --END-- [ RunTime:0.000613s ]
ERR: 无法加载模块:__Public__

[ 2016-08-09T13:46:43+08:00 ] ::1 /yun/__Public__/Home/images/intro-img3.png
INFO: [ app_init ] --START--
INFO: Run Behavior\BuildLiteBehavior [ RunTime:0.000050s ]
INFO: [ app_init ] --END-- [ RunTime:0.004869s ]
ERR: 无法加载模块:__Public__

[ 2016-08-09T13:46:43+08:00 ] ::1 /yun/__Public__/Home/images/qrcode-weixin.jpg
INFO: [ app_init ] --START--
INFO: Run Behavior\BuildLiteBehavior [ RunTime:0.000084s ]
INFO: [ app_init ] --END-- [ RunTime:0.000774s ]
ERR: 无法加载模块:__Public__

[ 2016-08-09T13:46:43+08:00 ] ::1 /yun/__Public__/Home/js/amazeui.min.js
INFO: [ app_init ] --START--
INFO: Run Behavior\BuildLiteBehavior [ RunTime:0.000049s ]
INFO: [ app_init ] --END-- [ RunTime:0.000650s ]
ERR: 无法加载模块:__Public__

[ 2016-08-09T13:46:43+08:00 ] ::1 /yun/__Public__/Home/js/jquery.min.js
INFO: [ app_init ] --START--
INFO: Run Behavior\BuildLiteBehavior [ RunTime:0.000042s ]
INFO: [ app_init ] --END-- [ RunTime:0.000689s ]
ERR: 无法加载模块:__Public__

[ 2016-08-09T13:46:43+08:00 ] ::1 /yun/__Public__/Home/images/properties-img4.jpg
INFO: [ app_init ] --START--
INFO: Run Behavior\BuildLiteBehavior [ RunTime:0.000048s ]
INFO: [ app_init ] --END-- [ RunTime:0.000671s ]
ERR: 无法加载模块:__Public__

[ 2016-08-09T13:46:43+08:00 ] ::1 /yun/__Public__/Home/js/app.js
INFO: [ app_init ] --START--
INFO: Run Behavior\BuildLiteBehavior [ RunTime:0.000217s ]
INFO: [ app_init ] --END-- [ RunTime:0.002064s ]
ERR: 无法加载模块:__Public__

[ 2016-08-09T13:46:43+08:00 ] ::1 /yun/__Public__/Home/images/properties-img3.jpg
INFO: [ app_init ] --START--
INFO: Run Behavior\BuildLiteBehavior [ RunTime:0.000043s ]
INFO: [ app_init ] --END-- [ RunTime:0.000680s ]
ERR: 无法加载模块:__Public__

[ 2016-08-09T13:46:43+08:00 ] ::1 /yun/__Public__/Home/images/intro-img2.png
INFO: [ app_init ] --START--
INFO: Run Behavior\BuildLiteBehavior [ RunTime:0.000052s ]
INFO: [ app_init ] --END-- [ RunTime:0.001118s ]
ERR: 无法加载模块:__Public__

[ 2016-08-09T13:46:43+08:00 ] ::1 /yun/__Public__/Home/images/properties-img2.jpg
INFO: [ app_init ] --START--
INFO: Run Behavior\BuildLiteBehavior [ RunTime:0.000045s ]
INFO: [ app_init ] --END-- [ RunTime:0.000851s ]
ERR: 无法加载模块:__Public__

[ 2016-08-09T13:46:43+08:00 ] ::1 /yun/__Public__/Home/images/intro-img1.png
INFO: [ app_init ] --START--
INFO: Run Behavior\BuildLiteBehavior [ RunTime:0.000044s ]
INFO: [ app_init ] --END-- [ RunTime:0.000577s ]
ERR: 无法加载模块:__Public__

[ 2016-08-09T13:46:43+08:00 ] ::1 /yun/__Public__/Home/images/properties-img1.jpg
INFO: [ app_init ] --START--
INFO: Run Behavior\BuildLiteBehavior [ RunTime:0.000046s ]
INFO: [ app_init ] --END-- [ RunTime:0.001584s ]
ERR: 无法加载模块:__Public__

[ 2016-08-09T13:46:43+08:00 ] ::1 /yun/__Public__/Home/images/intro-img3.png
INFO: [ app_init ] --START--
INFO: Run Behavior\BuildLiteBehavior [ RunTime:0.000045s ]
INFO: [ app_init ] --END-- [ RunTime:0.000609s ]
ERR: 无法加载模块:__Public__

[ 2016-08-09T13:46:43+08:00 ] ::1 /yun/__Public__/Home/images/logo-colorful.png
INFO: [ app_init ] --START--
INFO: Run Behavior\BuildLiteBehavior [ RunTime:0.000041s ]
INFO: [ app_init ] --END-- [ RunTime:0.000597s ]
ERR: 无法加载模块:__Public__

[ 2016-08-09T13:46:44+08:00 ] ::1 /yun/__Public__/Home/css/amazeui.min.css
INFO: [ app_init ] --START--
INFO: Run Behavior\BuildLiteBehavior [ RunTime:0.000038s ]
INFO: [ app_init ] --END-- [ RunTime:0.000527s ]
ERR: 无法加载模块:__Public__

[ 2016-08-09T13:46:44+08:00 ] ::1 /yun/__Public__/Home/css/app.css
INFO: [ app_init ] --START--
INFO: Run Behavior\BuildLiteBehavior [ RunTime:0.000036s ]
INFO: [ app_init ] --END-- [ RunTime:0.000465s ]
ERR: 无法加载模块:__Public__

[ 2016-08-09T13:46:44+08:00 ] ::1 /yun/__Public__/Home/images/logo.png
INFO: [ app_init ] --START--
INFO: Run Behavior\BuildLiteBehavior [ RunTime:0.000047s ]
INFO: [ app_init ] --END-- [ RunTime:0.000819s ]
ERR: 无法加载模块:__Public__

[ 2016-08-09T13:46:44+08:00 ] ::1 /yun/__Public__/Home/images/banner_img.png
INFO: [ app_init ] --START--
INFO: Run Behavior\BuildLiteBehavior [ RunTime:0.000051s ]
INFO: [ app_init ] --END-- [ RunTime:0.000642s ]
ERR: 无法加载模块:__Public__

[ 2016-08-09T13:46:44+08:00 ] ::1 /yun/__Public__/Home/images/properties-img2.jpg
INFO: [ app_init ] --START--
INFO: Run Behavior\BuildLiteBehavior [ RunTime:0.000089s ]
INFO: [ app_init ] --END-- [ RunTime:0.000836s ]
ERR: 无法加载模块:__Public__

[ 2016-08-09T13:46:44+08:00 ] ::1 /yun/__Public__/Home/images/properties-img4.jpg
INFO: [ app_init ] --START--
INFO: Run Behavior\BuildLiteBehavior [ RunTime:0.000055s ]
INFO: [ app_init ] --END-- [ RunTime:0.000863s ]
ERR: 无法加载模块:__Public__

[ 2016-08-09T13:46:44+08:00 ] ::1 /yun/__Public__/Home/images/intro-img1.png
INFO: [ app_init ] --START--
INFO: Run Behavior\BuildLiteBehavior [ RunTime:0.000050s ]
INFO: [ app_init ] --END-- [ RunTime:0.001008s ]
ERR: 无法加载模块:__Public__

[ 2016-08-09T13:46:44+08:00 ] ::1 /yun/__Public__/Home/images/intro-img3.png
INFO: [ app_init ] --START--
INFO: Run Behavior\BuildLiteBehavior [ RunTime:0.000050s ]
INFO: [ app_init ] --END-- [ RunTime:0.002085s ]
ERR: 无法加载模块:__Public__

[ 2016-08-09T13:46:44+08:00 ] ::1 /yun/__Public__/Home/js/amazeui.min.js
INFO: [ app_init ] --START--
INFO: Run Behavior\BuildLiteBehavior [ RunTime:0.000046s ]
INFO: [ app_init ] --END-- [ RunTime:0.000655s ]
ERR: 无法加载模块:__Public__

[ 2016-08-09T13:46:44+08:00 ] ::1 /yun/__Public__/Home/js/jquery.min.js
INFO: [ app_init ] --START--
INFO: Run Behavior\BuildLiteBehavior [ RunTime:0.000041s ]
INFO: [ app_init ] --END-- [ RunTime:0.000581s ]
ERR: 无法加载模块:__Public__

[ 2016-08-09T13:46:44+08:00 ] ::1 /yun/__Public__/Home/images/intro-img2.png
INFO: [ app_init ] --START--
INFO: Run Behavior\BuildLiteBehavior [ RunTime:0.000463s ]
INFO: [ app_init ] --END-- [ RunTime:0.002038s ]
ERR: 无法加载模块:__Public__

[ 2016-08-09T13:46:44+08:00 ] ::1 /yun/__Public__/Home/images/properties-img3.jpg
INFO: [ app_init ] --START--
INFO: Run Behavior\BuildLiteBehavior [ RunTime:0.000082s ]
INFO: [ app_init ] --END-- [ RunTime:0.001196s ]
ERR: 无法加载模块:__Public__

[ 2016-08-09T13:46:44+08:00 ] ::1 /yun/__Public__/Home/js/app.js
INFO: [ app_init ] --START--
INFO: Run Behavior\BuildLiteBehavior [ RunTime:0.000038s ]
INFO: [ app_init ] --END-- [ RunTime:0.000650s ]
ERR: 无法加载模块:__Public__

[ 2016-08-09T13:46:44+08:00 ] ::1 /yun/__Public__/Home/images/properties-img1.jpg
INFO: [ app_init ] --START--
INFO: Run Behavior\BuildLiteBehavior [ RunTime:0.000049s ]
INFO: [ app_init ] --END-- [ RunTime:0.001037s ]
ERR: 无法加载模块:__Public__

[ 2016-08-09T13:46:44+08:00 ] ::1 /yun/__Public__/Home/images/qrcode-weixin.jpg
INFO: [ app_init ] --START--
INFO: Run Behavior\BuildLiteBehavior [ RunTime:0.000040s ]
INFO: [ app_init ] --END-- [ RunTime:0.000721s ]
ERR: 无法加载模块:__Public__

[ 2016-08-09T13:46:44+08:00 ] ::1 /yun/__Public__/Home/images/logo-colorful.png
INFO: [ app_init ] --START--
INFO: Run Behavior\BuildLiteBehavior [ RunTime:0.000041s ]
INFO: [ app_init ] --END-- [ RunTime:0.000713s ]
ERR: 无法加载模块:__Public__

[ 2016-08-09T13:46:44+08:00 ] ::1 /yun/__Public__/Home/images/intro-img1.png
INFO: [ app_init ] --START--
INFO: Run Behavior\BuildLiteBehavior [ RunTime:0.000040s ]
INFO: [ app_init ] --END-- [ RunTime:0.000533s ]
ERR: 无法加载模块:__Public__

[ 2016-08-09T13:46:44+08:00 ] ::1 /yun/__Public__/Home/images/properties-img2.jpg
INFO: [ app_init ] --START--
INFO: Run Behavior\BuildLiteBehavior [ RunTime:0.000050s ]
INFO: [ app_init ] --END-- [ RunTime:0.000859s ]
ERR: 无法加载模块:__Public__

[ 2016-08-09T13:46:44+08:00 ] ::1 /yun/__Public__/Home/images/intro-img3.png
INFO: [ app_init ] --START--
INFO: Run Behavior\BuildLiteBehavior [ RunTime:0.000043s ]
INFO: [ app_init ] --END-- [ RunTime:0.000642s ]
ERR: 无法加载模块:__Public__

[ 2016-08-09T13:46:44+08:00 ] ::1 /yun/__Public__/Home/images/properties-img4.jpg
INFO: [ app_init ] --START--
INFO: Run Behavior\BuildLiteBehavior [ RunTime:0.000044s ]
INFO: [ app_init ] --END-- [ RunTime:0.001364s ]
ERR: 无法加载模块:__Public__

[ 2016-08-09T13:46:52+08:00 ] ::1 /yun/__Public__/Home/css/amazeui.min.css
INFO: [ app_init ] --START--
INFO: Run Behavior\BuildLiteBehavior [ RunTime:0.000100s ]
INFO: [ app_init ] --END-- [ RunTime:0.001622s ]
ERR: 无法加载模块:__Public__

[ 2016-08-09T13:46:52+08:00 ] ::1 /yun/__Public__/Home/css/app.css
INFO: [ app_init ] --START--
INFO: Run Behavior\BuildLiteBehavior [ RunTime:0.000046s ]
INFO: [ app_init ] --END-- [ RunTime:0.000852s ]
ERR: 无法加载模块:__Public__

[ 2016-08-09T14:26:16+08:00 ] ::1 /yun/assets/images/properties-img1.jpg
INFO: [ app_init ] --START--
INFO: Run Behavior\BuildLiteBehavior [ RunTime:0.000043s ]
INFO: [ app_init ] --END-- [ RunTime:0.000633s ]
ERR: 无法加载模块:Assets

[ 2016-08-09T14:26:16+08:00 ] ::1 /yun/assets/images/banner_img.png
INFO: [ app_init ] --START--
INFO: Run Behavior\BuildLiteBehavior [ RunTime:0.000050s ]
INFO: [ app_init ] --END-- [ RunTime:0.000803s ]
ERR: 无法加载模块:Assets

[ 2016-08-09T14:26:16+08:00 ] ::1 /yun/assets/images/properties-img2.jpg
INFO: [ app_init ] --START--
INFO: Run Behavior\BuildLiteBehavior [ RunTime:0.000041s ]
INFO: [ app_init ] --END-- [ RunTime:0.000568s ]
ERR: 无法加载模块:Assets

[ 2016-08-09T14:26:16+08:00 ] ::1 /yun/assets/images/properties-img3.jpg
INFO: [ app_init ] --START--
INFO: Run Behavior\BuildLiteBehavior [ RunTime:0.000040s ]
INFO: [ app_init ] --END-- [ RunTime:0.000696s ]
ERR: 无法加载模块:Assets

[ 2016-08-09T14:26:16+08:00 ] ::1 /yun/assets/images/intro-img3.png
INFO: [ app_init ] --START--
INFO: Run Behavior\BuildLiteBehavior [ RunTime:0.000038s ]
INFO: [ app_init ] --END-- [ RunTime:0.000547s ]
ERR: 无法加载模块:Assets

[ 2016-08-09T14:26:16+08:00 ] ::1 /yun/assets/images/properties-img4.jpg
INFO: [ app_init ] --START--
INFO: Run Behavior\BuildLiteBehavior [ RunTime:0.000038s ]
INFO: [ app_init ] --END-- [ RunTime:0.000585s ]
ERR: 无法加载模块:Assets

[ 2016-08-09T14:26:16+08:00 ] ::1 /yun/assets/images/intro-img1.png
INFO: [ app_init ] --START--
INFO: Run Behavior\BuildLiteBehavior [ RunTime:0.000045s ]
INFO: [ app_init ] --END-- [ RunTime:0.000847s ]
ERR: 无法加载模块:Assets

[ 2016-08-09T14:26:16+08:00 ] ::1 /yun/assets/images/intro-img2.png
INFO: [ app_init ] --START--
INFO: Run Behavior\BuildLiteBehavior [ RunTime:0.000044s ]
INFO: [ app_init ] --END-- [ RunTime:0.000783s ]
ERR: 无法加载模块:Assets

[ 2016-08-09T14:28:06+08:00 ] ::1 /yun/Public/images/properties-img3.jpg
INFO: [ app_init ] --START--
INFO: Run Behavior\BuildLiteBehavior [ RunTime:0.000041s ]
INFO: [ app_init ] --END-- [ RunTime:0.000534s ]
ERR: 无法加载模块:Public

[ 2016-08-09T14:28:06+08:00 ] ::1 /yun/Public/images/properties-img2.jpg
INFO: [ app_init ] --START--
INFO: Run Behavior\BuildLiteBehavior [ RunTime:0.000040s ]
INFO: [ app_init ] --END-- [ RunTime:0.000515s ]
ERR: 无法加载模块:Public

[ 2016-08-09T14:28:06+08:00 ] ::1 /yun/Public/images/banner_img.png
INFO: [ app_init ] --START--
INFO: Run Behavior\BuildLiteBehavior [ RunTime:0.000038s ]
INFO: [ app_init ] --END-- [ RunTime:0.000578s ]
ERR: 无法加载模块:Public

[ 2016-08-09T14:28:06+08:00 ] ::1 /yun/Public/images/properties-img4.jpg
INFO: [ app_init ] --START--
INFO: Run Behavior\BuildLiteBehavior [ RunTime:0.000044s ]
INFO: [ app_init ] --END-- [ RunTime:0.000712s ]
ERR: 无法加载模块:Public

[ 2016-08-09T14:28:06+08:00 ] ::1 /yun/Public/images/intro-img1.png
INFO: [ app_init ] --START--
INFO: Run Behavior\BuildLiteBehavior [ RunTime:0.000043s ]
INFO: [ app_init ] --END-- [ RunTime:0.000659s ]
ERR: 无法加载模块:Public

[ 2016-08-09T14:28:06+08:00 ] ::1 /yun/Public/images/intro-img2.png
INFO: [ app_init ] --START--
INFO: Run Behavior\BuildLiteBehavior [ RunTime:0.000043s ]
INFO: [ app_init ] --END-- [ RunTime:0.000608s ]
ERR: 无法加载模块:Public

[ 2016-08-09T14:28:06+08:00 ] ::1 /yun/Public/images/intro-img3.png
INFO: [ app_init ] --START--
INFO: Run Behavior\BuildLiteBehavior [ RunTime:0.000043s ]
INFO: [ app_init ] --END-- [ RunTime:0.000619s ]
ERR: 无法加载模块:Public

[ 2016-08-09T14:28:06+08:00 ] ::1 /yun/Public/images/properties-img1.jpg
INFO: [ app_init ] --START--
INFO: Run Behavior\BuildLiteBehavior [ RunTime:0.000049s ]
INFO: [ app_init ] --END-- [ RunTime:0.000763s ]
ERR: 无法加载模块:Public

[ 2016-08-09T15:15:51+08:00 ] ::1 /yun/products.html
INFO: [ app_init ] --START--
INFO: Run Behavior\BuildLiteBehavior [ RunTime:0.000077s ]
INFO: [ app_init ] --END-- [ RunTime:0.000849s ]
ERR: 无法加载模块:Products

[ 2016-08-09T15:20:59+08:00 ] ::1 /yun/Public/Home/video/video1.mp4
INFO: [ app_init ] --START--
INFO: Run Behavior\BuildLiteBehavior [ RunTime:0.000041s ]
INFO: [ app_init ] --END-- [ RunTime:0.000611s ]
ERR: 无法加载模块:Public

[ 2016-08-09T15:20:59+08:00 ] ::1 /yun/Public/Home/video/video2.mp4
INFO: [ app_init ] --START--
INFO: Run Behavior\BuildLiteBehavior [ RunTime:0.000044s ]
INFO: [ app_init ] --END-- [ RunTime:0.000782s ]
ERR: 无法加载模块:Public

[ 2016-08-09T15:20:59+08:00 ] ::1 /yun/Public/Home/video/video2.mp4
INFO: [ app_init ] --START--
INFO: Run Behavior\BuildLiteBehavior [ RunTime:0.000039s ]
INFO: [ app_init ] --END-- [ RunTime:0.000584s ]
ERR: 无法加载模块:Public

[ 2016-08-09T15:20:59+08:00 ] ::1 /yun/Public/Home/video/video1.mp4
INFO: [ app_init ] --START--
INFO: Run Behavior\BuildLiteBehavior [ RunTime:0.000041s ]
INFO: [ app_init ] --END-- [ RunTime:0.000553s ]
ERR: 无法加载模块:Public

[ 2016-08-09T15:20:59+08:00 ] ::1 /yun/Public/Home/video/video2.mp4
INFO: [ app_init ] --START--
INFO: Run Behavior\BuildLiteBehavior [ RunTime:0.000037s ]
INFO: [ app_init ] --END-- [ RunTime:0.000500s ]
ERR: 无法加载模块:Public

[ 2016-08-09T15:20:59+08:00 ] ::1 /yun/Public/Home/video/video1.mp4
INFO: [ app_init ] --START--
INFO: Run Behavior\BuildLiteBehavior [ RunTime:0.000033s ]
INFO: [ app_init ] --END-- [ RunTime:0.000445s ]
ERR: 无法加载模块:Public

[ 2016-08-09T15:20:59+08:00 ] ::1 /yun/Public/Home/video/video2.mp4
INFO: [ app_init ] --START--
INFO: Run Behavior\BuildLiteBehavior [ RunTime:0.000042s ]
INFO: [ app_init ] --END-- [ RunTime:0.000611s ]
ERR: 无法加载模块:Public

[ 2016-08-09T15:20:59+08:00 ] ::1 /yun/Public/Home/video/video1.mp4
INFO: [ app_init ] --START--
INFO: Run Behavior\BuildLiteBehavior [ RunTime:0.000034s ]
INFO: [ app_init ] --END-- [ RunTime:0.000504s ]
ERR: 无法加载模块:Public

[ 2016-08-09T15:20:59+08:00 ] ::1 /yun/Public/Home/video/video2.mp4
INFO: [ app_init ] --START--
INFO: Run Behavior\BuildLiteBehavior [ RunTime:0.000042s ]
INFO: [ app_init ] --END-- [ RunTime:0.000594s ]
ERR: 无法加载模块:Public

[ 2016-08-09T15:20:59+08:00 ] ::1 /yun/Public/Home/video/video1.mp4
INFO: [ app_init ] --START--
INFO: Run Behavior\BuildLiteBehavior [ RunTime:0.000043s ]
INFO: [ app_init ] --END-- [ RunTime:0.000719s ]
ERR: 无法加载模块:Public

[ 2016-08-09T15:22:42+08:00 ] ::1 /yun/Public/Home/video/video1.mp4
INFO: [ app_init ] --START--
INFO: Run Behavior\BuildLiteBehavior [ RunTime:0.000043s ]
INFO: [ app_init ] --END-- [ RunTime:0.000533s ]
ERR: 无法加载模块:Public

[ 2016-08-09T15:22:42+08:00 ] ::1 /yun/Public/Home/video/video2.mp4
INFO: [ app_init ] --START--
INFO: Run Behavior\BuildLiteBehavior [ RunTime:0.000036s ]
INFO: [ app_init ] --END-- [ RunTime:0.000515s ]
ERR: 无法加载模块:Public

[ 2016-08-09T15:22:42+08:00 ] ::1 /yun/Public/Home/video/video1.mp4
INFO: [ app_init ] --START--
INFO: Run Behavior\BuildLiteBehavior [ RunTime:0.000040s ]
INFO: [ app_init ] --END-- [ RunTime:0.000633s ]
ERR: 无法加载模块:Public

[ 2016-08-09T15:22:42+08:00 ] ::1 /yun/Public/Home/video/video2.mp4
INFO: [ app_init ] --START--
INFO: Run Behavior\BuildLiteBehavior [ RunTime:0.000035s ]
INFO: [ app_init ] --END-- [ RunTime:0.000543s ]
ERR: 无法加载模块:Public

[ 2016-08-09T15:22:42+08:00 ] ::1 /yun/Public/Home/video/video1.mp4
INFO: [ app_init ] --START--
INFO: Run Behavior\BuildLiteBehavior [ RunTime:0.000043s ]
INFO: [ app_init ] --END-- [ RunTime:0.000592s ]
ERR: 无法加载模块:Public

[ 2016-08-09T15:22:42+08:00 ] ::1 /yun/Public/Home/video/video2.mp4
INFO: [ app_init ] --START--
INFO: Run Behavior\BuildLiteBehavior [ RunTime:0.000034s ]
INFO: [ app_init ] --END-- [ RunTime:0.000570s ]
ERR: 无法加载模块:Public

[ 2016-08-09T15:22:42+08:00 ] ::1 /yun/Public/Home/video/video1.mp4
INFO: [ app_init ] --START--
INFO: Run Behavior\BuildLiteBehavior [ RunTime:0.000039s ]
INFO: [ app_init ] --END-- [ RunTime:0.000536s ]
ERR: 无法加载模块:Public

[ 2016-08-09T15:22:42+08:00 ] ::1 /yun/Public/Home/video/video2.mp4
INFO: [ app_init ] --START--
INFO: Run Behavior\BuildLiteBehavior [ RunTime:0.000034s ]
INFO: [ app_init ] --END-- [ RunTime:0.000488s ]
ERR: 无法加载模块:Public

[ 2016-08-09T15:22:42+08:00 ] ::1 /yun/Public/Home/video/video1.mp4
INFO: [ app_init ] --START--
INFO: Run Behavior\BuildLiteBehavior [ RunTime:0.000065s ]
INFO: [ app_init ] --END-- [ RunTime:0.001163s ]
ERR: 无法加载模块:Public

[ 2016-08-09T15:22:42+08:00 ] ::1 /yun/Public/Home/video/video2.mp4
INFO: [ app_init ] --START--
INFO: Run Behavior\BuildLiteBehavior [ RunTime:0.000035s ]
INFO: [ app_init ] --END-- [ RunTime:0.000453s ]
ERR: 无法加载模块:Public

[ 2016-08-09T16:13:08+08:00 ] ::1 /yun/test
INFO: [ app_init ] --START--
INFO: Run Behavior\BuildLiteBehavior [ RunTime:0.000050s ]
INFO: [ app_init ] --END-- [ RunTime:0.001146s ]
ERR: 无法加载模块:Test

[ 2016-08-09T16:13:55+08:00 ] ::1 /yun/test
INFO: [ app_init ] --START--
INFO: Run Behavior\BuildLiteBehavior [ RunTime:0.000049s ]
INFO: [ app_init ] --END-- [ RunTime:0.000827s ]
ERR: 无法加载模块:Test

[ 2016-08-09T16:14:36+08:00 ] ::1 /yun/Index/test
INFO: [ app_init ] --START--
INFO: Run Behavior\BuildLiteBehavior [ RunTime:0.000037s ]
INFO: [ app_init ] --END-- [ RunTime:0.000591s ]
ERR: 无法加载模块:Test

[ 2016-08-09T16:14:43+08:00 ] ::1 /yun/index/test
INFO: [ app_init ] --START--
INFO: Run Behavior\BuildLiteBehavior [ RunTime:0.000044s ]
INFO: [ app_init ] --END-- [ RunTime:0.000857s ]
ERR: 无法加载模块:Test

[ 2016-08-09T21:03:54+08:00 ] ::1 /yun/index.php/admin-user.html
INFO: [ app_init ] --START--
INFO: Run Behavior\BuildLiteBehavior [ RunTime:0.000000s ]
INFO: [ app_init ] --END-- [ RunTime:0.001000s ]
ERR: 无法加载模块:Admin-user

