[ 2016-08-10T14:42:22+08:00 ] ::1 /yun/Public/Home/2016-08-10/57aacccd66d6b.png
INFO: [ app_init ] --START--
INFO: Run Behavior\BuildLiteBehavior [ RunTime:0.000041s ]
INFO: [ app_init ] --END-- [ RunTime:0.000534s ]
ERR: 无法加载模块:Public

[ 2016-08-10T14:47:17+08:00 ] ::1 /yun/Public/Home/2016-08-10/57aacccd66d6b.png
INFO: [ app_init ] --START--
INFO: Run Behavior\BuildLiteBehavior [ RunTime:0.000042s ]
INFO: [ app_init ] --END-- [ RunTime:0.000581s ]
ERR: 无法加载模块:Public

[ 2016-08-10T14:47:25+08:00 ] ::1 /yun/Public/Home/2016-08-10/57aacccd66d6b.png
INFO: [ app_init ] --START--
INFO: Run Behavior\BuildLiteBehavior [ RunTime:0.000035s ]
INFO: [ app_init ] --END-- [ RunTime:0.000489s ]
ERR: 无法加载模块:Public

[ 2016-08-10T14:47:25+08:00 ] ::1 /yun/Public/Home/rootPath2016-08-10/57aacdfc83c68.png
INFO: [ app_init ] --START--
INFO: Run Behavior\BuildLiteBehavior [ RunTime:0.000040s ]
INFO: [ app_init ] --END-- [ RunTime:0.000638s ]
ERR: 无法加载模块:Public

[ 2016-08-10T14:48:21+08:00 ] ::1 /yun/Public/Home/2016-08-10/57aacccd66d6b.png
INFO: [ app_init ] --START--
INFO: Run Behavior\BuildLiteBehavior [ RunTime:0.000038s ]
INFO: [ app_init ] --END-- [ RunTime:0.000579s ]
ERR: 无法加载模块:Public

[ 2016-08-10T14:48:21+08:00 ] ::1 /yun/Public/Home/rootPath2016-08-10/57aacdfc83c68.png
INFO: [ app_init ] --START--
INFO: Run Behavior\BuildLiteBehavior [ RunTime:0.000048s ]
INFO: [ app_init ] --END-- [ RunTime:0.001243s ]
ERR: 无法加载模块:Public

[ 2016-08-10T14:48:21+08:00 ] ::1 /yun/Public/Home/images2016-08-10/57aace346a28f.png
INFO: [ app_init ] --START--
INFO: Run Behavior\BuildLiteBehavior [ RunTime:0.000043s ]
INFO: [ app_init ] --END-- [ RunTime:0.000589s ]
ERR: 无法加载模块:Public

[ 2016-08-10T14:48:53+08:00 ] ::1 /yun/Public/Home/2016-08-10/57aacccd66d6b.png
INFO: [ app_init ] --START--
INFO: Run Behavior\BuildLiteBehavior [ RunTime:0.000044s ]
INFO: [ app_init ] --END-- [ RunTime:0.000732s ]
ERR: 无法加载模块:Public

[ 2016-08-10T14:48:53+08:00 ] ::1 /yun/Public/Home/rootPath2016-08-10/57aacdfc83c68.png
INFO: [ app_init ] --START--
INFO: Run Behavior\BuildLiteBehavior [ RunTime:0.000044s ]
INFO: [ app_init ] --END-- [ RunTime:0.000520s ]
ERR: 无法加载模块:Public

[ 2016-08-10T14:48:53+08:00 ] ::1 /yun/Public/Home/images2016-08-10/57aace346a28f.png
INFO: [ app_init ] --START--
INFO: Run Behavior\BuildLiteBehavior [ RunTime:0.000044s ]
INFO: [ app_init ] --END-- [ RunTime:0.000759s ]
ERR: 无法加载模块:Public

[ 2016-08-10T14:51:14+08:00 ] ::1 /yun/Public/Home/2016-08-10/57aacccd66d6b.png
INFO: [ app_init ] --START--
INFO: Run Behavior\BuildLiteBehavior [ RunTime:0.000039s ]
INFO: [ app_init ] --END-- [ RunTime:0.000539s ]
ERR: 无法加载模块:Public

[ 2016-08-10T14:51:14+08:00 ] ::1 /yun/Public/Home/images2016-08-10/57aace346a28f.png
INFO: [ app_init ] --START--
INFO: Run Behavior\BuildLiteBehavior [ RunTime:0.000045s ]
INFO: [ app_init ] --END-- [ RunTime:0.000884s ]
ERR: 无法加载模块:Public

[ 2016-08-10T14:51:14+08:00 ] ::1 /yun/Public/Home/rootPath2016-08-10/57aacdfc83c68.png
INFO: [ app_init ] --START--
INFO: Run Behavior\BuildLiteBehavior [ RunTime:0.000043s ]
INFO: [ app_init ] --END-- [ RunTime:0.001031s ]
ERR: 无法加载模块:Public

[ 2016-08-10T14:51:17+08:00 ] ::1 /yun/Public/Home/2016-08-10/57aacccd66d6b.png
INFO: [ app_init ] --START--
INFO: Run Behavior\BuildLiteBehavior [ RunTime:0.000042s ]
INFO: [ app_init ] --END-- [ RunTime:0.000560s ]
ERR: 无法加载模块:Public

[ 2016-08-10T14:51:17+08:00 ] ::1 /yun/Public/Home/rootPath2016-08-10/57aacdfc83c68.png
INFO: [ app_init ] --START--
INFO: Run Behavior\BuildLiteBehavior [ RunTime:0.000045s ]
INFO: [ app_init ] --END-- [ RunTime:0.001082s ]
ERR: 无法加载模块:Public

[ 2016-08-10T14:51:17+08:00 ] ::1 /yun/Public/Home/images2016-08-10/57aace346a28f.png
INFO: [ app_init ] --START--
INFO: Run Behavior\BuildLiteBehavior [ RunTime:0.000039s ]
INFO: [ app_init ] --END-- [ RunTime:0.000803s ]
ERR: 无法加载模块:Public

[ 2016-08-10T14:51:19+08:00 ] ::1 /yun/Public/Home/images2016-08-10/57aace346a28f.png
INFO: [ app_init ] --START--
INFO: Run Behavior\BuildLiteBehavior [ RunTime:0.000037s ]
INFO: [ app_init ] --END-- [ RunTime:0.000526s ]
ERR: 无法加载模块:Public

[ 2016-08-10T14:51:19+08:00 ] ::1 /yun/Public/Home/2016-08-10/57aacccd66d6b.png
INFO: [ app_init ] --START--
INFO: Run Behavior\BuildLiteBehavior [ RunTime:0.000041s ]
INFO: [ app_init ] --END-- [ RunTime:0.000489s ]
ERR: 无法加载模块:Public

[ 2016-08-10T14:51:19+08:00 ] ::1 /yun/Public/Home/rootPath2016-08-10/57aacdfc83c68.png
INFO: [ app_init ] --START--
INFO: Run Behavior\BuildLiteBehavior [ RunTime:0.000034s ]
INFO: [ app_init ] --END-- [ RunTime:0.000458s ]
ERR: 无法加载模块:Public

[ 2016-08-10T15:53:49+08:00 ] ::1 /yun/Public/Home/rootPath2016-08-10/57aacdfc83c68.png
INFO: [ app_init ] --START--
INFO: Run Behavior\BuildLiteBehavior [ RunTime:0.000036s ]
INFO: [ app_init ] --END-- [ RunTime:0.000499s ]
ERR: 无法加载模块:Public

[ 2016-08-10T15:53:49+08:00 ] ::1 /yun/Public/Home/2016-08-10/57aacccd66d6b.png
INFO: [ app_init ] --START--
INFO: Run Behavior\BuildLiteBehavior [ RunTime:0.000046s ]
INFO: [ app_init ] --END-- [ RunTime:0.000821s ]
ERR: 无法加载模块:Public

[ 2016-08-10T15:53:49+08:00 ] ::1 /yun/Public/Home/images2016-08-10/57aace346a28f.png
INFO: [ app_init ] --START--
INFO: Run Behavior\BuildLiteBehavior [ RunTime:0.000044s ]
INFO: [ app_init ] --END-- [ RunTime:0.000928s ]
ERR: 无法加载模块:Public

[ 2016-08-10T16:01:34+08:00 ] ::1 /yun/Public/Home/2016-08-10/57aacccd66d6b.png
INFO: [ app_init ] --START--
INFO: Run Behavior\BuildLiteBehavior [ RunTime:0.000042s ]
INFO: [ app_init ] --END-- [ RunTime:0.000632s ]
ERR: 无法加载模块:Public

[ 2016-08-10T16:01:34+08:00 ] ::1 /yun/Public/Home/rootPath2016-08-10/57aacdfc83c68.png
INFO: [ app_init ] --START--
INFO: Run Behavior\BuildLiteBehavior [ RunTime:0.000044s ]
INFO: [ app_init ] --END-- [ RunTime:0.000644s ]
ERR: 无法加载模块:Public

[ 2016-08-10T16:01:34+08:00 ] ::1 /yun/Public/Home/images2016-08-10/57aace346a28f.png
INFO: [ app_init ] --START--
INFO: Run Behavior\BuildLiteBehavior [ RunTime:0.000042s ]
INFO: [ app_init ] --END-- [ RunTime:0.000748s ]
ERR: 无法加载模块:Public

[ 2016-08-10T16:02:00+08:00 ] ::1 /yun/Public/Home/2016-08-10/57aacccd66d6b.png
INFO: [ app_init ] --START--
INFO: Run Behavior\BuildLiteBehavior [ RunTime:0.000048s ]
INFO: [ app_init ] --END-- [ RunTime:0.000646s ]
ERR: 无法加载模块:Public

[ 2016-08-10T16:02:00+08:00 ] ::1 /yun/Public/Home/rootPath2016-08-10/57aacdfc83c68.png
INFO: [ app_init ] --START--
INFO: Run Behavior\BuildLiteBehavior [ RunTime:0.000046s ]
INFO: [ app_init ] --END-- [ RunTime:0.000873s ]
ERR: 无法加载模块:Public

[ 2016-08-10T16:02:00+08:00 ] ::1 /yun/Public/Home/images2016-08-10/57aace346a28f.png
INFO: [ app_init ] --START--
INFO: Run Behavior\BuildLiteBehavior [ RunTime:0.000062s ]
INFO: [ app_init ] --END-- [ RunTime:0.001485s ]
ERR: 无法加载模块:Public

[ 2016-08-10T16:02:03+08:00 ] ::1 /yun/Public/Home/2016-08-10/57aacccd66d6b.png
INFO: [ app_init ] --START--
INFO: Run Behavior\BuildLiteBehavior [ RunTime:0.000040s ]
INFO: [ app_init ] --END-- [ RunTime:0.000515s ]
ERR: 无法加载模块:Public

[ 2016-08-10T16:02:03+08:00 ] ::1 /yun/Public/Home/rootPath2016-08-10/57aacdfc83c68.png
INFO: [ app_init ] --START--
INFO: Run Behavior\BuildLiteBehavior [ RunTime:0.000043s ]
INFO: [ app_init ] --END-- [ RunTime:0.000613s ]
ERR: 无法加载模块:Public

[ 2016-08-10T16:02:03+08:00 ] ::1 /yun/Public/Home/images2016-08-10/57aace346a28f.png
INFO: [ app_init ] --START--
INFO: Run Behavior\BuildLiteBehavior [ RunTime:0.000035s ]
INFO: [ app_init ] --END-- [ RunTime:0.000483s ]
ERR: 无法加载模块:Public

[ 2016-08-10T16:02:08+08:00 ] ::1 /yun/Public/Home/2016-08-10/57aacccd66d6b.png
INFO: [ app_init ] --START--
INFO: Run Behavior\BuildLiteBehavior [ RunTime:0.000040s ]
INFO: [ app_init ] --END-- [ RunTime:0.000526s ]
ERR: 无法加载模块:Public

[ 2016-08-10T16:02:08+08:00 ] ::1 /yun/Public/Home/rootPath2016-08-10/57aacdfc83c68.png
INFO: [ app_init ] --START--
INFO: Run Behavior\BuildLiteBehavior [ RunTime:0.000041s ]
INFO: [ app_init ] --END-- [ RunTime:0.000552s ]
ERR: 无法加载模块:Public

[ 2016-08-10T16:02:08+08:00 ] ::1 /yun/Public/Home/images2016-08-10/57aace346a28f.png
INFO: [ app_init ] --START--
INFO: Run Behavior\BuildLiteBehavior [ RunTime:0.000040s ]
INFO: [ app_init ] --END-- [ RunTime:0.000527s ]
ERR: 无法加载模块:Public

[ 2016-08-10T16:02:10+08:00 ] ::1 /yun/Public/Home/rootPath2016-08-10/57aacdfc83c68.png
INFO: [ app_init ] --START--
INFO: Run Behavior\BuildLiteBehavior [ RunTime:0.000038s ]
INFO: [ app_init ] --END-- [ RunTime:0.000498s ]
ERR: 无法加载模块:Public

[ 2016-08-10T16:02:10+08:00 ] ::1 /yun/Public/Home/images2016-08-10/57aace346a28f.png
INFO: [ app_init ] --START--
INFO: Run Behavior\BuildLiteBehavior [ RunTime:0.000042s ]
INFO: [ app_init ] --END-- [ RunTime:0.000613s ]
ERR: 无法加载模块:Public

[ 2016-08-10T16:02:10+08:00 ] ::1 /yun/Public/Home/2016-08-10/57aacccd66d6b.png
INFO: [ app_init ] --START--
INFO: Run Behavior\BuildLiteBehavior [ RunTime:0.000034s ]
INFO: [ app_init ] --END-- [ RunTime:0.000468s ]
ERR: 无法加载模块:Public

[ 2016-08-10T16:02:13+08:00 ] ::1 /yun/Public/Home/rootPath2016-08-10/57aacdfc83c68.png
INFO: [ app_init ] --START--
INFO: Run Behavior\BuildLiteBehavior [ RunTime:0.000043s ]
INFO: [ app_init ] --END-- [ RunTime:0.000553s ]
ERR: 无法加载模块:Public

[ 2016-08-10T16:02:13+08:00 ] ::1 /yun/Public/Home/2016-08-10/57aacccd66d6b.png
INFO: [ app_init ] --START--
INFO: Run Behavior\BuildLiteBehavior [ RunTime:0.000050s ]
INFO: [ app_init ] --END-- [ RunTime:0.000690s ]
ERR: 无法加载模块:Public

[ 2016-08-10T16:02:13+08:00 ] ::1 /yun/Public/Home/images2016-08-10/57aace346a28f.png
INFO: [ app_init ] --START--
INFO: Run Behavior\BuildLiteBehavior [ RunTime:0.000034s ]
INFO: [ app_init ] --END-- [ RunTime:0.000459s ]
ERR: 无法加载模块:Public

[ 2016-08-10T16:02:17+08:00 ] ::1 /yun/Public/Home/2016-08-10/57aacccd66d6b.png
INFO: [ app_init ] --START--
INFO: Run Behavior\BuildLiteBehavior [ RunTime:0.000043s ]
INFO: [ app_init ] --END-- [ RunTime:0.000542s ]
ERR: 无法加载模块:Public

[ 2016-08-10T16:02:17+08:00 ] ::1 /yun/Public/Home/rootPath2016-08-10/57aacdfc83c68.png
INFO: [ app_init ] --START--
INFO: Run Behavior\BuildLiteBehavior [ RunTime:0.000034s ]
INFO: [ app_init ] --END-- [ RunTime:0.000471s ]
ERR: 无法加载模块:Public

[ 2016-08-10T16:02:17+08:00 ] ::1 /yun/Public/Home/images2016-08-10/57aace346a28f.png
INFO: [ app_init ] --START--
INFO: Run Behavior\BuildLiteBehavior [ RunTime:0.000036s ]
INFO: [ app_init ] --END-- [ RunTime:0.000541s ]
ERR: 无法加载模块:Public

[ 2016-08-10T16:05:41+08:00 ] ::1 /yun/Public/Home/rootPath2016-08-10/57aacdfc83c68.png
INFO: [ app_init ] --START--
INFO: Run Behavior\BuildLiteBehavior [ RunTime:0.000046s ]
INFO: [ app_init ] --END-- [ RunTime:0.000588s ]
ERR: 无法加载模块:Public

[ 2016-08-10T16:05:41+08:00 ] ::1 /yun/Public/Home/2016-08-10/57aacccd66d6b.png
INFO: [ app_init ] --START--
INFO: Run Behavior\BuildLiteBehavior [ RunTime:0.000040s ]
INFO: [ app_init ] --END-- [ RunTime:0.000602s ]
ERR: 无法加载模块:Public

[ 2016-08-10T16:05:41+08:00 ] ::1 /yun/Public/Home/images2016-08-10/57aace346a28f.png
INFO: [ app_init ] --START--
INFO: Run Behavior\BuildLiteBehavior [ RunTime:0.000041s ]
INFO: [ app_init ] --END-- [ RunTime:0.000649s ]
ERR: 无法加载模块:Public

[ 2016-08-10T16:05:43+08:00 ] ::1 /yun/Public/Home/2016-08-10/57aacccd66d6b.png
INFO: [ app_init ] --START--
INFO: Run Behavior\BuildLiteBehavior [ RunTime:0.000044s ]
INFO: [ app_init ] --END-- [ RunTime:0.000545s ]
ERR: 无法加载模块:Public

[ 2016-08-10T16:05:43+08:00 ] ::1 /yun/Public/Home/rootPath2016-08-10/57aacdfc83c68.png
INFO: [ app_init ] --START--
INFO: Run Behavior\BuildLiteBehavior [ RunTime:0.000066s ]
INFO: [ app_init ] --END-- [ RunTime:0.001368s ]
ERR: 无法加载模块:Public

[ 2016-08-10T16:05:43+08:00 ] ::1 /yun/Public/Home/images2016-08-10/57aace346a28f.png
INFO: [ app_init ] --START--
INFO: Run Behavior\BuildLiteBehavior [ RunTime:0.000049s ]
INFO: [ app_init ] --END-- [ RunTime:0.002331s ]
ERR: 无法加载模块:Public

[ 2016-08-10T16:05:45+08:00 ] ::1 /yun/Public/Home/2016-08-10/57aacccd66d6b.png
INFO: [ app_init ] --START--
INFO: Run Behavior\BuildLiteBehavior [ RunTime:0.000039s ]
INFO: [ app_init ] --END-- [ RunTime:0.000579s ]
ERR: 无法加载模块:Public

[ 2016-08-10T16:05:45+08:00 ] ::1 /yun/Public/Home/rootPath2016-08-10/57aacdfc83c68.png
INFO: [ app_init ] --START--
INFO: Run Behavior\BuildLiteBehavior [ RunTime:0.000042s ]
INFO: [ app_init ] --END-- [ RunTime:0.000630s ]
ERR: 无法加载模块:Public

[ 2016-08-10T16:05:45+08:00 ] ::1 /yun/Public/Home/images2016-08-10/57aace346a28f.png
INFO: [ app_init ] --START--
INFO: Run Behavior\BuildLiteBehavior [ RunTime:0.000051s ]
INFO: [ app_init ] --END-- [ RunTime:0.000755s ]
ERR: 无法加载模块:Public

[ 2016-08-10T16:05:47+08:00 ] ::1 /yun/Public/Home/rootPath2016-08-10/57aacdfc83c68.png
INFO: [ app_init ] --START--
INFO: Run Behavior\BuildLiteBehavior [ RunTime:0.000041s ]
INFO: [ app_init ] --END-- [ RunTime:0.000558s ]
ERR: 无法加载模块:Public

[ 2016-08-10T16:05:47+08:00 ] ::1 /yun/Public/Home/images2016-08-10/57aace346a28f.png
INFO: [ app_init ] --START--
INFO: Run Behavior\BuildLiteBehavior [ RunTime:0.000040s ]
INFO: [ app_init ] --END-- [ RunTime:0.000623s ]
ERR: 无法加载模块:Public

[ 2016-08-10T16:05:47+08:00 ] ::1 /yun/Public/Home/2016-08-10/57aacccd66d6b.png
INFO: [ app_init ] --START--
INFO: Run Behavior\BuildLiteBehavior [ RunTime:0.000034s ]
INFO: [ app_init ] --END-- [ RunTime:0.000480s ]
ERR: 无法加载模块:Public

[ 2016-08-10T16:05:48+08:00 ] ::1 /yun/Public/Home/2016-08-10/57aacccd66d6b.png
INFO: [ app_init ] --START--
INFO: Run Behavior\BuildLiteBehavior [ RunTime:0.000051s ]
INFO: [ app_init ] --END-- [ RunTime:0.000730s ]
ERR: 无法加载模块:Public

[ 2016-08-10T16:05:48+08:00 ] ::1 /yun/Public/Home/rootPath2016-08-10/57aacdfc83c68.png
INFO: [ app_init ] --START--
INFO: Run Behavior\BuildLiteBehavior [ RunTime:0.000039s ]
INFO: [ app_init ] --END-- [ RunTime:0.000530s ]
ERR: 无法加载模块:Public

[ 2016-08-10T16:05:48+08:00 ] ::1 /yun/Public/Home/images2016-08-10/57aace346a28f.png
INFO: [ app_init ] --START--
INFO: Run Behavior\BuildLiteBehavior [ RunTime:0.000071s ]
INFO: [ app_init ] --END-- [ RunTime:0.000805s ]
ERR: 无法加载模块:Public

[ 2016-08-10T16:05:48+08:00 ] ::1 /yun/Public/Home/rootPath2016-08-10/57aacdfc83c68.png
INFO: [ app_init ] --START--
INFO: Run Behavior\BuildLiteBehavior [ RunTime:0.000040s ]
INFO: [ app_init ] --END-- [ RunTime:0.000515s ]
ERR: 无法加载模块:Public

[ 2016-08-10T16:05:48+08:00 ] ::1 /yun/Public/Home/images2016-08-10/57aace346a28f.png
INFO: [ app_init ] --START--
INFO: Run Behavior\BuildLiteBehavior [ RunTime:0.000035s ]
INFO: [ app_init ] --END-- [ RunTime:0.000473s ]
ERR: 无法加载模块:Public

[ 2016-08-10T16:05:48+08:00 ] ::1 /yun/Public/Home/2016-08-10/57aacccd66d6b.png
INFO: [ app_init ] --START--
INFO: Run Behavior\BuildLiteBehavior [ RunTime:0.000042s ]
INFO: [ app_init ] --END-- [ RunTime:0.000545s ]
ERR: 无法加载模块:Public

[ 2016-08-10T16:05:50+08:00 ] ::1 /yun/Public/Home/2016-08-10/57aacccd66d6b.png
INFO: [ app_init ] --START--
INFO: Run Behavior\BuildLiteBehavior [ RunTime:0.000042s ]
INFO: [ app_init ] --END-- [ RunTime:0.000630s ]
ERR: 无法加载模块:Public

[ 2016-08-10T16:05:50+08:00 ] ::1 /yun/Public/Home/images2016-08-10/57aace346a28f.png
INFO: [ app_init ] --START--
INFO: Run Behavior\BuildLiteBehavior [ RunTime:0.000043s ]
INFO: [ app_init ] --END-- [ RunTime:0.000601s ]
ERR: 无法加载模块:Public

[ 2016-08-10T16:05:50+08:00 ] ::1 /yun/Public/Home/rootPath2016-08-10/57aacdfc83c68.png
INFO: [ app_init ] --START--
INFO: Run Behavior\BuildLiteBehavior [ RunTime:0.000056s ]
INFO: [ app_init ] --END-- [ RunTime:0.002910s ]
ERR: 无法加载模块:Public

[ 2016-08-10T16:05:50+08:00 ] ::1 /yun/Public/Home/rootPath2016-08-10/57aacdfc83c68.png
INFO: [ app_init ] --START--
INFO: Run Behavior\BuildLiteBehavior [ RunTime:0.000050s ]
INFO: [ app_init ] --END-- [ RunTime:0.000718s ]
ERR: 无法加载模块:Public

[ 2016-08-10T16:05:50+08:00 ] ::1 /yun/Public/Home/2016-08-10/57aacccd66d6b.png
INFO: [ app_init ] --START--
INFO: Run Behavior\BuildLiteBehavior [ RunTime:0.000044s ]
INFO: [ app_init ] --END-- [ RunTime:0.002566s ]
ERR: 无法加载模块:Public

[ 2016-08-10T16:05:50+08:00 ] ::1 /yun/Public/Home/images2016-08-10/57aace346a28f.png
INFO: [ app_init ] --START--
INFO: Run Behavior\BuildLiteBehavior [ RunTime:0.000035s ]
INFO: [ app_init ] --END-- [ RunTime:0.000470s ]
ERR: 无法加载模块:Public

[ 2016-08-10T16:05:51+08:00 ] ::1 /yun/Public/Home/images2016-08-10/57aace346a28f.png
INFO: [ app_init ] --START--
INFO: Run Behavior\BuildLiteBehavior [ RunTime:0.000046s ]
INFO: [ app_init ] --END-- [ RunTime:0.000737s ]
ERR: 无法加载模块:Public

[ 2016-08-10T16:05:51+08:00 ] ::1 /yun/Public/Home/rootPath2016-08-10/57aacdfc83c68.png
INFO: [ app_init ] --START--
INFO: Run Behavior\BuildLiteBehavior [ RunTime:0.000043s ]
INFO: [ app_init ] --END-- [ RunTime:0.000541s ]
ERR: 无法加载模块:Public

[ 2016-08-10T16:05:51+08:00 ] ::1 /yun/Public/Home/2016-08-10/57aacccd66d6b.png
INFO: [ app_init ] --START--
INFO: Run Behavior\BuildLiteBehavior [ RunTime:0.000041s ]
INFO: [ app_init ] --END-- [ RunTime:0.000517s ]
ERR: 无法加载模块:Public

[ 2016-08-10T16:05:52+08:00 ] ::1 /yun/Public/Home/rootPath2016-08-10/57aacdfc83c68.png
INFO: [ app_init ] --START--
INFO: Run Behavior\BuildLiteBehavior [ RunTime:0.000044s ]
INFO: [ app_init ] --END-- [ RunTime:0.000597s ]
ERR: 无法加载模块:Public

[ 2016-08-10T16:05:52+08:00 ] ::1 /yun/Public/Home/images2016-08-10/57aace346a28f.png
INFO: [ app_init ] --START--
INFO: Run Behavior\BuildLiteBehavior [ RunTime:0.000051s ]
INFO: [ app_init ] --END-- [ RunTime:0.000637s ]
ERR: 无法加载模块:Public

[ 2016-08-10T16:05:52+08:00 ] ::1 /yun/Public/Home/2016-08-10/57aacccd66d6b.png
INFO: [ app_init ] --START--
INFO: Run Behavior\BuildLiteBehavior [ RunTime:0.000049s ]
INFO: [ app_init ] --END-- [ RunTime:0.003790s ]
ERR: 无法加载模块:Public

[ 2016-08-10T16:05:53+08:00 ] ::1 /yun/Public/Home/images2016-08-10/57aace346a28f.png
INFO: [ app_init ] --START--
INFO: Run Behavior\BuildLiteBehavior [ RunTime:0.000042s ]
INFO: [ app_init ] --END-- [ RunTime:0.000593s ]
ERR: 无法加载模块:Public

[ 2016-08-10T16:05:53+08:00 ] ::1 /yun/Public/Home/rootPath2016-08-10/57aacdfc83c68.png
INFO: [ app_init ] --START--
INFO: Run Behavior\BuildLiteBehavior [ RunTime:0.000037s ]
INFO: [ app_init ] --END-- [ RunTime:0.000516s ]
ERR: 无法加载模块:Public

[ 2016-08-10T16:05:53+08:00 ] ::1 /yun/Public/Home/2016-08-10/57aacccd66d6b.png
INFO: [ app_init ] --START--
INFO: Run Behavior\BuildLiteBehavior [ RunTime:0.000043s ]
INFO: [ app_init ] --END-- [ RunTime:0.000748s ]
ERR: 无法加载模块:Public

[ 2016-08-10T16:05:54+08:00 ] ::1 /yun/Public/Home/2016-08-10/57aacccd66d6b.png
INFO: [ app_init ] --START--
INFO: Run Behavior\BuildLiteBehavior [ RunTime:0.000040s ]
INFO: [ app_init ] --END-- [ RunTime:0.000526s ]
ERR: 无法加载模块:Public

[ 2016-08-10T16:05:54+08:00 ] ::1 /yun/Public/Home/rootPath2016-08-10/57aacdfc83c68.png
INFO: [ app_init ] --START--
INFO: Run Behavior\BuildLiteBehavior [ RunTime:0.000039s ]
INFO: [ app_init ] --END-- [ RunTime:0.000512s ]
ERR: 无法加载模块:Public

[ 2016-08-10T16:05:54+08:00 ] ::1 /yun/Public/Home/images2016-08-10/57aace346a28f.png
INFO: [ app_init ] --START--
INFO: Run Behavior\BuildLiteBehavior [ RunTime:0.000041s ]
INFO: [ app_init ] --END-- [ RunTime:0.000617s ]
ERR: 无法加载模块:Public

[ 2016-08-10T16:05:54+08:00 ] ::1 /yun/Public/Home/rootPath2016-08-10/57aacdfc83c68.png
INFO: [ app_init ] --START--
INFO: Run Behavior\BuildLiteBehavior [ RunTime:0.000044s ]
INFO: [ app_init ] --END-- [ RunTime:0.000553s ]
ERR: 无法加载模块:Public

[ 2016-08-10T16:05:54+08:00 ] ::1 /yun/Public/Home/2016-08-10/57aacccd66d6b.png
INFO: [ app_init ] --START--
INFO: Run Behavior\BuildLiteBehavior [ RunTime:0.000044s ]
INFO: [ app_init ] --END-- [ RunTime:0.000564s ]
ERR: 无法加载模块:Public

[ 2016-08-10T16:05:54+08:00 ] ::1 /yun/Public/Home/images2016-08-10/57aace346a28f.png
INFO: [ app_init ] --START--
INFO: Run Behavior\BuildLiteBehavior [ RunTime:0.000036s ]
INFO: [ app_init ] --END-- [ RunTime:0.000472s ]
ERR: 无法加载模块:Public

[ 2016-08-10T16:05:55+08:00 ] ::1 /yun/Public/Home/2016-08-10/57aacccd66d6b.png
INFO: [ app_init ] --START--
INFO: Run Behavior\BuildLiteBehavior [ RunTime:0.000043s ]
INFO: [ app_init ] --END-- [ RunTime:0.000535s ]
ERR: 无法加载模块:Public

[ 2016-08-10T16:05:55+08:00 ] ::1 /yun/Public/Home/rootPath2016-08-10/57aacdfc83c68.png
INFO: [ app_init ] --START--
INFO: Run Behavior\BuildLiteBehavior [ RunTime:0.000039s ]
INFO: [ app_init ] --END-- [ RunTime:0.000661s ]
ERR: 无法加载模块:Public

[ 2016-08-10T16:05:55+08:00 ] ::1 /yun/Public/Home/images2016-08-10/57aace346a28f.png
INFO: [ app_init ] --START--
INFO: Run Behavior\BuildLiteBehavior [ RunTime:0.000036s ]
INFO: [ app_init ] --END-- [ RunTime:0.000514s ]
ERR: 无法加载模块:Public

[ 2016-08-10T16:05:56+08:00 ] ::1 /yun/Public/Home/rootPath2016-08-10/57aacdfc83c68.png
INFO: [ app_init ] --START--
INFO: Run Behavior\BuildLiteBehavior [ RunTime:0.000042s ]
INFO: [ app_init ] --END-- [ RunTime:0.000724s ]
ERR: 无法加载模块:Public

[ 2016-08-10T16:05:56+08:00 ] ::1 /yun/Public/Home/images2016-08-10/57aace346a28f.png
INFO: [ app_init ] --START--
INFO: Run Behavior\BuildLiteBehavior [ RunTime:0.000039s ]
INFO: [ app_init ] --END-- [ RunTime:0.000629s ]
ERR: 无法加载模块:Public

[ 2016-08-10T16:05:56+08:00 ] ::1 /yun/Public/Home/2016-08-10/57aacccd66d6b.png
INFO: [ app_init ] --START--
INFO: Run Behavior\BuildLiteBehavior [ RunTime:0.000043s ]
INFO: [ app_init ] --END-- [ RunTime:0.000499s ]
ERR: 无法加载模块:Public

[ 2016-08-10T16:05:57+08:00 ] ::1 /yun/Public/Home/images2016-08-10/57aace346a28f.png
INFO: [ app_init ] --START--
INFO: Run Behavior\BuildLiteBehavior [ RunTime:0.000043s ]
INFO: [ app_init ] --END-- [ RunTime:0.000720s ]
ERR: 无法加载模块:Public

[ 2016-08-10T16:05:57+08:00 ] ::1 /yun/Public/Home/2016-08-10/57aacccd66d6b.png
INFO: [ app_init ] --START--
INFO: Run Behavior\BuildLiteBehavior [ RunTime:0.000084s ]
INFO: [ app_init ] --END-- [ RunTime:0.001041s ]
ERR: 无法加载模块:Public

[ 2016-08-10T16:05:57+08:00 ] ::1 /yun/Public/Home/rootPath2016-08-10/57aacdfc83c68.png
INFO: [ app_init ] --START--
INFO: Run Behavior\BuildLiteBehavior [ RunTime:0.000037s ]
INFO: [ app_init ] --END-- [ RunTime:0.000500s ]
ERR: 无法加载模块:Public

[ 2016-08-10T16:06:00+08:00 ] ::1 /yun/Public/Home/2016-08-10/57aacccd66d6b.png
INFO: [ app_init ] --START--
INFO: Run Behavior\BuildLiteBehavior [ RunTime:0.000042s ]
INFO: [ app_init ] --END-- [ RunTime:0.000685s ]
ERR: 无法加载模块:Public

[ 2016-08-10T16:06:00+08:00 ] ::1 /yun/Public/Home/rootPath2016-08-10/57aacdfc83c68.png
INFO: [ app_init ] --START--
INFO: Run Behavior\BuildLiteBehavior [ RunTime:0.000059s ]
INFO: [ app_init ] --END-- [ RunTime:0.001487s ]
ERR: 无法加载模块:Public

[ 2016-08-10T16:06:00+08:00 ] ::1 /yun/Public/Home/images2016-08-10/57aace346a28f.png
INFO: [ app_init ] --START--
INFO: Run Behavior\BuildLiteBehavior [ RunTime:0.000046s ]
INFO: [ app_init ] --END-- [ RunTime:0.000593s ]
ERR: 无法加载模块:Public

[ 2016-08-10T16:06:02+08:00 ] ::1 /yun/Public/Home/2016-08-10/57aacccd66d6b.png
INFO: [ app_init ] --START--
INFO: Run Behavior\BuildLiteBehavior [ RunTime:0.000038s ]
INFO: [ app_init ] --END-- [ RunTime:0.000520s ]
ERR: 无法加载模块:Public

[ 2016-08-10T16:06:02+08:00 ] ::1 /yun/Public/Home/images2016-08-10/57aace346a28f.png
INFO: [ app_init ] --START--
INFO: Run Behavior\BuildLiteBehavior [ RunTime:0.000049s ]
INFO: [ app_init ] --END-- [ RunTime:0.000788s ]
ERR: 无法加载模块:Public

[ 2016-08-10T16:06:02+08:00 ] ::1 /yun/Public/Home/rootPath2016-08-10/57aacdfc83c68.png
INFO: [ app_init ] --START--
INFO: Run Behavior\BuildLiteBehavior [ RunTime:0.000044s ]
INFO: [ app_init ] --END-- [ RunTime:0.000528s ]
ERR: 无法加载模块:Public

[ 2016-08-10T16:06:03+08:00 ] ::1 /yun/Public/Home/images2016-08-10/57aace346a28f.png
INFO: [ app_init ] --START--
INFO: Run Behavior\BuildLiteBehavior [ RunTime:0.000141s ]
INFO: [ app_init ] --END-- [ RunTime:0.000990s ]
ERR: 无法加载模块:Public

[ 2016-08-10T16:06:03+08:00 ] ::1 /yun/Public/Home/2016-08-10/57aacccd66d6b.png
INFO: [ app_init ] --START--
INFO: Run Behavior\BuildLiteBehavior [ RunTime:0.000090s ]
INFO: [ app_init ] --END-- [ RunTime:0.000883s ]
ERR: 无法加载模块:Public

[ 2016-08-10T16:06:03+08:00 ] ::1 /yun/Public/Home/rootPath2016-08-10/57aacdfc83c68.png
INFO: [ app_init ] --START--
INFO: Run Behavior\BuildLiteBehavior [ RunTime:0.000039s ]
INFO: [ app_init ] --END-- [ RunTime:0.000573s ]
ERR: 无法加载模块:Public

[ 2016-08-10T16:06:04+08:00 ] ::1 /yun/Public/Home/rootPath2016-08-10/57aacdfc83c68.png
INFO: [ app_init ] --START--
INFO: Run Behavior\BuildLiteBehavior [ RunTime:0.000040s ]
INFO: [ app_init ] --END-- [ RunTime:0.000512s ]
ERR: 无法加载模块:Public

[ 2016-08-10T16:06:04+08:00 ] ::1 /yun/Public/Home/images2016-08-10/57aace346a28f.png
INFO: [ app_init ] --START--
INFO: Run Behavior\BuildLiteBehavior [ RunTime:0.000048s ]
INFO: [ app_init ] --END-- [ RunTime:0.000684s ]
ERR: 无法加载模块:Public

[ 2016-08-10T16:06:04+08:00 ] ::1 /yun/Public/Home/2016-08-10/57aacccd66d6b.png
INFO: [ app_init ] --START--
INFO: Run Behavior\BuildLiteBehavior [ RunTime:0.000222s ]
INFO: [ app_init ] --END-- [ RunTime:0.001000s ]
ERR: 无法加载模块:Public

[ 2016-08-10T16:06:05+08:00 ] ::1 /yun/Public/Home/2016-08-10/57aacccd66d6b.png
INFO: [ app_init ] --START--
INFO: Run Behavior\BuildLiteBehavior [ RunTime:0.000037s ]
INFO: [ app_init ] --END-- [ RunTime:0.000545s ]
ERR: 无法加载模块:Public

[ 2016-08-10T16:06:05+08:00 ] ::1 /yun/Public/Home/rootPath2016-08-10/57aacdfc83c68.png
INFO: [ app_init ] --START--
INFO: Run Behavior\BuildLiteBehavior [ RunTime:0.000056s ]
INFO: [ app_init ] --END-- [ RunTime:0.001051s ]
ERR: 无法加载模块:Public

[ 2016-08-10T16:06:05+08:00 ] ::1 /yun/Public/Home/images2016-08-10/57aace346a28f.png
INFO: [ app_init ] --START--
INFO: Run Behavior\BuildLiteBehavior [ RunTime:0.000033s ]
INFO: [ app_init ] --END-- [ RunTime:0.000577s ]
ERR: 无法加载模块:Public

[ 2016-08-10T16:06:06+08:00 ] ::1 /yun/Public/Home/2016-08-10/57aacccd66d6b.png
INFO: [ app_init ] --START--
INFO: Run Behavior\BuildLiteBehavior [ RunTime:0.000043s ]
INFO: [ app_init ] --END-- [ RunTime:0.000514s ]
ERR: 无法加载模块:Public

[ 2016-08-10T16:06:06+08:00 ] ::1 /yun/Public/Home/images2016-08-10/57aace346a28f.png
INFO: [ app_init ] --START--
INFO: Run Behavior\BuildLiteBehavior [ RunTime:0.000044s ]
INFO: [ app_init ] --END-- [ RunTime:0.000667s ]
ERR: 无法加载模块:Public

[ 2016-08-10T16:06:06+08:00 ] ::1 /yun/Public/Home/rootPath2016-08-10/57aacdfc83c68.png
INFO: [ app_init ] --START--
INFO: Run Behavior\BuildLiteBehavior [ RunTime:0.000045s ]
INFO: [ app_init ] --END-- [ RunTime:0.000622s ]
ERR: 无法加载模块:Public

[ 2016-08-10T16:06:07+08:00 ] ::1 /yun/Public/Home/rootPath2016-08-10/57aacdfc83c68.png
INFO: [ app_init ] --START--
INFO: Run Behavior\BuildLiteBehavior [ RunTime:0.000044s ]
INFO: [ app_init ] --END-- [ RunTime:0.000678s ]
ERR: 无法加载模块:Public

[ 2016-08-10T16:06:07+08:00 ] ::1 /yun/Public/Home/2016-08-10/57aacccd66d6b.png
INFO: [ app_init ] --START--
INFO: Run Behavior\BuildLiteBehavior [ RunTime:0.000038s ]
INFO: [ app_init ] --END-- [ RunTime:0.000612s ]
ERR: 无法加载模块:Public

[ 2016-08-10T16:06:07+08:00 ] ::1 /yun/Public/Home/images2016-08-10/57aace346a28f.png
INFO: [ app_init ] --START--
INFO: Run Behavior\BuildLiteBehavior [ RunTime:0.000041s ]
INFO: [ app_init ] --END-- [ RunTime:0.000619s ]
ERR: 无法加载模块:Public

[ 2016-08-10T16:13:49+08:00 ] ::1 /yun/Public/Home/rootPath2016-08-10/57aacdfc83c68.png
INFO: [ app_init ] --START--
INFO: Run Behavior\BuildLiteBehavior [ RunTime:0.000037s ]
INFO: [ app_init ] --END-- [ RunTime:0.000574s ]
ERR: 无法加载模块:Public

[ 2016-08-10T16:13:49+08:00 ] ::1 /yun/Public/Home/2016-08-10/57aacccd66d6b.png
INFO: [ app_init ] --START--
INFO: Run Behavior\BuildLiteBehavior [ RunTime:0.000044s ]
INFO: [ app_init ] --END-- [ RunTime:0.000883s ]
ERR: 无法加载模块:Public

[ 2016-08-10T16:13:49+08:00 ] ::1 /yun/Public/Home/images2016-08-10/57aace346a28f.png
INFO: [ app_init ] --START--
INFO: Run Behavior\BuildLiteBehavior [ RunTime:0.000042s ]
INFO: [ app_init ] --END-- [ RunTime:0.000634s ]
ERR: 无法加载模块:Public

[ 2016-08-10T16:13:50+08:00 ] ::1 /yun/Public/Home/rootPath2016-08-10/57aacdfc83c68.png
INFO: [ app_init ] --START--
INFO: Run Behavior\BuildLiteBehavior [ RunTime:0.000037s ]
INFO: [ app_init ] --END-- [ RunTime:0.000513s ]
ERR: 无法加载模块:Public

[ 2016-08-10T16:13:50+08:00 ] ::1 /yun/Public/Home/images2016-08-10/57aace346a28f.png
INFO: [ app_init ] --START--
INFO: Run Behavior\BuildLiteBehavior [ RunTime:0.000038s ]
INFO: [ app_init ] --END-- [ RunTime:0.000620s ]
ERR: 无法加载模块:Public

[ 2016-08-10T16:13:50+08:00 ] ::1 /yun/Public/Home/2016-08-10/57aacccd66d6b.png
INFO: [ app_init ] --START--
INFO: Run Behavior\BuildLiteBehavior [ RunTime:0.000037s ]
INFO: [ app_init ] --END-- [ RunTime:0.000506s ]
ERR: 无法加载模块:Public

[ 2016-08-10T16:13:51+08:00 ] ::1 /yun/Public/Home/2016-08-10/57aacccd66d6b.png
INFO: [ app_init ] --START--
INFO: Run Behavior\BuildLiteBehavior [ RunTime:0.000043s ]
INFO: [ app_init ] --END-- [ RunTime:0.000530s ]
ERR: 无法加载模块:Public

[ 2016-08-10T16:13:51+08:00 ] ::1 /yun/Public/Home/images2016-08-10/57aace346a28f.png
INFO: [ app_init ] --START--
INFO: Run Behavior\BuildLiteBehavior [ RunTime:0.000040s ]
INFO: [ app_init ] --END-- [ RunTime:0.000769s ]
ERR: 无法加载模块:Public

[ 2016-08-10T16:13:51+08:00 ] ::1 /yun/Public/Home/rootPath2016-08-10/57aacdfc83c68.png
INFO: [ app_init ] --START--
INFO: Run Behavior\BuildLiteBehavior [ RunTime:0.000034s ]
INFO: [ app_init ] --END-- [ RunTime:0.000453s ]
ERR: 无法加载模块:Public

[ 2016-08-10T16:13:51+08:00 ] ::1 /yun/Public/Home/2016-08-10/57aacccd66d6b.png
INFO: [ app_init ] --START--
INFO: Run Behavior\BuildLiteBehavior [ RunTime:0.000038s ]
INFO: [ app_init ] --END-- [ RunTime:0.000627s ]
ERR: 无法加载模块:Public

[ 2016-08-10T16:13:51+08:00 ] ::1 /yun/Public/Home/images2016-08-10/57aace346a28f.png
INFO: [ app_init ] --START--
INFO: Run Behavior\BuildLiteBehavior [ RunTime:0.000039s ]
INFO: [ app_init ] --END-- [ RunTime:0.000596s ]
ERR: 无法加载模块:Public

[ 2016-08-10T16:13:51+08:00 ] ::1 /yun/Public/Home/rootPath2016-08-10/57aacdfc83c68.png
INFO: [ app_init ] --START--
INFO: Run Behavior\BuildLiteBehavior [ RunTime:0.000038s ]
INFO: [ app_init ] --END-- [ RunTime:0.000576s ]
ERR: 无法加载模块:Public

[ 2016-08-10T16:13:52+08:00 ] ::1 /yun/Public/Home/2016-08-10/57aacccd66d6b.png
INFO: [ app_init ] --START--
INFO: Run Behavior\BuildLiteBehavior [ RunTime:0.000042s ]
INFO: [ app_init ] --END-- [ RunTime:0.000528s ]
ERR: 无法加载模块:Public

[ 2016-08-10T16:13:52+08:00 ] ::1 /yun/Public/Home/images2016-08-10/57aace346a28f.png
INFO: [ app_init ] --START--
INFO: Run Behavior\BuildLiteBehavior [ RunTime:0.000047s ]
INFO: [ app_init ] --END-- [ RunTime:0.000712s ]
ERR: 无法加载模块:Public

[ 2016-08-10T16:13:52+08:00 ] ::1 /yun/Public/Home/rootPath2016-08-10/57aacdfc83c68.png
INFO: [ app_init ] --START--
INFO: Run Behavior\BuildLiteBehavior [ RunTime:0.000045s ]
INFO: [ app_init ] --END-- [ RunTime:0.000675s ]
ERR: 无法加载模块:Public

[ 2016-08-10T16:13:52+08:00 ] ::1 /yun/Public/Home/rootPath2016-08-10/57aacdfc83c68.png
INFO: [ app_init ] --START--
INFO: Run Behavior\BuildLiteBehavior [ RunTime:0.000039s ]
INFO: [ app_init ] --END-- [ RunTime:0.000480s ]
ERR: 无法加载模块:Public

[ 2016-08-10T16:13:52+08:00 ] ::1 /yun/Public/Home/2016-08-10/57aacccd66d6b.png
INFO: [ app_init ] --START--
INFO: Run Behavior\BuildLiteBehavior [ RunTime:0.000041s ]
INFO: [ app_init ] --END-- [ RunTime:0.000572s ]
ERR: 无法加载模块:Public

[ 2016-08-10T16:13:52+08:00 ] ::1 /yun/Public/Home/images2016-08-10/57aace346a28f.png
INFO: [ app_init ] --START--
INFO: Run Behavior\BuildLiteBehavior [ RunTime:0.000039s ]
INFO: [ app_init ] --END-- [ RunTime:0.000544s ]
ERR: 无法加载模块:Public

[ 2016-08-10T16:13:53+08:00 ] ::1 /yun/Public/Home/rootPath2016-08-10/57aacdfc83c68.png
INFO: [ app_init ] --START--
INFO: Run Behavior\BuildLiteBehavior [ RunTime:0.000041s ]
INFO: [ app_init ] --END-- [ RunTime:0.000555s ]
ERR: 无法加载模块:Public

[ 2016-08-10T16:13:53+08:00 ] ::1 /yun/Public/Home/images2016-08-10/57aace346a28f.png
INFO: [ app_init ] --START--
INFO: Run Behavior\BuildLiteBehavior [ RunTime:0.000036s ]
INFO: [ app_init ] --END-- [ RunTime:0.000513s ]
ERR: 无法加载模块:Public

[ 2016-08-10T16:13:53+08:00 ] ::1 /yun/Public/Home/2016-08-10/57aacccd66d6b.png
INFO: [ app_init ] --START--
INFO: Run Behavior\BuildLiteBehavior [ RunTime:0.000037s ]
INFO: [ app_init ] --END-- [ RunTime:0.000527s ]
ERR: 无法加载模块:Public

[ 2016-08-10T16:13:53+08:00 ] ::1 /yun/Public/Home/2016-08-10/57aacccd66d6b.png
INFO: [ app_init ] --START--
INFO: Run Behavior\BuildLiteBehavior [ RunTime:0.000048s ]
INFO: [ app_init ] --END-- [ RunTime:0.000855s ]
ERR: 无法加载模块:Public

[ 2016-08-10T16:13:53+08:00 ] ::1 /yun/Public/Home/rootPath2016-08-10/57aacdfc83c68.png
INFO: [ app_init ] --START--
INFO: Run Behavior\BuildLiteBehavior [ RunTime:0.000039s ]
INFO: [ app_init ] --END-- [ RunTime:0.000563s ]
ERR: 无法加载模块:Public

[ 2016-08-10T16:13:53+08:00 ] ::1 /yun/Public/Home/images2016-08-10/57aace346a28f.png
INFO: [ app_init ] --START--
INFO: Run Behavior\BuildLiteBehavior [ RunTime:0.000034s ]
INFO: [ app_init ] --END-- [ RunTime:0.000454s ]
ERR: 无法加载模块:Public

[ 2016-08-10T16:13:54+08:00 ] ::1 /yun/Public/Home/rootPath2016-08-10/57aacdfc83c68.png
INFO: [ app_init ] --START--
INFO: Run Behavior\BuildLiteBehavior [ RunTime:0.000042s ]
INFO: [ app_init ] --END-- [ RunTime:0.000534s ]
ERR: 无法加载模块:Public

[ 2016-08-10T16:13:54+08:00 ] ::1 /yun/Public/Home/images2016-08-10/57aace346a28f.png
INFO: [ app_init ] --START--
INFO: Run Behavior\BuildLiteBehavior [ RunTime:0.000043s ]
INFO: [ app_init ] --END-- [ RunTime:0.000636s ]
ERR: 无法加载模块:Public

[ 2016-08-10T16:13:54+08:00 ] ::1 /yun/Public/Home/2016-08-10/57aacccd66d6b.png
INFO: [ app_init ] --START--
INFO: Run Behavior\BuildLiteBehavior [ RunTime:0.000044s ]
INFO: [ app_init ] --END-- [ RunTime:0.001159s ]
ERR: 无法加载模块:Public

[ 2016-08-10T16:13:54+08:00 ] ::1 /yun/Public/Home/images2016-08-10/57aace346a28f.png
INFO: [ app_init ] --START--
INFO: Run Behavior\BuildLiteBehavior [ RunTime:0.000043s ]
INFO: [ app_init ] --END-- [ RunTime:0.000596s ]
ERR: 无法加载模块:Public

[ 2016-08-10T16:13:54+08:00 ] ::1 /yun/Public/Home/2016-08-10/57aacccd66d6b.png
INFO: [ app_init ] --START--
INFO: Run Behavior\BuildLiteBehavior [ RunTime:0.000047s ]
INFO: [ app_init ] --END-- [ RunTime:0.000661s ]
ERR: 无法加载模块:Public

[ 2016-08-10T16:13:54+08:00 ] ::1 /yun/Public/Home/rootPath2016-08-10/57aacdfc83c68.png
INFO: [ app_init ] --START--
INFO: Run Behavior\BuildLiteBehavior [ RunTime:0.000046s ]
INFO: [ app_init ] --END-- [ RunTime:0.000684s ]
ERR: 无法加载模块:Public

[ 2016-08-10T16:13:54+08:00 ] ::1 /yun/Public/Home/images2016-08-10/57aace346a28f.png
INFO: [ app_init ] --START--
INFO: Run Behavior\BuildLiteBehavior [ RunTime:0.000040s ]
INFO: [ app_init ] --END-- [ RunTime:0.000576s ]
ERR: 无法加载模块:Public

[ 2016-08-10T16:13:54+08:00 ] ::1 /yun/Public/Home/rootPath2016-08-10/57aacdfc83c68.png
INFO: [ app_init ] --START--
INFO: Run Behavior\BuildLiteBehavior [ RunTime:0.000037s ]
INFO: [ app_init ] --END-- [ RunTime:0.000517s ]
ERR: 无法加载模块:Public

[ 2016-08-10T16:13:54+08:00 ] ::1 /yun/Public/Home/2016-08-10/57aacccd66d6b.png
INFO: [ app_init ] --START--
INFO: Run Behavior\BuildLiteBehavior [ RunTime:0.000039s ]
INFO: [ app_init ] --END-- [ RunTime:0.000588s ]
ERR: 无法加载模块:Public

[ 2016-08-10T16:13:55+08:00 ] ::1 /yun/Public/Home/2016-08-10/57aacccd66d6b.png
INFO: [ app_init ] --START--
INFO: Run Behavior\BuildLiteBehavior [ RunTime:0.000039s ]
INFO: [ app_init ] --END-- [ RunTime:0.000544s ]
ERR: 无法加载模块:Public

[ 2016-08-10T16:13:55+08:00 ] ::1 /yun/Public/Home/images2016-08-10/57aace346a28f.png
INFO: [ app_init ] --START--
INFO: Run Behavior\BuildLiteBehavior [ RunTime:0.000035s ]
INFO: [ app_init ] --END-- [ RunTime:0.000481s ]
ERR: 无法加载模块:Public

[ 2016-08-10T16:13:55+08:00 ] ::1 /yun/Public/Home/rootPath2016-08-10/57aacdfc83c68.png
INFO: [ app_init ] --START--
INFO: Run Behavior\BuildLiteBehavior [ RunTime:0.000035s ]
INFO: [ app_init ] --END-- [ RunTime:0.000458s ]
ERR: 无法加载模块:Public

[ 2016-08-10T16:13:56+08:00 ] ::1 /yun/Public/Home/2016-08-10/57aacccd66d6b.png
INFO: [ app_init ] --START--
INFO: Run Behavior\BuildLiteBehavior [ RunTime:0.000043s ]
INFO: [ app_init ] --END-- [ RunTime:0.000637s ]
ERR: 无法加载模块:Public

[ 2016-08-10T16:13:56+08:00 ] ::1 /yun/Public/Home/rootPath2016-08-10/57aacdfc83c68.png
INFO: [ app_init ] --START--
INFO: Run Behavior\BuildLiteBehavior [ RunTime:0.000042s ]
INFO: [ app_init ] --END-- [ RunTime:0.000530s ]
ERR: 无法加载模块:Public

[ 2016-08-10T16:13:56+08:00 ] ::1 /yun/Public/Home/images2016-08-10/57aace346a28f.png
INFO: [ app_init ] --START--
INFO: Run Behavior\BuildLiteBehavior [ RunTime:0.000257s ]
INFO: [ app_init ] --END-- [ RunTime:0.001016s ]
ERR: 无法加载模块:Public

[ 2016-08-10T16:13:57+08:00 ] ::1 /yun/Public/Home/images2016-08-10/57aace346a28f.png
INFO: [ app_init ] --START--
INFO: Run Behavior\BuildLiteBehavior [ RunTime:0.000042s ]
INFO: [ app_init ] --END-- [ RunTime:0.000576s ]
ERR: 无法加载模块:Public

[ 2016-08-10T16:13:57+08:00 ] ::1 /yun/Public/Home/2016-08-10/57aacccd66d6b.png
INFO: [ app_init ] --START--
INFO: Run Behavior\BuildLiteBehavior [ RunTime:0.000047s ]
INFO: [ app_init ] --END-- [ RunTime:0.000836s ]
ERR: 无法加载模块:Public

[ 2016-08-10T16:13:57+08:00 ] ::1 /yun/Public/Home/rootPath2016-08-10/57aacdfc83c68.png
INFO: [ app_init ] --START--
INFO: Run Behavior\BuildLiteBehavior [ RunTime:0.000049s ]
INFO: [ app_init ] --END-- [ RunTime:0.000682s ]
ERR: 无法加载模块:Public

[ 2016-08-10T16:13:57+08:00 ] ::1 /yun/Public/Home/images2016-08-10/57aace346a28f.png
INFO: [ app_init ] --START--
INFO: Run Behavior\BuildLiteBehavior [ RunTime:0.000038s ]
INFO: [ app_init ] --END-- [ RunTime:0.000568s ]
ERR: 无法加载模块:Public

[ 2016-08-10T16:13:57+08:00 ] ::1 /yun/Public/Home/2016-08-10/57aacccd66d6b.png
INFO: [ app_init ] --START--
INFO: Run Behavior\BuildLiteBehavior [ RunTime:0.000042s ]
INFO: [ app_init ] --END-- [ RunTime:0.000604s ]
ERR: 无法加载模块:Public

[ 2016-08-10T16:13:57+08:00 ] ::1 /yun/Public/Home/rootPath2016-08-10/57aacdfc83c68.png
INFO: [ app_init ] --START--
INFO: Run Behavior\BuildLiteBehavior [ RunTime:0.000035s ]
INFO: [ app_init ] --END-- [ RunTime:0.000474s ]
ERR: 无法加载模块:Public

[ 2016-08-10T16:13:58+08:00 ] ::1 /yun/Public/Home/2016-08-10/57aacccd66d6b.png
INFO: [ app_init ] --START--
INFO: Run Behavior\BuildLiteBehavior [ RunTime:0.000129s ]
INFO: [ app_init ] --END-- [ RunTime:0.000920s ]
ERR: 无法加载模块:Public

[ 2016-08-10T16:13:58+08:00 ] ::1 /yun/Public/Home/rootPath2016-08-10/57aacdfc83c68.png
INFO: [ app_init ] --START--
INFO: Run Behavior\BuildLiteBehavior [ RunTime:0.000045s ]
INFO: [ app_init ] --END-- [ RunTime:0.000644s ]
ERR: 无法加载模块:Public

[ 2016-08-10T16:13:58+08:00 ] ::1 /yun/Public/Home/images2016-08-10/57aace346a28f.png
INFO: [ app_init ] --START--
INFO: Run Behavior\BuildLiteBehavior [ RunTime:0.000045s ]
INFO: [ app_init ] --END-- [ RunTime:0.000613s ]
ERR: 无法加载模块:Public

[ 2016-08-10T16:13:58+08:00 ] ::1 /yun/Public/Home/rootPath2016-08-10/57aacdfc83c68.png
INFO: [ app_init ] --START--
INFO: Run Behavior\BuildLiteBehavior [ RunTime:0.000040s ]
INFO: [ app_init ] --END-- [ RunTime:0.000520s ]
ERR: 无法加载模块:Public

[ 2016-08-10T16:13:58+08:00 ] ::1 /yun/Public/Home/images2016-08-10/57aace346a28f.png
INFO: [ app_init ] --START--
INFO: Run Behavior\BuildLiteBehavior [ RunTime:0.000038s ]
INFO: [ app_init ] --END-- [ RunTime:0.000498s ]
ERR: 无法加载模块:Public

[ 2016-08-10T16:13:58+08:00 ] ::1 /yun/Public/Home/2016-08-10/57aacccd66d6b.png
INFO: [ app_init ] --START--
INFO: Run Behavior\BuildLiteBehavior [ RunTime:0.000044s ]
INFO: [ app_init ] --END-- [ RunTime:0.000620s ]
ERR: 无法加载模块:Public

[ 2016-08-10T16:13:59+08:00 ] ::1 /yun/Public/Home/2016-08-10/57aacccd66d6b.png
INFO: [ app_init ] --START--
INFO: Run Behavior\BuildLiteBehavior [ RunTime:0.000041s ]
INFO: [ app_init ] --END-- [ RunTime:0.000549s ]
ERR: 无法加载模块:Public

[ 2016-08-10T16:13:59+08:00 ] ::1 /yun/Public/Home/images2016-08-10/57aace346a28f.png
INFO: [ app_init ] --START--
INFO: Run Behavior\BuildLiteBehavior [ RunTime:0.000050s ]
INFO: [ app_init ] --END-- [ RunTime:0.000702s ]
ERR: 无法加载模块:Public

[ 2016-08-10T16:13:59+08:00 ] ::1 /yun/Public/Home/rootPath2016-08-10/57aacdfc83c68.png
INFO: [ app_init ] --START--
INFO: Run Behavior\BuildLiteBehavior [ RunTime:0.000046s ]
INFO: [ app_init ] --END-- [ RunTime:0.001010s ]
ERR: 无法加载模块:Public

[ 2016-08-10T16:14:00+08:00 ] ::1 /yun/Public/Home/rootPath2016-08-10/57aacdfc83c68.png
INFO: [ app_init ] --START--
INFO: Run Behavior\BuildLiteBehavior [ RunTime:0.000042s ]
INFO: [ app_init ] --END-- [ RunTime:0.000690s ]
ERR: 无法加载模块:Public

[ 2016-08-10T16:14:00+08:00 ] ::1 /yun/Public/Home/2016-08-10/57aacccd66d6b.png
INFO: [ app_init ] --START--
INFO: Run Behavior\BuildLiteBehavior [ RunTime:0.000040s ]
INFO: [ app_init ] --END-- [ RunTime:0.000655s ]
ERR: 无法加载模块:Public

[ 2016-08-10T16:14:00+08:00 ] ::1 /yun/Public/Home/images2016-08-10/57aace346a28f.png
INFO: [ app_init ] --START--
INFO: Run Behavior\BuildLiteBehavior [ RunTime:0.000041s ]
INFO: [ app_init ] --END-- [ RunTime:0.000563s ]
ERR: 无法加载模块:Public

[ 2016-08-10T16:14:00+08:00 ] ::1 /yun/Public/Home/2016-08-10/57aacccd66d6b.png
INFO: [ app_init ] --START--
INFO: Run Behavior\BuildLiteBehavior [ RunTime:0.000047s ]
INFO: [ app_init ] --END-- [ RunTime:0.000662s ]
ERR: 无法加载模块:Public

[ 2016-08-10T16:14:00+08:00 ] ::1 /yun/Public/Home/images2016-08-10/57aace346a28f.png
INFO: [ app_init ] --START--
INFO: Run Behavior\BuildLiteBehavior [ RunTime:0.000036s ]
INFO: [ app_init ] --END-- [ RunTime:0.000588s ]
ERR: 无法加载模块:Public

[ 2016-08-10T16:14:00+08:00 ] ::1 /yun/Public/Home/rootPath2016-08-10/57aacdfc83c68.png
INFO: [ app_init ] --START--
INFO: Run Behavior\BuildLiteBehavior [ RunTime:0.000034s ]
INFO: [ app_init ] --END-- [ RunTime:0.000448s ]
ERR: 无法加载模块:Public

[ 2016-08-10T16:14:01+08:00 ] ::1 /yun/Public/Home/rootPath2016-08-10/57aacdfc83c68.png
INFO: [ app_init ] --START--
INFO: Run Behavior\BuildLiteBehavior [ RunTime:0.000043s ]
INFO: [ app_init ] --END-- [ RunTime:0.000604s ]
ERR: 无法加载模块:Public

[ 2016-08-10T16:14:01+08:00 ] ::1 /yun/Public/Home/2016-08-10/57aacccd66d6b.png
INFO: [ app_init ] --START--
INFO: Run Behavior\BuildLiteBehavior [ RunTime:0.000046s ]
INFO: [ app_init ] --END-- [ RunTime:0.000676s ]
ERR: 无法加载模块:Public

[ 2016-08-10T16:14:01+08:00 ] ::1 /yun/Public/Home/images2016-08-10/57aace346a28f.png
INFO: [ app_init ] --START--
INFO: Run Behavior\BuildLiteBehavior [ RunTime:0.000034s ]
INFO: [ app_init ] --END-- [ RunTime:0.000451s ]
ERR: 无法加载模块:Public

[ 2016-08-10T16:14:02+08:00 ] ::1 /yun/Public/Home/2016-08-10/57aacccd66d6b.png
INFO: [ app_init ] --START--
INFO: Run Behavior\BuildLiteBehavior [ RunTime:0.000045s ]
INFO: [ app_init ] --END-- [ RunTime:0.000689s ]
ERR: 无法加载模块:Public

[ 2016-08-10T16:14:02+08:00 ] ::1 /yun/Public/Home/images2016-08-10/57aace346a28f.png
INFO: [ app_init ] --START--
INFO: Run Behavior\BuildLiteBehavior [ RunTime:0.000045s ]
INFO: [ app_init ] --END-- [ RunTime:0.000643s ]
ERR: 无法加载模块:Public

[ 2016-08-10T16:14:02+08:00 ] ::1 /yun/Public/Home/rootPath2016-08-10/57aacdfc83c68.png
INFO: [ app_init ] --START--
INFO: Run Behavior\BuildLiteBehavior [ RunTime:0.000128s ]
INFO: [ app_init ] --END-- [ RunTime:0.001708s ]
ERR: 无法加载模块:Public

[ 2016-08-10T16:14:02+08:00 ] ::1 /yun/Public/Home/2016-08-10/57aacccd66d6b.png
INFO: [ app_init ] --START--
INFO: Run Behavior\BuildLiteBehavior [ RunTime:0.000041s ]
INFO: [ app_init ] --END-- [ RunTime:0.000581s ]
ERR: 无法加载模块:Public

[ 2016-08-10T16:14:02+08:00 ] ::1 /yun/Public/Home/rootPath2016-08-10/57aacdfc83c68.png
INFO: [ app_init ] --START--
INFO: Run Behavior\BuildLiteBehavior [ RunTime:0.000038s ]
INFO: [ app_init ] --END-- [ RunTime:0.000742s ]
ERR: 无法加载模块:Public

[ 2016-08-10T16:14:02+08:00 ] ::1 /yun/Public/Home/images2016-08-10/57aace346a28f.png
INFO: [ app_init ] --START--
INFO: Run Behavior\BuildLiteBehavior [ RunTime:0.000039s ]
INFO: [ app_init ] --END-- [ RunTime:0.000515s ]
ERR: 无法加载模块:Public

[ 2016-08-10T16:14:03+08:00 ] ::1 /yun/Public/Home/2016-08-10/57aacccd66d6b.png
INFO: [ app_init ] --START--
INFO: Run Behavior\BuildLiteBehavior [ RunTime:0.000041s ]
INFO: [ app_init ] --END-- [ RunTime:0.000515s ]
ERR: 无法加载模块:Public

[ 2016-08-10T16:14:03+08:00 ] ::1 /yun/Public/Home/rootPath2016-08-10/57aacdfc83c68.png
INFO: [ app_init ] --START--
INFO: Run Behavior\BuildLiteBehavior [ RunTime:0.000044s ]
INFO: [ app_init ] --END-- [ RunTime:0.000534s ]
ERR: 无法加载模块:Public

[ 2016-08-10T16:14:03+08:00 ] ::1 /yun/Public/Home/images2016-08-10/57aace346a28f.png
INFO: [ app_init ] --START--
INFO: Run Behavior\BuildLiteBehavior [ RunTime:0.000044s ]
INFO: [ app_init ] --END-- [ RunTime:0.000633s ]
ERR: 无法加载模块:Public

[ 2016-08-10T16:14:04+08:00 ] ::1 /yun/Public/Home/rootPath2016-08-10/57aacdfc83c68.png
INFO: [ app_init ] --START--
INFO: Run Behavior\BuildLiteBehavior [ RunTime:0.000040s ]
INFO: [ app_init ] --END-- [ RunTime:0.000522s ]
ERR: 无法加载模块:Public

[ 2016-08-10T16:14:04+08:00 ] ::1 /yun/Public/Home/images2016-08-10/57aace346a28f.png
INFO: [ app_init ] --START--
INFO: Run Behavior\BuildLiteBehavior [ RunTime:0.000042s ]
INFO: [ app_init ] --END-- [ RunTime:0.000614s ]
ERR: 无法加载模块:Public

[ 2016-08-10T16:14:04+08:00 ] ::1 /yun/Public/Home/2016-08-10/57aacccd66d6b.png
INFO: [ app_init ] --START--
INFO: Run Behavior\BuildLiteBehavior [ RunTime:0.000039s ]
INFO: [ app_init ] --END-- [ RunTime:0.000893s ]
ERR: 无法加载模块:Public

[ 2016-08-10T16:14:06+08:00 ] ::1 /yun/Public/Home/rootPath2016-08-10/57aacdfc83c68.png
INFO: [ app_init ] --START--
INFO: Run Behavior\BuildLiteBehavior [ RunTime:0.000040s ]
INFO: [ app_init ] --END-- [ RunTime:0.000540s ]
ERR: 无法加载模块:Public

[ 2016-08-10T16:14:06+08:00 ] ::1 /yun/Public/Home/2016-08-10/57aacccd66d6b.png
INFO: [ app_init ] --START--
INFO: Run Behavior\BuildLiteBehavior [ RunTime:0.000041s ]
INFO: [ app_init ] --END-- [ RunTime:0.000532s ]
ERR: 无法加载模块:Public

[ 2016-08-10T16:14:06+08:00 ] ::1 /yun/Public/Home/images2016-08-10/57aace346a28f.png
INFO: [ app_init ] --START--
INFO: Run Behavior\BuildLiteBehavior [ RunTime:0.000040s ]
INFO: [ app_init ] --END-- [ RunTime:0.000552s ]
ERR: 无法加载模块:Public

[ 2016-08-10T16:14:07+08:00 ] ::1 /yun/Public/Home/rootPath2016-08-10/57aacdfc83c68.png
INFO: [ app_init ] --START--
INFO: Run Behavior\BuildLiteBehavior [ RunTime:0.000042s ]
INFO: [ app_init ] --END-- [ RunTime:0.000552s ]
ERR: 无法加载模块:Public

[ 2016-08-10T16:14:07+08:00 ] ::1 /yun/Public/Home/2016-08-10/57aacccd66d6b.png
INFO: [ app_init ] --START--
INFO: Run Behavior\BuildLiteBehavior [ RunTime:0.000037s ]
INFO: [ app_init ] --END-- [ RunTime:0.000495s ]
ERR: 无法加载模块:Public

ic

[ 2016-08-10T16:14:08+08:00 ] ::1 /yun/Public/Home/2016-08-10/57aacccd66d6b.png
INFO: [ app_init ] --START--
INFO: Run Behavior\BuildLiteBehavior [ RunTime:0.000041s ]
INFO: [ app_init ] --END-- [ RunTime:0.000636s ]
ERR: 无法加载模块:Public

[ 2016-08-10T16:14:08+08:00 ] ::1 /yun/Public/Home/rootPath2016-08-10/57aacdfc83c68.png
INFO: [ app_init ] --START--
INFO: Run Behavior\BuildLiteBehavior [ RunTime:0.000037s ]
INFO: [ app_init ] --END-- [ RunTime:0.000517s ]
ERR: 无法加载模块:Public

[ 2016-08-10T16:14:09+08:00 ] ::1 /yun/Public/Home/images2016-08-10/57aace346a28f.png
INFO: [ app_init ] --START--
INFO: Run Behavior\BuildLiteBehavior [ RunTime:0.000042s ]
INFO: [ app_init ] --END-- [ RunTime:0.000536s ]
ERR: 无法加载模块:Public

[ 2016-08-10T16:14:09+08:00 ] ::1 /yun/Public/Home/rootPath2016-08-10/57aacdfc83c68.png
INFO: [ app_init ] --START--
INFO: Run Behavior\BuildLiteBehavior [ RunTime:0.000037s ]
INFO: [ app_init ] --END-- [ RunTime:0.000495s ]
ERR: 无法加载模块:Public

[ 2016-08-10T16:14:09+08:00 ] ::1 /yun/Public/Home/2016-08-10/57aacccd66d6b.png
INFO: [ app_init ] --START--
INFO: Run Behavior\BuildLiteBehavior [ RunTime:0.000046s ]
INFO: [ app_init ] --END-- [ RunTime:0.000738s ]
ERR: 无法加载模块:Public

[ 2016-08-10T16:14:09+08:00 ] ::1 /yun/Public/Home/rootPath2016-08-10/57aacdfc83c68.png
INFO: [ app_init ] --START--
INFO: Run Behavior\BuildLiteBehavior [ RunTime:0.000042s ]
INFO: [ app_init ] --END-- [ RunTime:0.000580s ]
ERR: 无法加载模块:Public

[ 2016-08-10T16:14:09+08:00 ] ::1 /yun/Public/Home/images2016-08-10/57aace346a28f.png
INFO: [ app_init ] --START--
INFO: Run Behavior\BuildLiteBehavior [ RunTime:0.000038s ]
INFO: [ app_init ] --END-- [ RunTime:0.000530s ]
ERR: 无法加载模块:Public

[ 2016-08-10T16:14:09+08:00 ] ::1 /yun/Public/Home/2016-08-10/57aacccd66d6b.png
INFO: [ app_init ] --START--
INFO: Run Behavior\BuildLiteBehavior [ RunTime:0.000041s ]
INFO: [ app_init ] --END-- [ RunTime:0.000664s ]
ERR: 无法加载模块:Public

[ 2016-08-10T16:14:10+08:00 ] ::1 /yun/Public/Home/rootPath2016-08-10/57aacdfc83c68.png
INFO: [ app_init ] --START--
INFO: Run Behavior\BuildLiteBehavior [ RunTime:0.000039s ]
INFO: [ app_init ] --END-- [ RunTime:0.000566s ]
ERR: 无法加载模块:Public

[ 2016-08-10T16:14:10+08:00 ] ::1 /yun/Public/Home/images2016-08-10/57aace346a28f.png
INFO: [ app_init ] --START--
INFO: Run Behavior\BuildLiteBehavior [ RunTime:0.000043s ]
INFO: [ app_init ] --END-- [ RunTime:0.000588s ]
ERR: 无法加载模块:Public

[ 2016-08-10T16:14:10+08:00 ] ::1 /yun/Public/Home/2016-08-10/57aacccd66d6b.png
INFO: [ app_init ] --START--
INFO: Run Behavior\BuildLiteBehavior [ RunTime:0.000055s ]
INFO: [ app_init ] --END-- [ RunTime:0.000887s ]
ERR: 无法加载模块:Public

[ 2016-08-10T16:14:10+08:00 ] ::1 /yun/Public/Home/rootPath2016-08-10/57aacdfc83c68.png
INFO: [ app_init ] --START--
INFO: Run Behavior\BuildLiteBehavior [ RunTime:0.000040s ]
INFO: [ app_init ] --END-- [ RunTime:0.000538s ]
ERR: 无法加载模块:Public

[ 2016-08-10T16:14:10+08:00 ] ::1 /yun/Public/Home/images2016-08-10/57aace346a28f.png
INFO: [ app_init ] --START--
INFO: Run Behavior\BuildLiteBehavior [ RunTime:0.000039s ]
INFO: [ app_init ] --END-- [ RunTime:0.000544s ]
ERR: 无法加载模块:Public

[ 2016-08-10T16:14:10+08:00 ] ::1 /yun/Public/Home/2016-08-10/57aacccd66d6b.png
INFO: [ app_init ] --START--
INFO: Run Behavior\BuildLiteBehavior [ RunTime:0.000035s ]
INFO: [ app_init ] --END-- [ RunTime:0.000451s ]
ERR: 无法加载模块:Public

[ 2016-08-10T16:14:10+08:00 ] ::1 /yun/Public/Home/rootPath2016-08-10/57aacdfc83c68.png
INFO: [ app_init ] --START--
INFO: Run Behavior\BuildLiteBehavior [ RunTime:0.000042s ]
INFO: [ app_init ] --END-- [ RunTime:0.000530s ]
ERR: 无法加载模块:Public

[ 2016-08-10T16:14:10+08:00 ] ::1 /yun/Public/Home/images2016-08-10/57aace346a28f.png
INFO: [ app_init ] --START--
INFO: Run Behavior\BuildLiteBehavior [ RunTime:0.000036s ]
INFO: [ app_init ] --END-- [ RunTime:0.000530s ]
ERR: 无法加载模块:Public

[ 2016-08-10T16:14:10+08:00 ] ::1 /yun/Public/Home/2016-08-10/57aacccd66d6b.png
INFO: [ app_init ] --START--
INFO: Run Behavior\BuildLiteBehavior [ RunTime:0.000041s ]
INFO: [ app_init ] --END-- [ RunTime:0.000610s ]
ERR: 无法加载模块:Public

[ 2016-08-10T16:14:11+08:00 ] ::1 /yun/Public/Home/rootPath2016-08-10/57aacdfc83c68.png
INFO: [ app_init ] --START--
INFO: Run Behavior\BuildLiteBehavior [ RunTime:0.000039s ]
INFO: [ app_init ] --END-- [ RunTime:0.000520s ]
ERR: 无法加载模块:Public

[ 2016-08-10T16:14:11+08:00 ] ::1 /yun/Public/Home/2016-08-10/57aacccd66d6b.png
INFO: [ app_init ] --START--
INFO: Run Behavior\BuildLiteBehavior [ RunTime:0.000041s ]
INFO: [ app_init ] --END-- [ RunTime:0.000510s ]
ERR: 无法加载模块:Public

[ 2016-08-10T16:14:11+08:00 ] ::1 /yun/Public/Home/images2016-08-10/57aace346a28f.png
INFO: [ app_init ] --START--
INFO: Run Behavior\BuildLiteBehavior [ RunTime:0.000040s ]
INFO: [ app_init ] --END-- [ RunTime:0.000619s ]
ERR: 无法加载模块:Public

[ 2016-08-10T16:14:11+08:00 ] ::1 /yun/Public/Home/rootPath2016-08-10/57aacdfc83c68.png
INFO: [ app_init ] --START--
INFO: Run Behavior\BuildLiteBehavior [ RunTime:0.000046s ]
INFO: [ app_init ] --END-- [ RunTime:0.000641s ]
ERR: 无法加载模块:Public

[ 2016-08-10T16:14:11+08:00 ] ::1 /yun/Public/Home/2016-08-10/57aacccd66d6b.png
INFO: [ app_init ] --START--
INFO: Run Behavior\BuildLiteBehavior [ RunTime:0.000054s ]
INFO: [ app_init ] --END-- [ RunTime:0.000643s ]
ERR: 无法加载模块:Public

[ 2016-08-10T16:14:11+08:00 ] ::1 /yun/Public/Home/images2016-08-10/57aace346a28f.png
INFO: [ app_init ] --START--
INFO: Run Behavior\BuildLiteBehavior [ RunTime:0.000046s ]
INFO: [ app_init ] --END-- [ RunTime:0.000626s ]
ERR: 无法加载模块:Public

[ 2016-08-10T16:14:12+08:00 ] ::1 /yun/Public/Home/rootPath2016-08-10/57aacdfc83c68.png
INFO: [ app_init ] --START--
INFO: Run Behavior\BuildLiteBehavior [ RunTime:0.000040s ]
INFO: [ app_init ] --END-- [ RunTime:0.000532s ]
ERR: 无法加载模块:Public

[ 2016-08-10T16:14:12+08:00 ] ::1 /yun/Public/Home/images2016-08-10/57aace346a28f.png
INFO: [ app_init ] --START--
INFO: Run Behavior\BuildLiteBehavior [ RunTime:0.000044s ]
INFO: [ app_init ] --END-- [ RunTime:0.000642s ]
ERR: 无法加载模块:Public

[ 2016-08-10T16:14:12+08:00 ] ::1 /yun/Public/Home/2016-08-10/57aacccd66d6b.png
INFO: [ app_init ] --START--
INFO: Run Behavior\BuildLiteBehavior [ RunTime:0.000518s ]
INFO: [ app_init ] --END-- [ RunTime:0.001714s ]
ERR: 无法加载模块:Public

[ 2016-08-10T16:14:12+08:00 ] ::1 /yun/Public/Home/rootPath2016-08-10/57aacdfc83c68.png
INFO: [ app_init ] --START--
INFO: Run Behavior\BuildLiteBehavior [ RunTime:0.000043s ]
INFO: [ app_init ] --END-- [ RunTime:0.000539s ]
ERR: 无法加载模块:Public

[ 2016-08-10T16:14:12+08:00 ] ::1 /yun/Public/Home/2016-08-10/57aacccd66d6b.png
INFO: [ app_init ] --START--
INFO: Run Behavior\BuildLiteBehavior [ RunTime:0.000045s ]
INFO: [ app_init ] --END-- [ RunTime:0.000630s ]
ERR: 无法加载模块:Public

[ 2016-08-10T16:14:12+08:00 ] ::1 /yun/Public/Home/images2016-08-10/57aace346a28f.png
INFO: [ app_init ] --START--
INFO: Run Behavior\BuildLiteBehavior [ RunTime:0.000040s ]
INFO: [ app_init ] --END-- [ RunTime:0.000535s ]
ERR: 无法加载模块:Public

[ 2016-08-10T16:14:12+08:00 ] ::1 /yun/Public/Home/rootPath2016-08-10/57aacdfc83c68.png
INFO: [ app_init ] --START--
INFO: Run Behavior\BuildLiteBehavior [ RunTime:0.000038s ]
INFO: [ app_init ] --END-- [ RunTime:0.000555s ]
ERR: 无法加载模块:Public

[ 2016-08-10T16:14:12+08:00 ] ::1 /yun/Public/Home/images2016-08-10/57aace346a28f.png
INFO: [ app_init ] --START--
INFO: Run Behavior\BuildLiteBehavior [ RunTime:0.000035s ]
INFO: [ app_init ] --END-- [ RunTime:0.000478s ]
ERR: 无法加载模块:Public

[ 2016-08-10T16:14:12+08:00 ] ::1 /yun/Public/Home/2016-08-10/57aacccd66d6b.png
INFO: [ app_init ] --START--
INFO: Run Behavior\BuildLiteBehavior [ RunTime:0.000042s ]
INFO: [ app_init ] --END-- [ RunTime:0.000603s ]
ERR: 无法加载模块:Public

[ 2016-08-10T16:14:13+08:00 ] ::1 /yun/Public/Home/images2016-08-10/57aace346a28f.png
INFO: [ app_init ] --START--
INFO: Run Behavior\BuildLiteBehavior [ RunTime:0.000042s ]
INFO: [ app_init ] --END-- [ RunTime:0.000529s ]
ERR: 无法加载模块:Public

[ 2016-08-10T16:14:13+08:00 ] ::1 /yun/Public/Home/2016-08-10/57aacccd66d6b.png
INFO: [ app_init ] --START--
INFO: Run Behavior\BuildLiteBehavior [ RunTime:0.000043s ]
INFO: [ app_init ] --END-- [ RunTime:0.000590s ]
ERR: 无法加载模块:Public

[ 2016-08-10T16:14:13+08:00 ] ::1 /yun/Public/Home/rootPath2016-08-10/57aacdfc83c68.png
INFO: [ app_init ] --START--
INFO: Run Behavior\BuildLiteBehavior [ RunTime:0.000035s ]
INFO: [ app_init ] --END-- [ RunTime:0.000455s ]
ERR: 无法加载模块:Public

[ 2016-08-10T16:14:13+08:00 ] ::1 /yun/Public/Home/images2016-08-10/57aace346a28f.png
INFO: [ app_init ] --START--
INFO: Run Behavior\BuildLiteBehavior [ RunTime:0.000044s ]
INFO: [ app_init ] --END-- [ RunTime:0.000616s ]
ERR: 无法加载模块:Public

[ 2016-08-10T16:14:13+08:00 ] ::1 /yun/Public/Home/rootPath2016-08-10/57aacdfc83c68.png
INFO: [ app_init ] --START--
INFO: Run Behavior\BuildLiteBehavior [ RunTime:0.000042s ]
INFO: [ app_init ] --END-- [ RunTime:0.000551s ]
ERR: 无法加载模块:Public

[ 2016-08-10T16:14:13+08:00 ] ::1 /yun/Public/Home/2016-08-10/57aacccd66d6b.png
INFO: [ app_init ] --START--
INFO: Run Behavior\BuildLiteBehavior [ RunTime:0.000034s ]
INFO: [ app_init ] --END-- [ RunTime:0.000452s ]
ERR: 无法加载模块:Public

[ 2016-08-10T16:14:14+08:00 ] ::1 /yun/Public/Home/rootPath2016-08-10/57aacdfc83c68.png
INFO: [ app_init ] --START--
INFO: Run Behavior\BuildLiteBehavior [ RunTime:0.000041s ]
INFO: [ app_init ] --END-- [ RunTime:0.000627s ]
ERR: 无法加载模块:Public

[ 2016-08-10T16:14:14+08:00 ] ::1 /yun/Public/Home/2016-08-10/57aacccd66d6b.png
INFO: [ app_init ] --START--
INFO: Run Behavior\BuildLiteBehavior [ RunTime:0.000040s ]
INFO: [ app_init ] --END-- [ RunTime:0.000642s ]
ERR: 无法加载模块:Public

[ 2016-08-10T16:14:14+08:00 ] ::1 /yun/Public/Home/images2016-08-10/57aace346a28f.png
INFO: [ app_init ] --START--
INFO: Run Behavior\BuildLiteBehavior [ RunTime:0.000044s ]
INFO: [ app_init ] --END-- [ RunTime:0.000607s ]
ERR: 无法加载模块:Public

[ 2016-08-10T16:14:14+08:00 ] ::1 /yun/Public/Home/2016-08-10/57aacccd66d6b.png
INFO: [ app_init ] --START--
INFO: Run Behavior\BuildLiteBehavior [ RunTime:0.000039s ]
INFO: [ app_init ] --END-- [ RunTime:0.000514s ]
ERR: 无法加载模块:Public

[ 2016-08-10T16:14:14+08:00 ] ::1 /yun/Public/Home/rootPath2016-08-10/57aacdfc83c68.png
INFO: [ app_init ] --START--
INFO: Run Behavior\BuildLiteBehavior [ RunTime:0.000040s ]
INFO: [ app_init ] --END-- [ RunTime:0.000559s ]
ERR: 无法加载模块:Public

[ 2016-08-10T16:14:14+08:00 ] ::1 /yun/Public/Home/images2016-08-10/57aace346a28f.png
INFO: [ app_init ] --START--
INFO: Run Behavior\BuildLiteBehavior [ RunTime:0.000042s ]
INFO: [ app_init ] --END-- [ RunTime:0.000677s ]
ERR: 无法加载模块:Public

[ 2016-08-10T16:14:14+08:00 ] ::1 /yun/Public/Home/rootPath2016-08-10/57aacdfc83c68.png
INFO: [ app_init ] --START--
INFO: Run Behavior\BuildLiteBehavior [ RunTime:0.000043s ]
INFO: [ app_init ] --END-- [ RunTime:0.000574s ]
ERR: 无法加载模块:Public

[ 2016-08-10T16:14:14+08:00 ] ::1 /yun/Public/Home/images2016-08-10/57aace346a28f.png
INFO: [ app_init ] --START--
INFO: Run Behavior\BuildLiteBehavior [ RunTime:0.000047s ]
INFO: [ app_init ] --END-- [ RunTime:0.000643s ]
ERR: 无法加载模块:Public

[ 2016-08-10T16:14:14+08:00 ] ::1 /yun/Public/Home/2016-08-10/57aacccd66d6b.png
INFO: [ app_init ] --START--
INFO: Run Behavior\BuildLiteBehavior [ RunTime:0.000042s ]
INFO: [ app_init ] --END-- [ RunTime:0.000578s ]
ERR: 无法加载模块:Public

[ 2016-08-10T16:14:15+08:00 ] ::1 /yun/Public/Home/2016-08-10/57aacccd66d6b.png
INFO: [ app_init ] --START--
INFO: Run Behavior\BuildLiteBehavior [ RunTime:0.000040s ]
INFO: [ app_init ] --END-- [ RunTime:0.000506s ]
ERR: 无法加载模块:Public

[ 2016-08-10T16:14:15+08:00 ] ::1 /yun/Public/Home/images2016-08-10/57aace346a28f.png
INFO: [ app_init ] --START--
INFO: Run Behavior\BuildLiteBehavior [ RunTime:0.000045s ]
INFO: [ app_init ] --END-- [ RunTime:0.000675s ]
ERR: 无法加载模块:Public

[ 2016-08-10T16:14:15+08:00 ] ::1 /yun/Public/Home/rootPath2016-08-10/57aacdfc83c68.png
INFO: [ app_init ] --START--
INFO: Run Behavior\BuildLiteBehavior [ RunTime:0.000043s ]
INFO: [ app_init ] --END-- [ RunTime:0.000904s ]
ERR: 无法加载模块:Public

[ 2016-08-10T16:14:15+08:00 ] ::1 /yun/Public/Home/rootPath2016-08-10/57aacdfc83c68.png
INFO: [ app_init ] --START--
INFO: Run Behavior\BuildLiteBehavior [ RunTime:0.000041s ]
INFO: [ app_init ] --END-- [ RunTime:0.000532s ]
ERR: 无法加载模块:Public

[ 2016-08-10T16:14:15+08:00 ] ::1 /yun/Public/Home/images2016-08-10/57aace346a28f.png
INFO: [ app_init ] --START--
INFO: Run Behavior\BuildLiteBehavior [ RunTime:0.000041s ]
INFO: [ app_init ] --END-- [ RunTime:0.000608s ]
ERR: 无法加载模块:Public

[ 2016-08-10T16:14:15+08:00 ] ::1 /yun/Public/Home/2016-08-10/57aacccd66d6b.png
INFO: [ app_init ] --START--
INFO: Run Behavior\BuildLiteBehavior [ RunTime:0.000036s ]
INFO: [ app_init ] --END-- [ RunTime:0.000477s ]
ERR: 无法加载模块:Public

[ 2016-08-10T16:14:16+08:00 ] ::1 /yun/Public/Home/images2016-08-10/57aace346a28f.png
INFO: [ app_init ] --START--
INFO: Run Behavior\BuildLiteBehavior [ RunTime:0.000040s ]
INFO: [ app_init ] --END-- [ RunTime:0.000541s ]
ERR: 无法加载模块:Public

[ 2016-08-10T16:14:16+08:00 ] ::1 /yun/Public/Home/2016-08-10/57aacccd66d6b.png
INFO: [ app_init ] --START--
INFO: Run Behavior\BuildLiteBehavior [ RunTime:0.000053s ]
INFO: [ app_init ] --END-- [ RunTime:0.000959s ]
ERR: 无法加载模块:Public

[ 2016-08-10T16:14:16+08:00 ] ::1 /yun/Public/Home/rootPath2016-08-10/57aacdfc83c68.png
INFO: [ app_init ] --START--
INFO: Run Behavior\BuildLiteBehavior [ RunTime:0.000047s ]
INFO: [ app_init ] --END-- [ RunTime:0.000730s ]
ERR: 无法加载模块:Public

[ 2016-08-10T16:14:17+08:00 ] ::1 /yun/Public/Home/rootPath2016-08-10/57aacdfc83c68.png
INFO: [ app_init ] --START--
INFO: Run Behavior\BuildLiteBehavior [ RunTime:0.000041s ]
INFO: [ app_init ] --END-- [ RunTime:0.000568s ]
ERR: 无法加载模块:Public

[ 2016-08-10T16:14:17+08:00 ] ::1 /yun/Public/Home/2016-08-10/57aacccd66d6b.png
INFO: [ app_init ] --START--
INFO: Run Behavior\BuildLiteBehavior [ RunTime:0.000044s ]
INFO: [ app_init ] --END-- [ RunTime:0.000707s ]
ERR: 无法加载模块:Public

[ 2016-08-10T16:14:17+08:00 ] ::1 /yun/Public/Home/images2016-08-10/57aace346a28f.png
INFO: [ app_init ] --START--
INFO: Run Behavior\BuildLiteBehavior [ RunTime:0.000042s ]
INFO: [ app_init ] --END-- [ RunTime:0.000824s ]
ERR: 无法加载模块:Public

[ 2016-08-10T16:14:18+08:00 ] ::1 /yun/Public/Home/2016-08-10/57aacccd66d6b.png
INFO: [ app_init ] --START--
INFO: Run Behavior\BuildLiteBehavior [ RunTime:0.000041s ]
INFO: [ app_init ] --END-- [ RunTime:0.000519s ]
ERR: 无法加载模块:Public

[ 2016-08-10T16:14:18+08:00 ] ::1 /yun/Public/Home/rootPath2016-08-10/57aacdfc83c68.png
INFO: [ app_init ] --START--
INFO: Run Behavior\BuildLiteBehavior [ RunTime:0.000043s ]
INFO: [ app_init ] --END-- [ RunTime:0.000737s ]
ERR: 无法加载模块:Public

[ 2016-08-10T16:14:18+08:00 ] ::1 /yun/Public/Home/images2016-08-10/57aace346a28f.png
INFO: [ app_init ] --START--
INFO: Run Behavior\BuildLiteBehavior [ RunTime:0.000045s ]
INFO: [ app_init ] --END-- [ RunTime:0.000763s ]
ERR: 无法加载模块:Public

[ 2016-08-10T16:14:18+08:00 ] ::1 /yun/Public/Home/rootPath2016-08-10/57aacdfc83c68.png
INFO: [ app_init ] --START--
INFO: Run Behavior\BuildLiteBehavior [ RunTime:0.000041s ]
INFO: [ app_init ] --END-- [ RunTime:0.000532s ]
ERR: 无法加载模块:Public

[ 2016-08-10T16:14:18+08:00 ] ::1 /yun/Public/Home/images2016-08-10/57aace346a28f.png
INFO: [ app_init ] --START--
INFO: Run Behavior\BuildLiteBehavior [ RunTime:0.000043s ]
INFO: [ app_init ] --END-- [ RunTime:0.000603s ]
ERR: 无法加载模块:Public

[ 2016-08-10T16:14:18+08:00 ] ::1 /yun/Public/Home/2016-08-10/57aacccd66d6b.png
INFO: [ app_init ] --START--
INFO: Run Behavior\BuildLiteBehavior [ RunTime:0.000035s ]
INFO: [ app_init ] --END-- [ RunTime:0.000482s ]
ERR: 无法加载模块:Public

[ 2016-08-10T16:14:19+08:00 ] ::1 /yun/Public/Home/rootPath2016-08-10/57aacdfc83c68.png
INFO: [ app_init ] --START--
INFO: Run Behavior\BuildLiteBehavior [ RunTime:0.000040s ]
INFO: [ app_init ] --END-- [ RunTime:0.000523s ]
ERR: 无法加载模块:Public

[ 2016-08-10T16:14:19+08:00 ] ::1 /yun/Public/Home/images2016-08-10/57aace346a28f.png
INFO: [ app_init ] --START--
INFO: Run Behavior\BuildLiteBehavior [ RunTime:0.000043s ]
INFO: [ app_init ] --END-- [ RunTime:0.000830s ]
ERR: 无法加载模块:Public

[ 2016-08-10T16:14:19+08:00 ] ::1 /yun/Public/Home/2016-08-10/57aacccd66d6b.png
INFO: [ app_init ] --START--
INFO: Run Behavior\BuildLiteBehavior [ RunTime:0.000044s ]
INFO: [ app_init ] --END-- [ RunTime:0.000569s ]
ERR: 无法加载模块:Public

[ 2016-08-10T16:14:20+08:00 ] ::1 /yun/Public/Home/images2016-08-10/57aace346a28f.png
INFO: [ app_init ] --START--
INFO: Run Behavior\BuildLiteBehavior [ RunTime:0.000046s ]
INFO: [ app_init ] --END-- [ RunTime:0.000694s ]
ERR: 无法加载模块:Public

[ 2016-08-10T16:14:20+08:00 ] ::1 /yun/Public/Home/rootPath2016-08-10/57aacdfc83c68.png
INFO: [ app_init ] --START--
INFO: Run Behavior\BuildLiteBehavior [ RunTime:0.000041s ]
INFO: [ app_init ] --END-- [ RunTime:0.000624s ]
ERR: 无法加载模块:Public

[ 2016-08-10T16:14:20+08:00 ] ::1 /yun/Public/Home/2016-08-10/57aacccd66d6b.png
INFO: [ app_init ] --START--
INFO: Run Behavior\BuildLiteBehavior [ RunTime:0.000040s ]
INFO: [ app_init ] --END-- [ RunTime:0.000544s ]
ERR: 无法加载模块:Public

[ 2016-08-10T16:14:20+08:00 ] ::1 /yun/Public/Home/2016-08-10/57aacccd66d6b.png
INFO: [ app_init ] --START--
INFO: Run Behavior\BuildLiteBehavior [ RunTime:0.000041s ]
INFO: [ app_init ] --END-- [ RunTime:0.000508s ]
ERR: 无法加载模块:Public

[ 2016-08-10T16:14:20+08:00 ] ::1 /yun/Public/Home/rootPath2016-08-10/57aacdfc83c68.png
INFO: [ app_init ] --START--
INFO: Run Behavior\BuildLiteBehavior [ RunTime:0.000042s ]
INFO: [ app_init ] --END-- [ RunTime:0.000606s ]
ERR: 无法加载模块:Public

[ 2016-08-10T16:14:20+08:00 ] ::1 /yun/Public/Home/images2016-08-10/57aace346a28f.png
INFO: [ app_init ] --START--
INFO: Run Behavior\BuildLiteBehavior [ RunTime:0.000043s ]
INFO: [ app_init ] --END-- [ RunTime:0.000791s ]
ERR: 无法加载模块:Public

[ 2016-08-10T16:14:22+08:00 ] ::1 /yun/Public/Home/rootPath2016-08-10/57aacdfc83c68.png
INFO: [ app_init ] --START--
INFO: Run Behavior\BuildLiteBehavior [ RunTime:0.000040s ]
INFO: [ app_init ] --END-- [ RunTime:0.000522s ]
ERR: 无法加载模块:Public

[ 2016-08-10T16:14:22+08:00 ] ::1 /yun/Public/Home/images2016-08-10/57aace346a28f.png
INFO: [ app_init ] --START--
INFO: Run Behavior\BuildLiteBehavior [ RunTime:0.000044s ]
INFO: [ app_init ] --END-- [ RunTime:0.000521s ]
ERR: 无法加载模块:Public

[ 2016-08-10T16:14:22+08:00 ] ::1 /yun/Public/Home/2016-08-10/57aacccd66d6b.png
INFO: [ app_init ] --START--
INFO: Run Behavior\BuildLiteBehavior [ RunTime:0.000045s ]
INFO: [ app_init ] --END-- [ RunTime:0.000647s ]
ERR: 无法加载模块:Public

[ 2016-08-10T16:14:22+08:00 ] ::1 /yun/Public/Home/rootPath2016-08-10/57aacdfc83c68.png
INFO: [ app_init ] --START--
INFO: Run Behavior\BuildLiteBehavior [ RunTime:0.000040s ]
INFO: [ app_init ] --END-- [ RunTime:0.000525s ]
ERR: 无法加载模块:Public

[ 2016-08-10T16:14:22+08:00 ] ::1 /yun/Public/Home/images2016-08-10/57aace346a28f.png
INFO: [ app_init ] --START--
INFO: Run Behavior\BuildLiteBehavior [ RunTime:0.000042s ]
INFO: [ app_init ] --END-- [ RunTime:0.000630s ]
ERR: 无法加载模块:Public

[ 2016-08-10T16:14:22+08:00 ] ::1 /yun/Public/Home/2016-08-10/57aacccd66d6b.png
INFO: [ app_init ] --START--
INFO: Run Behavior\BuildLiteBehavior [ RunTime:0.000044s ]
INFO: [ app_init ] --END-- [ RunTime:0.000621s ]
ERR: 无法加载模块:Public

[ 2016-08-10T16:14:23+08:00 ] ::1 /yun/Public/Home/rootPath2016-08-10/57aacdfc83c68.png
INFO: [ app_init ] --START--
INFO: Run Behavior\BuildLiteBehavior [ RunTime:0.000039s ]
INFO: [ app_init ] --END-- [ RunTime:0.000569s ]
ERR: 无法加载模块:Public

[ 2016-08-10T16:14:23+08:00 ] ::1 /yun/Public/Home/images2016-08-10/57aace346a28f.png
INFO: [ app_init ] --START--
INFO: Run Behavior\BuildLiteBehavior [ RunTime:0.000041s ]
INFO: [ app_init ] --END-- [ RunTime:0.000566s ]
ERR: 无法加载模块:Public

[ 2016-08-10T16:14:23+08:00 ] ::1 /yun/Public/Home/2016-08-10/57aacccd66d6b.png
INFO: [ app_init ] --START--
INFO: Run Behavior\BuildLiteBehavior [ RunTime:0.000038s ]
INFO: [ app_init ] --END-- [ RunTime:0.000545s ]
ERR: 无法加载模块:Public

[ 2016-08-10T16:14:25+08:00 ] ::1 /yun/Public/Home/2016-08-10/57aacccd66d6b.png
INFO: [ app_init ] --START--
INFO: Run Behavior\BuildLiteBehavior [ RunTime:0.000041s ]
INFO: [ app_init ] --END-- [ RunTime:0.000612s ]
ERR: 无法加载模块:Public

[ 2016-08-10T16:14:25+08:00 ] ::1 /yun/Public/Home/images2016-08-10/57aace346a28f.png
INFO: [ app_init ] --START--
INFO: Run Behavior\BuildLiteBehavior [ RunTime:0.000041s ]
INFO: [ app_init ] --END-- [ RunTime:0.000531s ]
ERR: 无法加载模块:Public

[ 2016-08-10T16:14:25+08:00 ] ::1 /yun/Public/Home/rootPath2016-08-10/57aacdfc83c68.png
INFO: [ app_init ] --START--
INFO: Run Behavior\BuildLiteBehavior [ RunTime:0.000041s ]
INFO: [ app_init ] --END-- [ RunTime:0.000572s ]
ERR: 无法加载模块:Public

[ 2016-08-10T16:14:37+08:00 ] ::1 /yun/Public/Home/2016-08-10/57aacccd66d6b.png
INFO: [ app_init ] --START--
INFO: Run Behavior\BuildLiteBehavior [ RunTime:0.000046s ]
INFO: [ app_init ] --END-- [ RunTime:0.000774s ]
ERR: 无法加载模块:Public

[ 2016-08-10T16:14:37+08:00 ] ::1 /yun/Public/Home/rootPath2016-08-10/57aacdfc83c68.png
INFO: [ app_init ] --START--
INFO: Run Behavior\BuildLiteBehavior [ RunTime:0.000040s ]
INFO: [ app_init ] --END-- [ RunTime:0.000944s ]
ERR: 无法加载模块:Public

[ 2016-08-10T16:14:37+08:00 ] ::1 /yun/Public/Home/images2016-08-10/57aace346a28f.png
INFO: [ app_init ] --START--
INFO: Run Behavior\BuildLiteBehavior [ RunTime:0.000044s ]
INFO: [ app_init ] --END-- [ RunTime:0.000704s ]
ERR: 无法加载模块:Public

[ 2016-08-10T16:14:39+08:00 ] ::1 /yun/Public/Home/2016-08-10/57aacccd66d6b.png
INFO: [ app_init ] --START--
INFO: Run Behavior\BuildLiteBehavior [ RunTime:0.000044s ]
INFO: [ app_init ] --END-- [ RunTime:0.000636s ]
ERR: 无法加载模块:Public

[ 2016-08-10T16:14:39+08:00 ] ::1 /yun/Public/Home/rootPath2016-08-10/57aacdfc83c68.png
INFO: [ app_init ] --START--
INFO: Run Behavior\BuildLiteBehavior [ RunTime:0.000040s ]
INFO: [ app_init ] --END-- [ RunTime:0.000530s ]
ERR: 无法加载模块:Public

[ 2016-08-10T16:14:39+08:00 ] ::1 /yun/Public/Home/images2016-08-10/57aace346a28f.png
INFO: [ app_init ] --START--
INFO: Run Behavior\BuildLiteBehavior [ RunTime:0.000078s ]
INFO: [ app_init ] --END-- [ RunTime:0.000648s ]
ERR: 无法加载模块:Public

[ 2016-08-10T16:14:42+08:00 ] ::1 /yun/Public/Home/rootPath2016-08-10/57aacdfc83c68.png
INFO: [ app_init ] --START--
INFO: Run Behavior\BuildLiteBehavior [ RunTime:0.000040s ]
INFO: [ app_init ] --END-- [ RunTime:0.000830s ]
ERR: 无法加载模块:Public

[ 2016-08-10T16:14:42+08:00 ] ::1 /yun/Public/Home/images2016-08-10/57aace346a28f.png
INFO: [ app_init ] --START--
INFO: Run Behavior\BuildLiteBehavior [ RunTime:0.000044s ]
INFO: [ app_init ] --END-- [ RunTime:0.000576s ]
ERR: 无法加载模块:Public

[ 2016-08-10T16:14:42+08:00 ] ::1 /yun/Public/Home/2016-08-10/57aacccd66d6b.png
INFO: [ app_init ] --START--
INFO: Run Behavior\BuildLiteBehavior [ RunTime:0.000041s ]
INFO: [ app_init ] --END-- [ RunTime:0.000562s ]
ERR: 无法加载模块:Public

[ 2016-08-10T16:24:44+08:00 ] ::1 /yun/Public/Home/2016-08-10/57aacccd66d6b.png
INFO: [ app_init ] --START--
INFO: Run Behavior\BuildLiteBehavior [ RunTime:0.000038s ]
INFO: [ app_init ] --END-- [ RunTime:0.000500s ]
ERR: 无法加载模块:Public

[ 2016-08-10T16:24:44+08:00 ] ::1 /yun/Public/Home/images2016-08-10/57aace346a28f.png
INFO: [ app_init ] --START--
INFO: Run Behavior\BuildLiteBehavior [ RunTime:0.000045s ]
INFO: [ app_init ] --END-- [ RunTime:0.000690s ]
ERR: 无法加载模块:Public

[ 2016-08-10T16:24:44+08:00 ] ::1 /yun/Public/Home/rootPath2016-08-10/57aacdfc83c68.png
INFO: [ app_init ] --START--
INFO: Run Behavior\BuildLiteBehavior [ RunTime:0.000049s ]
INFO: [ app_init ] --END-- [ RunTime:0.000616s ]
ERR: 无法加载模块:Public

[ 2016-08-10T16:25:48+08:00 ] ::1 /yun/Public/Home/rootPath2016-08-10/57aacdfc83c68.png
INFO: [ app_init ] --START--
INFO: Run Behavior\BuildLiteBehavior [ RunTime:0.000041s ]
INFO: [ app_init ] --END-- [ RunTime:0.000585s ]
ERR: 无法加载模块:Public

[ 2016-08-10T16:25:48+08:00 ] ::1 /yun/Public/Home/images2016-08-10/57aace346a28f.png
INFO: [ app_init ] --START--
INFO: Run Behavior\BuildLiteBehavior [ RunTime:0.000043s ]
INFO: [ app_init ] --END-- [ RunTime:0.000752s ]
ERR: 无法加载模块:Public

[ 2016-08-10T16:25:48+08:00 ] ::1 /yun/Public/Home/2016-08-10/57aacccd66d6b.png
INFO: [ app_init ] --START--
INFO: Run Behavior\BuildLiteBehavior [ RunTime:0.000042s ]
INFO: [ app_init ] --END-- [ RunTime:0.000589s ]
ERR: 无法加载模块:Public

